<?xml version="1.0" encoding="UTF-8"?>
<testsuites name="Food_Service_Normal_Flow" time="175.555" tests="10" failures="0" errors="0">
   <testsuite name="Food_Service_Normal_Flow" tests="10" failures="0" errors="0" time="175.555" skipped="0" timestamp="10-09-2024T14:11:14" hostname="ShubhamKumarThakur - 192.168.1.7" id="Test Suites/Food_Service_Normal_Flow">
      <properties>
         <property name="deviceName" value=""/>
         <property name="devicePlatform"/>
         <property name="logFolder" value="C:\\Users\\ShubhamKumarThakur\\OneDrive - Kognivera\\Documents\\TotalPlay\\totalplay-automation\\Reports\\20240910_141104\\Food_Service_Normal_Flow\\20240910_141104"/>
         <property name="logFiles" value="C:\\Users\\ShubhamKumarThakur\\OneDrive - Kognivera\\Documents\\TotalPlay\\totalplay-automation\\Reports\\20240910_141104\\Food_Service_Normal_Flow\\20240910_141104\\execution0.log"/>
         <property name="attachments" value=""/>
         <property name="hostName" value="ShubhamKumarThakur - 192.168.1.7"/>
         <property name="hostAddress" value="192.168.1.7"/>
         <property name="os" value="Windows 10 64bit"/>
         <property name="katalonVersion" value="9.6.0.217"/>
      </properties>
      <testcase name="Test Cases/TotalPlay-Food/TC_1_Login_Service" time="11.583" classname="Test Cases/TotalPlay-Food/TC_1_Login_Service" status="PASSED">
         <system-out><![CDATA[10-09-2024T14:11:15 - [TEST_CASE][PASSED] - Test Cases/TotalPlay-Food/TC_1_Login_Service: Test Cases/TotalPlay-Food/TC_1_Login_Service

10-09-2024T14:11:17 - [TEST_STEP][PASSED] - LoginResponse = sendRequest(findTestObject("TotalPlay-Food/getTokenDelivery", ["URL":URL])): Send request successfully

10-09-2024T14:11:18 - [MESSAGE][INFO] - Finding Test Object 'Object Repository/TotalPlay-Food/getTokenDelivery'

10-09-2024T14:11:19 - [MESSAGE][INFO] - Checking request object

10-09-2024T14:11:26 - [MESSAGE][INFO] - HAR: C:\Users\ShubhamKumarThakur\OneDrive - Kognivera\Documents\TotalPlay\totalplay-automation\Reports\20240910_141104\Food_Service_Normal_Flow\20240910_141104\requests\main\0.har

10-09-2024T14:11:26 - [MESSAGE][PASSED] - Send request successfully

10-09-2024T14:11:26 - [TEST_STEP][PASSED] - totalplay.Common.printResponseinText(LoginResponse): totalplay.Common.printResponseinText is PASSED

10-09-2024T14:11:26 - [MESSAGE][PASSED] - totalplay.Common.printResponseinText is PASSED

10-09-2024T14:11:26 - [TEST_STEP][PASSED] - assert getResponseStatusCode(LoginResponse) == 200: Checking response object

10-09-2024T14:11:26 - [MESSAGE][INFO] - Checking response object

10-09-2024T14:11:26 - [TEST_STEP][PASSED] - Auth = "ocapiResponse.access_token": null

10-09-2024T14:11:26 - [TEST_STEP][PASSED] - FoodBascketId = "ocapiResponse.c_basketId_TP_FOOD": null

10-09-2024T14:11:26 - [TEST_STEP][PASSED] - FoodBasId = getElementPropertyValue(LoginResponse, FoodBascketId): Checking response object

10-09-2024T14:11:26 - [MESSAGE][INFO] - Checking response object

10-09-2024T14:11:26 - [TEST_STEP][PASSED] - sfccAuthorization = getElementPropertyValue(LoginResponse, Auth): Checking response object

10-09-2024T14:11:26 - [MESSAGE][INFO] - Checking response object

10-09-2024T14:11:26 - [TEST_STEP][PASSED] - Authorization = "Bearer " + sfccAuthorization: null

10-09-2024T14:11:26 - [TEST_STEP][PASSED] - FoodBasketId = FoodBasId: null

10-09-2024T14:11:26 - [TEST_STEP][PASSED] - logInfo(bm_auth_token): 

10-09-2024T14:11:26 - [MESSAGE][INFO] - 

10-09-2024T14:11:26 - [TEST_STEP][PASSED] - if (sfccAuthorization.length() == 0): null

10-09-2024T14:11:26 - [TEST_STEP][PASSED] - else: authorization generated

10-09-2024T14:11:26 - [TEST_STEP][PASSED] - markPassed("authorization generated"): authorization generated

10-09-2024T14:11:26 - [MESSAGE][PASSED] - authorization generated

10-09-2024T14:11:26 - [TEST_STEP][PASSED] - BasketId_loginResponse = "ocapiResponse.c_basketId": null

10-09-2024T14:11:26 - [TEST_STEP][PASSED] - CustomerId_loginResponse = "ocapiResponse.customer_id": null

10-09-2024T14:11:26 - [TEST_STEP][PASSED] - basketId = getElementPropertyValue(LoginResponse, BasketId_loginResponse): Checking response object

10-09-2024T14:11:26 - [MESSAGE][INFO] - Checking response object

10-09-2024T14:11:26 - [TEST_STEP][PASSED] - customerId = getElementPropertyValue(LoginResponse, CustomerId_loginResponse): Checking response object

10-09-2024T14:11:26 - [MESSAGE][INFO] - Checking response object

10-09-2024T14:11:26 - [TEST_STEP][PASSED] - basketID = basketId: null

10-09-2024T14:11:26 - [TEST_STEP][PASSED] - sla_customerId = customerId: null

10-09-2024T14:11:26 - [TEST_STEP][PASSED] - println(basketID): null

10-09-2024T14:11:26 - [TEST_STEP][PASSED] - println(sla_customerId): null

10-09-2024T14:11:26 - [TEST_STEP][PASSED] - refresh_token = "ocapiResponse.refresh_token": null

10-09-2024T14:11:26 - [TEST_STEP][PASSED] - customer_email = "ocapiResponse.customer_email": null

10-09-2024T14:11:26 - [TEST_STEP][PASSED] - c_brmId = "ocapiResponse.c_brmId": null

10-09-2024T14:11:26 - [TEST_STEP][PASSED] - customer_name = "ocapiResponse.customer_name": null

10-09-2024T14:11:26 - [TEST_STEP][PASSED] - totalplay.Common.verifyPropertyExist(LoginResponse, refresh_token): totalplay.Common.verifyPropertyExist is PASSED

10-09-2024T14:11:26 - [MESSAGE][INFO] - Checking response object

10-09-2024T14:11:26 - [MESSAGE][PASSED] - totalplay.Common.verifyPropertyExist is PASSED

10-09-2024T14:11:26 - [TEST_STEP][PASSED] - totalplay.Common.verifyPropertyValueExist(LoginResponse, refresh_token): totalplay.Common.verifyPropertyValueExist is PASSED

10-09-2024T14:11:26 - [MESSAGE][INFO] - Checking response object

10-09-2024T14:11:26 - [MESSAGE][INFO] - W48psykHHsHTwoi8lQMiPpuyBHpRie0FD9XPqYNxQlU

10-09-2024T14:11:26 - [MESSAGE][PASSED] - totalplay.Common.verifyPropertyValueExist is PASSED

10-09-2024T14:11:26 - [TEST_STEP][PASSED] - totalplay.Common.verifyPropertyExist(LoginResponse, customer_email): totalplay.Common.verifyPropertyExist is PASSED

10-09-2024T14:11:26 - [MESSAGE][INFO] - Checking response object

10-09-2024T14:11:26 - [MESSAGE][PASSED] - totalplay.Common.verifyPropertyExist is PASSED

10-09-2024T14:11:26 - [TEST_STEP][PASSED] - totalplay.Common.verifyPropertyValueExist(LoginResponse, customer_email): totalplay.Common.verifyPropertyValueExist is PASSED

10-09-2024T14:11:26 - [MESSAGE][INFO] - Checking response object

10-09-2024T14:11:26 - [MESSAGE][INFO] - productotpgoqa@totalplay.com.mx

10-09-2024T14:11:26 - [MESSAGE][PASSED] - totalplay.Common.verifyPropertyValueExist is PASSED

10-09-2024T14:11:26 - [TEST_STEP][PASSED] - totalplay.Common.verifyPropertyExist(LoginResponse, customer_name): totalplay.Common.verifyPropertyExist is PASSED

10-09-2024T14:11:26 - [MESSAGE][INFO] - Checking response object

10-09-2024T14:11:27 - [MESSAGE][PASSED] - totalplay.Common.verifyPropertyExist is PASSED

10-09-2024T14:11:27 - [TEST_STEP][PASSED] - totalplay.Common.verifyPropertyValueExist(LoginResponse, customer_name): totalplay.Common.verifyPropertyValueExist is PASSED

10-09-2024T14:11:27 - [MESSAGE][INFO] - Checking response object

10-09-2024T14:11:27 - [MESSAGE][INFO] - Pruebas Delivery y Marketplace Mitikah

10-09-2024T14:11:27 - [MESSAGE][PASSED] - totalplay.Common.verifyPropertyValueExist is PASSED

10-09-2024T14:11:27 - [TEST_STEP][PASSED] - totalplay.Common.verifyPropertyExist(LoginResponse, c_brmId): totalplay.Common.verifyPropertyExist is PASSED

10-09-2024T14:11:27 - [MESSAGE][INFO] - Checking response object

10-09-2024T14:11:27 - [MESSAGE][PASSED] - totalplay.Common.verifyPropertyExist is PASSED

10-09-2024T14:11:27 - [TEST_STEP][PASSED] - totalplay.Common.verifyPropertyValueExist(LoginResponse, c_brmId): totalplay.Common.verifyPropertyValueExist is PASSED

10-09-2024T14:11:27 - [MESSAGE][INFO] - Checking response object

10-09-2024T14:11:27 - [MESSAGE][INFO] - 0119504455

10-09-2024T14:11:27 - [MESSAGE][PASSED] - totalplay.Common.verifyPropertyValueExist is PASSED]]></system-out>
         <system-err><![CDATA[]]></system-err>
      </testcase>
      <testcase name="Test Cases/TotalPlay-Food/TC_2_Food_Store_Listing_Page_(SLP)" time="15.87" classname="Test Cases/TotalPlay-Food/TC_2_Food_Store_Listing_Page_(SLP)" status="PASSED">
         <system-out><![CDATA[10-09-2024T14:11:27 - [TEST_CASE][PASSED] - Test Cases/TotalPlay-Food/TC_2_Food_Store_Listing_Page_(SLP): Test Cases/TotalPlay-Food/TC_2_Food_Store_Listing_Page_(SLP)

10-09-2024T14:11:29 - [TEST_STEP][PASSED] - callTestCase(findTestCase("TotalPlay-Food/TC_1_Login_Service"), [:], STOP_ON_FAILURE): Call Test Case 'Test Cases/TotalPlay-Food/TC_1_Login_Service' successfully

10-09-2024T14:11:29 - [MESSAGE][INFO] - Checking called Test Case

10-09-2024T14:11:29 - [MESSAGE][INFO] - Starting to call Test Case 'Test Cases/TotalPlay-Food/TC_1_Login_Service'

10-09-2024T14:11:29 - [TEST_CASE][PASSED] - Test Cases/TotalPlay-Food/TC_1_Login_Service: Test Cases/TotalPlay-Food/TC_1_Login_Service

10-09-2024T14:11:29 - [TEST_STEP][PASSED] - LoginResponse = sendRequest(findTestObject("TotalPlay-Food/getTokenDelivery", ["URL":URL])): Send request successfully

10-09-2024T14:11:29 - [MESSAGE][INFO] - Finding Test Object 'Object Repository/TotalPlay-Food/getTokenDelivery'

10-09-2024T14:11:29 - [MESSAGE][INFO] - Checking request object

10-09-2024T14:11:32 - [MESSAGE][INFO] - HAR: C:\Users\ShubhamKumarThakur\OneDrive - Kognivera\Documents\TotalPlay\totalplay-automation\Reports\20240910_141104\Food_Service_Normal_Flow\20240910_141104\requests\main\1.har

10-09-2024T14:11:32 - [MESSAGE][PASSED] - Send request successfully

10-09-2024T14:11:32 - [TEST_STEP][PASSED] - totalplay.Common.printResponseinText(LoginResponse): totalplay.Common.printResponseinText is PASSED

10-09-2024T14:11:32 - [MESSAGE][PASSED] - totalplay.Common.printResponseinText is PASSED

10-09-2024T14:11:32 - [TEST_STEP][PASSED] - assert getResponseStatusCode(LoginResponse) == 200: Checking response object

10-09-2024T14:11:32 - [MESSAGE][INFO] - Checking response object

10-09-2024T14:11:32 - [TEST_STEP][PASSED] - Auth = "ocapiResponse.access_token": null

10-09-2024T14:11:32 - [TEST_STEP][PASSED] - FoodBascketId = "ocapiResponse.c_basketId_TP_FOOD": null

10-09-2024T14:11:32 - [TEST_STEP][PASSED] - FoodBasId = getElementPropertyValue(LoginResponse, FoodBascketId): Checking response object

10-09-2024T14:11:32 - [MESSAGE][INFO] - Checking response object

10-09-2024T14:11:32 - [TEST_STEP][PASSED] - sfccAuthorization = getElementPropertyValue(LoginResponse, Auth): Checking response object

10-09-2024T14:11:32 - [MESSAGE][INFO] - Checking response object

10-09-2024T14:11:32 - [TEST_STEP][PASSED] - Authorization = "Bearer " + sfccAuthorization: null

10-09-2024T14:11:32 - [TEST_STEP][PASSED] - FoodBasketId = FoodBasId: null

10-09-2024T14:11:32 - [TEST_STEP][PASSED] - logInfo(bm_auth_token): 

10-09-2024T14:11:32 - [MESSAGE][INFO] - 

10-09-2024T14:11:32 - [TEST_STEP][PASSED] - if (sfccAuthorization.length() == 0): null

10-09-2024T14:11:32 - [TEST_STEP][PASSED] - else: authorization generated

10-09-2024T14:11:32 - [TEST_STEP][PASSED] - markPassed("authorization generated"): authorization generated

10-09-2024T14:11:32 - [MESSAGE][PASSED] - authorization generated

10-09-2024T14:11:32 - [TEST_STEP][PASSED] - BasketId_loginResponse = "ocapiResponse.c_basketId": null

10-09-2024T14:11:32 - [TEST_STEP][PASSED] - CustomerId_loginResponse = "ocapiResponse.customer_id": null

10-09-2024T14:11:32 - [TEST_STEP][PASSED] - basketId = getElementPropertyValue(LoginResponse, BasketId_loginResponse): Checking response object

10-09-2024T14:11:32 - [MESSAGE][INFO] - Checking response object

10-09-2024T14:11:32 - [TEST_STEP][PASSED] - customerId = getElementPropertyValue(LoginResponse, CustomerId_loginResponse): Checking response object

10-09-2024T14:11:32 - [MESSAGE][INFO] - Checking response object

10-09-2024T14:11:33 - [TEST_STEP][PASSED] - basketID = basketId: null

10-09-2024T14:11:33 - [TEST_STEP][PASSED] - sla_customerId = customerId: null

10-09-2024T14:11:33 - [TEST_STEP][PASSED] - println(basketID): null

10-09-2024T14:11:33 - [TEST_STEP][PASSED] - println(sla_customerId): null

10-09-2024T14:11:33 - [TEST_STEP][PASSED] - refresh_token = "ocapiResponse.refresh_token": null

10-09-2024T14:11:33 - [TEST_STEP][PASSED] - customer_email = "ocapiResponse.customer_email": null

10-09-2024T14:11:33 - [TEST_STEP][PASSED] - c_brmId = "ocapiResponse.c_brmId": null

10-09-2024T14:11:33 - [TEST_STEP][PASSED] - customer_name = "ocapiResponse.customer_name": null

10-09-2024T14:11:33 - [TEST_STEP][PASSED] - totalplay.Common.verifyPropertyExist(LoginResponse, refresh_token): totalplay.Common.verifyPropertyExist is PASSED

10-09-2024T14:11:33 - [MESSAGE][INFO] - Checking response object

10-09-2024T14:11:33 - [MESSAGE][PASSED] - totalplay.Common.verifyPropertyExist is PASSED

10-09-2024T14:11:33 - [TEST_STEP][PASSED] - totalplay.Common.verifyPropertyValueExist(LoginResponse, refresh_token): totalplay.Common.verifyPropertyValueExist is PASSED

10-09-2024T14:11:33 - [MESSAGE][INFO] - Checking response object

10-09-2024T14:11:33 - [MESSAGE][INFO] - KLJg0HXzcUf6clg5H4esPe0Kt_arZkG4jo33T_ZcqLY

10-09-2024T14:11:33 - [MESSAGE][PASSED] - totalplay.Common.verifyPropertyValueExist is PASSED

10-09-2024T14:11:33 - [TEST_STEP][PASSED] - totalplay.Common.verifyPropertyExist(LoginResponse, customer_email): totalplay.Common.verifyPropertyExist is PASSED

10-09-2024T14:11:33 - [MESSAGE][INFO] - Checking response object

10-09-2024T14:11:33 - [MESSAGE][PASSED] - totalplay.Common.verifyPropertyExist is PASSED

10-09-2024T14:11:33 - [TEST_STEP][PASSED] - totalplay.Common.verifyPropertyValueExist(LoginResponse, customer_email): totalplay.Common.verifyPropertyValueExist is PASSED

10-09-2024T14:11:33 - [MESSAGE][INFO] - Checking response object

10-09-2024T14:11:33 - [MESSAGE][INFO] - productotpgoqa@totalplay.com.mx

10-09-2024T14:11:33 - [MESSAGE][PASSED] - totalplay.Common.verifyPropertyValueExist is PASSED

10-09-2024T14:11:33 - [TEST_STEP][PASSED] - totalplay.Common.verifyPropertyExist(LoginResponse, customer_name): totalplay.Common.verifyPropertyExist is PASSED

10-09-2024T14:11:33 - [MESSAGE][INFO] - Checking response object

10-09-2024T14:11:33 - [MESSAGE][PASSED] - totalplay.Common.verifyPropertyExist is PASSED

10-09-2024T14:11:33 - [TEST_STEP][PASSED] - totalplay.Common.verifyPropertyValueExist(LoginResponse, customer_name): totalplay.Common.verifyPropertyValueExist is PASSED

10-09-2024T14:11:33 - [MESSAGE][INFO] - Checking response object

10-09-2024T14:11:33 - [MESSAGE][INFO] - Pruebas Delivery y Marketplace Mitikah

10-09-2024T14:11:33 - [MESSAGE][PASSED] - totalplay.Common.verifyPropertyValueExist is PASSED

10-09-2024T14:11:33 - [TEST_STEP][PASSED] - totalplay.Common.verifyPropertyExist(LoginResponse, c_brmId): totalplay.Common.verifyPropertyExist is PASSED

10-09-2024T14:11:33 - [MESSAGE][INFO] - Checking response object

10-09-2024T14:11:33 - [MESSAGE][PASSED] - totalplay.Common.verifyPropertyExist is PASSED

10-09-2024T14:11:33 - [TEST_STEP][PASSED] - totalplay.Common.verifyPropertyValueExist(LoginResponse, c_brmId): totalplay.Common.verifyPropertyValueExist is PASSED

10-09-2024T14:11:33 - [MESSAGE][INFO] - Checking response object

10-09-2024T14:11:33 - [MESSAGE][INFO] - 0119504455

10-09-2024T14:11:33 - [MESSAGE][PASSED] - totalplay.Common.verifyPropertyValueExist is PASSED

10-09-2024T14:11:33 - [MESSAGE][PASSED] - Call Test Case 'Test Cases/TotalPlay-Food/TC_1_Login_Service' successfully

10-09-2024T14:11:33 - [TEST_STEP][PASSED] - FoodSLP = sendRequest(findTestObject("TotalPlay-Food/Food SLP", ["URL":URL])): Send request successfully

10-09-2024T14:11:33 - [MESSAGE][INFO] - Finding Test Object 'Object Repository/TotalPlay-Food/Food SLP'

10-09-2024T14:11:33 - [MESSAGE][INFO] - Checking request object

10-09-2024T14:11:35 - [MESSAGE][INFO] - HAR: C:\Users\ShubhamKumarThakur\OneDrive - Kognivera\Documents\TotalPlay\totalplay-automation\Reports\20240910_141104\Food_Service_Normal_Flow\20240910_141104\requests\main\2.har

10-09-2024T14:11:35 - [MESSAGE][PASSED] - Send request successfully

10-09-2024T14:11:35 - [TEST_STEP][PASSED] - verifyResponseStatusCode(FoodSLP, 200): Verify response status code successfully

10-09-2024T14:11:35 - [MESSAGE][INFO] - Checking response object

10-09-2024T14:11:35 - [MESSAGE][PASSED] - Verify response status code successfully

10-09-2024T14:11:35 - [TEST_STEP][PASSED] - pageId = "pageId": null

10-09-2024T14:11:35 - [TEST_STEP][PASSED] - pageTypeId = "pageTypeId": null

10-09-2024T14:11:35 - [TEST_STEP][PASSED] - pageTitle = "pageTitle": null

10-09-2024T14:11:35 - [TEST_STEP][PASSED] - components_0_componentTypeId = "components[0].componentTypeId": null

10-09-2024T14:11:35 - [TEST_STEP][PASSED] - components_0_componentType = "components[0].componentType": null

10-09-2024T14:11:35 - [TEST_STEP][PASSED] - components_0_bannerLayout = "components[0].bannerLayout": null

10-09-2024T14:11:35 - [TEST_STEP][PASSED] - components_0_textHeadline = "components[0].textHeadline": null

10-09-2024T14:11:35 - [TEST_STEP][PASSED] - components_0_componentAssets_0_componentTypeId = "components[0].componentAssets[0].componentTypeId": null

10-09-2024T14:11:35 - [TEST_STEP][PASSED] - components_0_componentAssets_0_componentType = "components[0].componentAssets[0].componentType": null

10-09-2024T14:11:35 - [TEST_STEP][PASSED] - components_0_componentAssets_0_image = "components[0].componentAssets[0].image": null

10-09-2024T14:11:35 - [TEST_STEP][PASSED] - components_0_componentAssets_0_bannerDesc = "components[0].componentAssets[0].bannerDesc": null

10-09-2024T14:11:35 - [TEST_STEP][PASSED] - components_0_componentAssets_0_isAgeRestricted = "components[0].componentAssets[0].isAgeRestricted": null

10-09-2024T14:11:35 - [TEST_STEP][PASSED] - components_0_componentAssets_0_link = "components[0].componentAssets[0].link": null

10-09-2024T14:11:35 - [TEST_STEP][PASSED] - components_0_componentAssets_0_storeSelector_value = "components[0].componentAssets[0].storeSelector.value": null

10-09-2024T14:11:35 - [TEST_STEP][PASSED] - components_0_componentAssets_0_bannerName = "components[0].componentAssets[0].bannerName": null

10-09-2024T14:11:35 - [TEST_STEP][PASSED] - components_0_componentAssets_0_linkType = "components[0].componentAssets[0].linkType": null

10-09-2024T14:11:35 - [TEST_STEP][PASSED] - components_0_componentAssets_0_storeId = "components[0].componentAssets[0].storeId": null

10-09-2024T14:11:35 - [TEST_STEP][PASSED] - components_0_componentAssets_0_promotion = "components[0].componentAssets[0].promotion": null

10-09-2024T14:11:35 - [TEST_STEP][PASSED] - components_0_componentAssets_0_storeName = "components[0].componentAssets[0].storeName": null

10-09-2024T14:11:35 - [TEST_STEP][PASSED] - components_0_componentAssets_0_ID = "components[0].componentAssets[0].ID": null

10-09-2024T14:11:35 - [TEST_STEP][PASSED] - components_0_componentAssets_0_corporateColorCode = "components[0].componentAssets[0].corporateColorCode": null

10-09-2024T14:11:35 - [TEST_STEP][PASSED] - components_0_componentAssets_0_deliveryTime = "components[0].componentAssets[0].deliveryTime": null

10-09-2024T14:11:35 - [TEST_STEP][PASSED] - components_0_componentAssets_0_positionAfter = "components[0].componentAssets[0].positionAfter": null

10-09-2024T14:11:35 - [TEST_STEP][PASSED] - components_1_componentTypeId = "components[1].componentTypeId": null

10-09-2024T14:11:35 - [TEST_STEP][PASSED] - components_1_componentType = "components[1].componentType": null

10-09-2024T14:11:35 - [TEST_STEP][PASSED] - components_1_groupingName = "components[1].groupingName": null

10-09-2024T14:11:35 - [TEST_STEP][PASSED] - components_1_sort = "components[1].sort": null

10-09-2024T14:11:35 - [TEST_STEP][PASSED] - components_1_componentAssets = "components[1].componentAssets": null

10-09-2024T14:11:35 - [TEST_STEP][PASSED] - components_1_componentAssets_0_componentTypeId = "components[1].componentAssets[0].componentTypeId": null

10-09-2024T14:11:35 - [TEST_STEP][PASSED] - components_1_componentAssets_0_componentType = "components[1].componentAssets[0].componentType": null

10-09-2024T14:11:35 - [TEST_STEP][PASSED] - components_1_componentAssets_0_category = "components[1].componentAssets[0].category": null

10-09-2024T14:11:35 - [TEST_STEP][PASSED] - components_1_componentAssets_0_name = "components[1].componentAssets[0].name": null

10-09-2024T14:11:35 - [TEST_STEP][PASSED] - components_1_componentAssets_0_id = "components[1].componentAssets[0].id": null

10-09-2024T14:11:35 - [TEST_STEP][PASSED] - components_1_componentAssets_0_image = "components[1].componentAssets[0].image": null

10-09-2024T14:11:35 - [TEST_STEP][PASSED] - components_1_componentAssets_0_url = "components[1].componentAssets[0].url": null

10-09-2024T14:11:35 - [TEST_STEP][PASSED] - components_1_componentAssets_0_linkType = "components[1].componentAssets[0].linkType": null

10-09-2024T14:11:35 - [TEST_STEP][PASSED] - components_2_viewType = "components[2].viewType": null

10-09-2024T14:11:35 - [TEST_STEP][PASSED] - components_2_heading = "components[2].heading": null

10-09-2024T14:11:35 - [TEST_STEP][PASSED] - components_2_linesToDisplay = "components[2].linesToDisplay": null

10-09-2024T14:11:35 - [TEST_STEP][PASSED] - components_2_componentAssets_0_storeList_0_categories_0_name = "components[2].componentAssets[0].storeList[0].categories[0].name": null

10-09-2024T14:11:35 - [TEST_STEP][PASSED] - components_2_componentAssets_0_storeList_0_categories_0_id = "components[2].componentAssets[0].storeList[0].categories[0].id": null

10-09-2024T14:11:35 - [TEST_STEP][PASSED] - components_2_componentAssets_0_storeList_0_categories_0_image = "components[2].componentAssets[0].storeList[0].categories[0].image": null

10-09-2024T14:11:35 - [TEST_STEP][PASSED] - components_2_componentAssets_0_storeList_0_categories_0_url = "components[2].componentAssets[0].storeList[0].categories[0].url": null

10-09-2024T14:11:35 - [TEST_STEP][PASSED] - components_2_componentAssets_0_storeList_0_categories_0_isLeaf = "components[2].componentAssets[0].storeList[0].categories[0].isLeaf": null

10-09-2024T14:11:35 - [TEST_STEP][PASSED] - components_2_componentAssets_0_storeList_0_ratings = "components[2].componentAssets[0].storeList[0].ratings": null

10-09-2024T14:11:35 - [TEST_STEP][PASSED] - components_2_componentAssets_0_storeList_0_isInRange = "components[2].componentAssets[0].storeList[0].isInRange": null

10-09-2024T14:11:35 - [TEST_STEP][PASSED] - components_2_componentAssets_0_storeList_0_storeOpen = "components[2].componentAssets[0].storeList[0].storeOpen": null

10-09-2024T14:11:35 - [TEST_STEP][PASSED] - components_2_componentAssets_0_storeList_0_OpenHrs = "components[2].componentAssets[0].storeList[0].OpenHrs": null

10-09-2024T14:11:35 - [TEST_STEP][PASSED] - components_2_componentAssets_0_storeList_0_OpenHrs_time_0_openingTime = "components[2].componentAssets[0].storeList[0].OpenHrs.time[0].openingTime": null

10-09-2024T14:11:35 - [TEST_STEP][PASSED] - components_2_componentAssets_0_storeList_0_OpenHrs_time_0_closingTime = "components[2].componentAssets[0].storeList[0].OpenHrs.time[0].closingTime": null

10-09-2024T14:11:35 - [TEST_STEP][PASSED] - components_2_componentAssets_0_storeList_0_OpenHrs_closed = "components[2].componentAssets[0].storeList[0].OpenHrs.closed": null

10-09-2024T14:11:35 - [TEST_STEP][PASSED] - components_2_componentAssets_0_storeList_0_OpenHrs_day = "components[2].componentAssets[0].storeList[0].OpenHrs.day": null

10-09-2024T14:11:35 - [TEST_STEP][PASSED] - components_2_componentAssets_0_storeList_0_link = "components[2].componentAssets[0].storeList[0].link": null

10-09-2024T14:11:35 - [TEST_STEP][PASSED] - components_2_componentAssets_0_storeList_0_linkType = "components[2].componentAssets[0].storeList[0].linkType": null

10-09-2024T14:11:35 - [TEST_STEP][PASSED] - components_2_componentAssets_0_storeList_0_ondemandEDD = "components[2].componentAssets[0].storeList[0].ondemandEDD": null

10-09-2024T14:11:35 - [TEST_STEP][PASSED] - components_2_componentAssets_1_componentTypeId = "components[2].componentAssets[1].componentTypeId": null

10-09-2024T14:11:35 - [TEST_STEP][PASSED] - components_2_componentAssets_1_componentType = "components[2].componentAssets[1].componentType": null

10-09-2024T14:11:35 - [TEST_STEP][PASSED] - components_2_componentAssets_1_storeSelector_value = "components[2].componentAssets[1].storeSelector.value": null

10-09-2024T14:11:35 - [TEST_STEP][PASSED] - components_2_componentAssets_1_linkType = "components[2].componentAssets[1].linkType": null

10-09-2024T14:11:35 - [TEST_STEP][PASSED] - components_2_componentAssets_1_nodesLength = "components[2].componentAssets[1].nodesLength": null

10-09-2024T14:11:35 - [TEST_STEP][PASSED] - components_2_componentAssets_1_link = "components[2].componentAssets[1].link": null

10-09-2024T14:11:35 - [TEST_STEP][PASSED] - components_2_componentAssets_1_storeList_0_ID = "components[2].componentAssets[1].storeList[0].ID": null

10-09-2024T14:11:35 - [TEST_STEP][PASSED] - components_2_componentAssets_1_storeList_0_name = "components[2].componentAssets[1].storeList[0].name": null

10-09-2024T14:11:35 - [TEST_STEP][PASSED] - components_2_componentAssets_1_storeList_0_logo = "components[2].componentAssets[1].storeList[0].logo": null

10-09-2024T14:11:35 - [TEST_STEP][PASSED] - components_2_componentAssets_1_storeList_0_bannerImage = "components[2].componentAssets[1].storeList[0].bannerImage": null

10-09-2024T14:11:35 - [TEST_STEP][PASSED] - components_2_componentAssets_1_storeList_0_corporateColorCode = "components[2].componentAssets[1].storeList[0].corporateColorCode": null

10-09-2024T14:11:35 - [TEST_STEP][PASSED] - components_2_componentAssets_1_storeList_0_corporateName = "components[2].componentAssets[1].storeList[0].corporateName": null

10-09-2024T14:11:35 - [TEST_STEP][PASSED] - components_2_componentAssets_1_storeList_0_isInRange = "components[2].componentAssets[1].storeList[0].isInRange": null

10-09-2024T14:11:35 - [TEST_STEP][PASSED] - components_2_componentAssets_1_storeList_0_storeOpen = "components[2].componentAssets[1].storeList[0].storeOpen": null

10-09-2024T14:11:35 - [TEST_STEP][PASSED] - components_2_componentAssets_1_storeList_0_link = "components[2].componentAssets[1].storeList[0].link": null

10-09-2024T14:11:35 - [TEST_STEP][PASSED] - components_2_componentAssets_1_storeList_0_linkType = "components[2].componentAssets[1].storeList[0].linkType": null

10-09-2024T14:11:35 - [TEST_STEP][PASSED] - components_2_componentAssets_1_storeList_0_ondemandEDD = "components[2].componentAssets[1].storeList[0].ondemandEDD": null

10-09-2024T14:11:35 - [TEST_STEP][PASSED] - components_3_carouselHeading = "components[3].carouselHeading": null

10-09-2024T14:11:35 - [TEST_STEP][PASSED] - components_3_viewType = "components[3].viewType": null

10-09-2024T14:11:35 - [TEST_STEP][PASSED] - components_3_linesToDisplay = "components[3].linesToDisplay": null

10-09-2024T14:11:35 - [TEST_STEP][PASSED] - components_3_heading = "components[3].heading": null

10-09-2024T14:11:35 - [TEST_STEP][PASSED] - components_3_componentAssets = "components[3].componentAssets": null

10-09-2024T14:11:35 - [TEST_STEP][PASSED] - components_3_componentAssets_0 = "components[3].componentAssets[0]": null

10-09-2024T14:11:35 - [TEST_STEP][PASSED] - totalplay.Common.verifyPropertyExist(FoodSLP, pageId): totalplay.Common.verifyPropertyExist is PASSED

10-09-2024T14:11:35 - [MESSAGE][INFO] - Checking response object

10-09-2024T14:11:35 - [MESSAGE][PASSED] - totalplay.Common.verifyPropertyExist is PASSED

10-09-2024T14:11:35 - [TEST_STEP][PASSED] - totalplay.Common.verifyPropertyValueExist(FoodSLP, pageId): totalplay.Common.verifyPropertyValueExist is PASSED

10-09-2024T14:11:35 - [MESSAGE][INFO] - Checking response object

10-09-2024T14:11:35 - [MESSAGE][INFO] - storelistingpage

10-09-2024T14:11:35 - [MESSAGE][PASSED] - totalplay.Common.verifyPropertyValueExist is PASSED

10-09-2024T14:11:35 - [TEST_STEP][PASSED] - totalplay.Common.verifyPropertyExist(FoodSLP, pageTypeId): totalplay.Common.verifyPropertyExist is PASSED

10-09-2024T14:11:35 - [MESSAGE][INFO] - Checking response object

10-09-2024T14:11:35 - [MESSAGE][PASSED] - totalplay.Common.verifyPropertyExist is PASSED

10-09-2024T14:11:35 - [TEST_STEP][PASSED] - totalplay.Common.verifyPropertyValueExist(FoodSLP, pageTypeId): totalplay.Common.verifyPropertyValueExist is PASSED

10-09-2024T14:11:35 - [MESSAGE][INFO] - Checking response object

10-09-2024T14:11:35 - [MESSAGE][INFO] - FoodStoreListing

10-09-2024T14:11:35 - [MESSAGE][PASSED] - totalplay.Common.verifyPropertyValueExist is PASSED

10-09-2024T14:11:35 - [TEST_STEP][PASSED] - totalplay.Common.verifyPropertyExist(FoodSLP, pageTitle): totalplay.Common.verifyPropertyExist is PASSED

10-09-2024T14:11:35 - [MESSAGE][INFO] - Checking response object

10-09-2024T14:11:36 - [MESSAGE][PASSED] - totalplay.Common.verifyPropertyExist is PASSED

10-09-2024T14:11:36 - [TEST_STEP][PASSED] - totalplay.Common.verifyPropertyValueExist(FoodSLP, pageTitle): totalplay.Common.verifyPropertyValueExist is PASSED

10-09-2024T14:11:36 - [MESSAGE][INFO] - Checking response object

10-09-2024T14:11:36 - [MESSAGE][INFO] - Store Listing Page (SLP) - Resturant

10-09-2024T14:11:36 - [MESSAGE][PASSED] - totalplay.Common.verifyPropertyValueExist is PASSED

10-09-2024T14:11:36 - [TEST_STEP][PASSED] - totalplay.Common.verifyPropertyExist(FoodSLP, components_0_componentTypeId): totalplay.Common.verifyPropertyExist is PASSED

10-09-2024T14:11:36 - [MESSAGE][INFO] - Checking response object

10-09-2024T14:11:36 - [MESSAGE][PASSED] - totalplay.Common.verifyPropertyExist is PASSED

10-09-2024T14:11:36 - [TEST_STEP][PASSED] - totalplay.Common.verifyPropertyValueExist(FoodSLP, components_0_componentTypeId): totalplay.Common.verifyPropertyValueExist is PASSED

10-09-2024T14:11:36 - [MESSAGE][INFO] - Checking response object

10-09-2024T14:11:36 - [MESSAGE][INFO] - commerce_layouts.FoodHomeCarousel

10-09-2024T14:11:36 - [MESSAGE][PASSED] - totalplay.Common.verifyPropertyValueExist is PASSED

10-09-2024T14:11:36 - [TEST_STEP][PASSED] - totalplay.Common.verifyPropertyExist(FoodSLP, components_0_componentType): totalplay.Common.verifyPropertyExist is PASSED

10-09-2024T14:11:36 - [MESSAGE][INFO] - Checking response object

10-09-2024T14:11:36 - [MESSAGE][PASSED] - totalplay.Common.verifyPropertyExist is PASSED

10-09-2024T14:11:36 - [TEST_STEP][PASSED] - totalplay.Common.verifyPropertyValueExist(FoodSLP, components_0_componentType): totalplay.Common.verifyPropertyValueExist is PASSED

10-09-2024T14:11:36 - [MESSAGE][INFO] - Checking response object

10-09-2024T14:11:36 - [MESSAGE][INFO] - commerce_layouts

10-09-2024T14:11:36 - [MESSAGE][PASSED] - totalplay.Common.verifyPropertyValueExist is PASSED

10-09-2024T14:11:36 - [TEST_STEP][PASSED] - totalplay.Common.verifyPropertyExist(FoodSLP, components_0_bannerLayout): totalplay.Common.verifyPropertyExist is PASSED

10-09-2024T14:11:36 - [MESSAGE][INFO] - Checking response object

10-09-2024T14:11:36 - [MESSAGE][PASSED] - totalplay.Common.verifyPropertyExist is PASSED

10-09-2024T14:11:36 - [TEST_STEP][PASSED] - totalplay.Common.verifyPropertyValueExist(FoodSLP, components_0_bannerLayout): totalplay.Common.verifyPropertyValueExist is PASSED

10-09-2024T14:11:36 - [MESSAGE][INFO] - Checking response object

10-09-2024T14:11:36 - [MESSAGE][INFO] - hero display

10-09-2024T14:11:36 - [MESSAGE][PASSED] - totalplay.Common.verifyPropertyValueExist is PASSED

10-09-2024T14:11:36 - [TEST_STEP][PASSED] - totalplay.Common.verifyPropertyExist(FoodSLP, components_0_textHeadline): totalplay.Common.verifyPropertyExist is PASSED

10-09-2024T14:11:36 - [MESSAGE][INFO] - Checking response object

10-09-2024T14:11:36 - [MESSAGE][PASSED] - totalplay.Common.verifyPropertyExist is PASSED

10-09-2024T14:11:36 - [TEST_STEP][PASSED] - totalplay.Common.verifyPropertyValueExist(FoodSLP, components_0_textHeadline): totalplay.Common.verifyPropertyValueExist is PASSED

10-09-2024T14:11:36 - [MESSAGE][INFO] - Checking response object

10-09-2024T14:11:36 - [MESSAGE][INFO] - Hero Banner

10-09-2024T14:11:36 - [MESSAGE][PASSED] - totalplay.Common.verifyPropertyValueExist is PASSED

10-09-2024T14:11:36 - [TEST_STEP][PASSED] - totalplay.Common.verifyPropertyExist(FoodSLP, components_0_componentAssets_0_componentTypeId): totalplay.Common.verifyPropertyExist is PASSED

10-09-2024T14:11:36 - [MESSAGE][INFO] - Checking response object

10-09-2024T14:11:36 - [MESSAGE][PASSED] - totalplay.Common.verifyPropertyExist is PASSED

10-09-2024T14:11:36 - [TEST_STEP][PASSED] - totalplay.Common.verifyPropertyValueExist(FoodSLP, components_0_componentAssets_0_componentTypeId): totalplay.Common.verifyPropertyValueExist is PASSED

10-09-2024T14:11:36 - [MESSAGE][INFO] - Checking response object

10-09-2024T14:11:37 - [MESSAGE][INFO] - commerce_assets.FoodHomeBanner

10-09-2024T14:11:37 - [MESSAGE][PASSED] - totalplay.Common.verifyPropertyValueExist is PASSED

10-09-2024T14:11:37 - [TEST_STEP][PASSED] - totalplay.Common.verifyPropertyExist(FoodSLP, components_0_componentAssets_0_componentType): totalplay.Common.verifyPropertyExist is PASSED

10-09-2024T14:11:37 - [MESSAGE][INFO] - Checking response object

10-09-2024T14:11:37 - [MESSAGE][PASSED] - totalplay.Common.verifyPropertyExist is PASSED

10-09-2024T14:11:37 - [TEST_STEP][PASSED] - totalplay.Common.verifyPropertyValueExist(FoodSLP, components_0_componentAssets_0_componentType): totalplay.Common.verifyPropertyValueExist is PASSED

10-09-2024T14:11:37 - [MESSAGE][INFO] - Checking response object

10-09-2024T14:11:37 - [MESSAGE][INFO] - commerce_assets

10-09-2024T14:11:37 - [MESSAGE][PASSED] - totalplay.Common.verifyPropertyValueExist is PASSED

10-09-2024T14:11:37 - [TEST_STEP][PASSED] - totalplay.Common.verifyPropertyExist(FoodSLP, components_0_componentAssets_0_image): totalplay.Common.verifyPropertyExist is PASSED

10-09-2024T14:11:37 - [MESSAGE][INFO] - Checking response object

10-09-2024T14:11:37 - [MESSAGE][PASSED] - totalplay.Common.verifyPropertyExist is PASSED

10-09-2024T14:11:37 - [TEST_STEP][PASSED] - totalplay.Common.verifyPropertyValueExist(FoodSLP, components_0_componentAssets_0_image): totalplay.Common.verifyPropertyValueExist is PASSED

10-09-2024T14:11:37 - [MESSAGE][INFO] - Checking response object

10-09-2024T14:11:37 - [MESSAGE][INFO] - https://edge.disstg.commercecloud.salesforce.com/dw/image/v2/BJCL_STG/on/demandware.static/-/Sites-TP-FOOD-Library/default/dwbfa9986a/Hero_Dynasty.png

10-09-2024T14:11:37 - [MESSAGE][PASSED] - totalplay.Common.verifyPropertyValueExist is PASSED

10-09-2024T14:11:37 - [TEST_STEP][PASSED] - totalplay.Common.verifyPropertyExist(FoodSLP, components_0_componentAssets_0_image): totalplay.Common.verifyPropertyExist is PASSED

10-09-2024T14:11:37 - [MESSAGE][INFO] - Checking response object

10-09-2024T14:11:37 - [MESSAGE][PASSED] - totalplay.Common.verifyPropertyExist is PASSED

10-09-2024T14:11:37 - [TEST_STEP][PASSED] - totalplay.Common.verifyPropertyValueExist(FoodSLP, components_0_componentAssets_0_image): totalplay.Common.verifyPropertyValueExist is PASSED

10-09-2024T14:11:37 - [MESSAGE][INFO] - Checking response object

10-09-2024T14:11:37 - [MESSAGE][INFO] - https://edge.disstg.commercecloud.salesforce.com/dw/image/v2/BJCL_STG/on/demandware.static/-/Sites-TP-FOOD-Library/default/dwbfa9986a/Hero_Dynasty.png

10-09-2024T14:11:37 - [MESSAGE][PASSED] - totalplay.Common.verifyPropertyValueExist is PASSED

10-09-2024T14:11:37 - [TEST_STEP][PASSED] - totalplay.Common.getBooleanValueofObject(FoodSLP, components_0_componentAssets_0_bannerDesc): totalplay.Common.getBooleanValueofObject is PASSED

10-09-2024T14:11:37 - [MESSAGE][INFO] - Checking response object

10-09-2024T14:11:37 - [MESSAGE][PASSED] - totalplay.Common.getBooleanValueofObject is PASSED

10-09-2024T14:11:37 - [TEST_STEP][PASSED] - totalplay.Common.verifyPropertyExist(FoodSLP, components_0_componentAssets_0_link): totalplay.Common.verifyPropertyExist is PASSED

10-09-2024T14:11:37 - [MESSAGE][INFO] - Checking response object

10-09-2024T14:11:37 - [MESSAGE][PASSED] - totalplay.Common.verifyPropertyExist is PASSED

10-09-2024T14:11:37 - [TEST_STEP][PASSED] - totalplay.Common.verifyPropertyValueExist(FoodSLP, components_0_componentAssets_0_link): totalplay.Common.verifyPropertyValueExist is PASSED

10-09-2024T14:11:37 - [MESSAGE][INFO] - Checking response object

10-09-2024T14:11:37 - [MESSAGE][INFO] - /on/demandware.store/Sites-TP-FOOD-Site/es/OnDemand-Show?corporateName=Dynasty

10-09-2024T14:11:37 - [MESSAGE][PASSED] - totalplay.Common.verifyPropertyValueExist is PASSED

10-09-2024T14:11:37 - [TEST_STEP][PASSED] - totalplay.Common.verifyPropertyExist(FoodSLP, components_0_componentAssets_0_storeSelector_value): totalplay.Common.verifyPropertyExist is PASSED

10-09-2024T14:11:37 - [MESSAGE][INFO] - Checking response object

10-09-2024T14:11:37 - [MESSAGE][PASSED] - totalplay.Common.verifyPropertyExist is PASSED

10-09-2024T14:11:37 - [TEST_STEP][PASSED] - totalplay.Common.verifyPropertyValueExist(FoodSLP, components_0_componentAssets_0_storeSelector_value): totalplay.Common.verifyPropertyValueExist is PASSED

10-09-2024T14:11:37 - [MESSAGE][INFO] - Checking response object

10-09-2024T14:11:38 - [MESSAGE][INFO] - 6717,

10-09-2024T14:11:38 - [MESSAGE][PASSED] - totalplay.Common.verifyPropertyValueExist is PASSED

10-09-2024T14:11:38 - [TEST_STEP][PASSED] - totalplay.Common.verifyPropertyExist(FoodSLP, components_0_componentAssets_0_bannerName): totalplay.Common.verifyPropertyExist is PASSED

10-09-2024T14:11:38 - [MESSAGE][INFO] - Checking response object

10-09-2024T14:11:38 - [MESSAGE][PASSED] - totalplay.Common.verifyPropertyExist is PASSED

10-09-2024T14:11:38 - [TEST_STEP][PASSED] - totalplay.Common.verifyPropertyValueExist(FoodSLP, components_0_componentAssets_0_bannerName): totalplay.Common.verifyPropertyValueExist is PASSED

10-09-2024T14:11:38 - [MESSAGE][INFO] - Checking response object

10-09-2024T14:11:38 - [MESSAGE][INFO] - DYNASTY

10-09-2024T14:11:38 - [MESSAGE][PASSED] - totalplay.Common.verifyPropertyValueExist is PASSED

10-09-2024T14:11:38 - [TEST_STEP][PASSED] - totalplay.Common.verifyPropertyExist(FoodSLP, components_0_componentAssets_0_linkType): totalplay.Common.verifyPropertyExist is PASSED

10-09-2024T14:11:38 - [MESSAGE][INFO] - Checking response object

10-09-2024T14:11:38 - [MESSAGE][PASSED] - totalplay.Common.verifyPropertyExist is PASSED

10-09-2024T14:11:38 - [TEST_STEP][PASSED] - totalplay.Common.verifyPropertyValueExist(FoodSLP, components_0_componentAssets_0_linkType): totalplay.Common.verifyPropertyValueExist is PASSED

10-09-2024T14:11:38 - [MESSAGE][INFO] - Checking response object

10-09-2024T14:11:38 - [MESSAGE][INFO] - PLP

10-09-2024T14:11:38 - [MESSAGE][PASSED] - totalplay.Common.verifyPropertyValueExist is PASSED

10-09-2024T14:11:38 - [TEST_STEP][PASSED] - totalplay.Common.verifyPropertyExist(FoodSLP, components_0_componentAssets_0_linkType): totalplay.Common.verifyPropertyExist is PASSED

10-09-2024T14:11:38 - [MESSAGE][INFO] - Checking response object

10-09-2024T14:11:38 - [MESSAGE][PASSED] - totalplay.Common.verifyPropertyExist is PASSED

10-09-2024T14:11:38 - [TEST_STEP][PASSED] - totalplay.Common.verifyPropertyValueExist(FoodSLP, components_0_componentAssets_0_linkType): totalplay.Common.verifyPropertyValueExist is PASSED

10-09-2024T14:11:38 - [MESSAGE][INFO] - Checking response object

10-09-2024T14:11:38 - [MESSAGE][INFO] - PLP

10-09-2024T14:11:38 - [MESSAGE][PASSED] - totalplay.Common.verifyPropertyValueExist is PASSED

10-09-2024T14:11:38 - [TEST_STEP][PASSED] - totalplay.Common.verifyPropertyExist(FoodSLP, components_0_componentAssets_0_storeName): totalplay.Common.verifyPropertyExist is PASSED

10-09-2024T14:11:38 - [MESSAGE][INFO] - Checking response object

10-09-2024T14:11:38 - [MESSAGE][PASSED] - totalplay.Common.verifyPropertyExist is PASSED

10-09-2024T14:11:38 - [TEST_STEP][PASSED] - totalplay.Common.verifyPropertyValueExist(FoodSLP, components_0_componentAssets_0_storeName): totalplay.Common.verifyPropertyValueExist is PASSED

10-09-2024T14:11:38 - [MESSAGE][INFO] - Checking response object

10-09-2024T14:11:38 - [MESSAGE][INFO] - DYNASTY

10-09-2024T14:11:38 - [MESSAGE][PASSED] - totalplay.Common.verifyPropertyValueExist is PASSED

10-09-2024T14:11:38 - [TEST_STEP][PASSED] - totalplay.Common.verifyPropertyValueEmptyString(FoodSLP, components_0_componentAssets_0_corporateColorCode): totalplay.Common.verifyPropertyValueEmptyString is PASSED

10-09-2024T14:11:38 - [MESSAGE][INFO] - Checking response object

10-09-2024T14:11:38 - [MESSAGE][INFO] - 

10-09-2024T14:11:38 - [MESSAGE][PASSED] - totalplay.Common.verifyPropertyValueEmptyString is PASSED

10-09-2024T14:11:38 - [TEST_STEP][PASSED] - totalplay.Common.verifyPropertyValueEmptyString(FoodSLP, components_0_componentAssets_0_deliveryTime): totalplay.Common.verifyPropertyValueEmptyString is PASSED

10-09-2024T14:11:38 - [MESSAGE][INFO] - Checking response object

10-09-2024T14:11:38 - [MESSAGE][INFO] - 

10-09-2024T14:11:38 - [MESSAGE][PASSED] - totalplay.Common.verifyPropertyValueEmptyString is PASSED

10-09-2024T14:11:38 - [TEST_STEP][PASSED] - totalplay.Common.verifyPropertyValueEmptyString(FoodSLP, components_0_componentAssets_0_positionAfter): totalplay.Common.verifyPropertyValueEmptyString is PASSED

10-09-2024T14:11:38 - [MESSAGE][INFO] - Checking response object

10-09-2024T14:11:38 - [MESSAGE][INFO] - 

10-09-2024T14:11:38 - [MESSAGE][PASSED] - totalplay.Common.verifyPropertyValueEmptyString is PASSED

10-09-2024T14:11:38 - [TEST_STEP][PASSED] - totalplay.Common.verifyPropertyExist(FoodSLP, components_1_componentTypeId): totalplay.Common.verifyPropertyExist is PASSED

10-09-2024T14:11:38 - [MESSAGE][INFO] - Checking response object

10-09-2024T14:11:38 - [MESSAGE][PASSED] - totalplay.Common.verifyPropertyExist is PASSED

10-09-2024T14:11:38 - [TEST_STEP][PASSED] - totalplay.Common.verifyPropertyValueExist(FoodSLP, components_1_componentTypeId): totalplay.Common.verifyPropertyValueExist is PASSED

10-09-2024T14:11:38 - [MESSAGE][INFO] - Checking response object

10-09-2024T14:11:39 - [MESSAGE][INFO] - commerce_layouts.FoodStoreCategoryGroup

10-09-2024T14:11:39 - [MESSAGE][PASSED] - totalplay.Common.verifyPropertyValueExist is PASSED

10-09-2024T14:11:39 - [TEST_STEP][PASSED] - totalplay.Common.verifyPropertyExist(FoodSLP, components_1_componentType): totalplay.Common.verifyPropertyExist is PASSED

10-09-2024T14:11:39 - [MESSAGE][INFO] - Checking response object

10-09-2024T14:11:39 - [MESSAGE][PASSED] - totalplay.Common.verifyPropertyExist is PASSED

10-09-2024T14:11:39 - [TEST_STEP][PASSED] - totalplay.Common.verifyPropertyValueExist(FoodSLP, components_1_componentType): totalplay.Common.verifyPropertyValueExist is PASSED

10-09-2024T14:11:39 - [MESSAGE][INFO] - Checking response object

10-09-2024T14:11:39 - [MESSAGE][INFO] - commerce_layouts

10-09-2024T14:11:39 - [MESSAGE][PASSED] - totalplay.Common.verifyPropertyValueExist is PASSED

10-09-2024T14:11:39 - [TEST_STEP][PASSED] - totalplay.Common.verifyPropertyExist(FoodSLP, components_1_groupingName): totalplay.Common.verifyPropertyExist is PASSED

10-09-2024T14:11:39 - [MESSAGE][INFO] - Checking response object

10-09-2024T14:11:39 - [MESSAGE][PASSED] - totalplay.Common.verifyPropertyExist is PASSED

10-09-2024T14:11:39 - [TEST_STEP][PASSED] - totalplay.Common.verifyPropertyValueExist(FoodSLP, components_1_groupingName): totalplay.Common.verifyPropertyValueExist is PASSED

10-09-2024T14:11:39 - [MESSAGE][INFO] - Checking response object

10-09-2024T14:11:39 - [MESSAGE][INFO] - Categories

10-09-2024T14:11:39 - [MESSAGE][PASSED] - totalplay.Common.verifyPropertyValueExist is PASSED

10-09-2024T14:11:39 - [TEST_STEP][PASSED] - totalplay.Common.verifyPropertyExist(FoodSLP, components_1_sort): totalplay.Common.verifyPropertyExist is PASSED

10-09-2024T14:11:39 - [MESSAGE][INFO] - Checking response object

10-09-2024T14:11:39 - [MESSAGE][PASSED] - totalplay.Common.verifyPropertyExist is PASSED

10-09-2024T14:11:39 - [TEST_STEP][PASSED] - totalplay.Common.verifyPropertyValueExist(FoodSLP, components_1_sort): totalplay.Common.verifyPropertyValueExist is PASSED

10-09-2024T14:11:39 - [MESSAGE][INFO] - Checking response object

10-09-2024T14:11:39 - [MESSAGE][INFO] - configured

10-09-2024T14:11:39 - [MESSAGE][PASSED] - totalplay.Common.verifyPropertyValueExist is PASSED

10-09-2024T14:11:39 - [TEST_STEP][PASSED] - totalplay.Common.verifyPropertyExist(FoodSLP, components_1_componentAssets_0_componentTypeId): totalplay.Common.verifyPropertyExist is PASSED

10-09-2024T14:11:39 - [MESSAGE][INFO] - Checking response object

10-09-2024T14:11:39 - [MESSAGE][PASSED] - totalplay.Common.verifyPropertyExist is PASSED

10-09-2024T14:11:39 - [TEST_STEP][PASSED] - totalplay.Common.verifyPropertyValueExist(FoodSLP, components_1_componentAssets_0_componentTypeId): totalplay.Common.verifyPropertyValueExist is PASSED

10-09-2024T14:11:39 - [MESSAGE][INFO] - Checking response object

10-09-2024T14:11:39 - [MESSAGE][INFO] - commerce_assets.FoodCategorySelector

10-09-2024T14:11:39 - [MESSAGE][PASSED] - totalplay.Common.verifyPropertyValueExist is PASSED

10-09-2024T14:11:39 - [TEST_STEP][PASSED] - totalplay.Common.verifyPropertyExist(FoodSLP, components_1_componentAssets_0_componentType): totalplay.Common.verifyPropertyExist is PASSED

10-09-2024T14:11:39 - [MESSAGE][INFO] - Checking response object

10-09-2024T14:11:39 - [MESSAGE][PASSED] - totalplay.Common.verifyPropertyExist is PASSED

10-09-2024T14:11:39 - [TEST_STEP][PASSED] - totalplay.Common.verifyPropertyValueExist(FoodSLP, components_1_componentAssets_0_componentType): totalplay.Common.verifyPropertyValueExist is PASSED

10-09-2024T14:11:39 - [MESSAGE][INFO] - Checking response object

10-09-2024T14:11:39 - [MESSAGE][INFO] - commerce_assets

10-09-2024T14:11:39 - [MESSAGE][PASSED] - totalplay.Common.verifyPropertyValueExist is PASSED

10-09-2024T14:11:39 - [TEST_STEP][PASSED] - totalplay.Common.verifyPropertyExist(FoodSLP, components_1_componentAssets_0_category): totalplay.Common.verifyPropertyExist is PASSED

10-09-2024T14:11:39 - [MESSAGE][INFO] - Checking response object

10-09-2024T14:11:39 - [MESSAGE][PASSED] - totalplay.Common.verifyPropertyExist is PASSED

10-09-2024T14:11:39 - [TEST_STEP][PASSED] - totalplay.Common.verifyPropertyValueExist(FoodSLP, components_1_componentAssets_0_category): totalplay.Common.verifyPropertyValueExist is PASSED

10-09-2024T14:11:39 - [MESSAGE][INFO] - Checking response object

10-09-2024T14:11:39 - [MESSAGE][INFO] - region7-pollosrio-pollo-pollo

10-09-2024T14:11:39 - [MESSAGE][PASSED] - totalplay.Common.verifyPropertyValueExist is PASSED

10-09-2024T14:11:39 - [TEST_STEP][PASSED] - totalplay.Common.verifyPropertyExist(FoodSLP, components_1_componentAssets_0_name): totalplay.Common.verifyPropertyExist is PASSED

10-09-2024T14:11:39 - [MESSAGE][INFO] - Checking response object

10-09-2024T14:11:39 - [MESSAGE][PASSED] - totalplay.Common.verifyPropertyExist is PASSED

10-09-2024T14:11:39 - [TEST_STEP][PASSED] - totalplay.Common.verifyPropertyValueExist(FoodSLP, components_1_componentAssets_0_name): totalplay.Common.verifyPropertyValueExist is PASSED

10-09-2024T14:11:39 - [MESSAGE][INFO] - Checking response object

10-09-2024T14:11:40 - [MESSAGE][INFO] - Pollo

10-09-2024T14:11:40 - [MESSAGE][PASSED] - totalplay.Common.verifyPropertyValueExist is PASSED

10-09-2024T14:11:40 - [TEST_STEP][PASSED] - totalplay.Common.verifyPropertyExist(FoodSLP, components_1_componentAssets_0_id): totalplay.Common.verifyPropertyExist is PASSED

10-09-2024T14:11:40 - [MESSAGE][INFO] - Checking response object

10-09-2024T14:11:40 - [MESSAGE][PASSED] - totalplay.Common.verifyPropertyExist is PASSED

10-09-2024T14:11:40 - [TEST_STEP][PASSED] - totalplay.Common.verifyPropertyValueExist(FoodSLP, components_1_componentAssets_0_id): totalplay.Common.verifyPropertyValueExist is PASSED

10-09-2024T14:11:40 - [MESSAGE][INFO] - Checking response object

10-09-2024T14:11:40 - [MESSAGE][INFO] - region7-pollosrio-pollo-pollo

10-09-2024T14:11:40 - [MESSAGE][PASSED] - totalplay.Common.verifyPropertyValueExist is PASSED

10-09-2024T14:11:40 - [TEST_STEP][PASSED] - totalplay.Common.verifyPropertyExist(FoodSLP, components_1_componentAssets_0_image): totalplay.Common.verifyPropertyExist is PASSED

10-09-2024T14:11:40 - [MESSAGE][INFO] - Checking response object

10-09-2024T14:11:40 - [MESSAGE][PASSED] - totalplay.Common.verifyPropertyExist is PASSED

10-09-2024T14:11:40 - [TEST_STEP][PASSED] - totalplay.Common.verifyPropertyValueExist(FoodSLP, components_1_componentAssets_0_image): totalplay.Common.verifyPropertyValueExist is PASSED

10-09-2024T14:11:40 - [MESSAGE][INFO] - Checking response object

10-09-2024T14:11:40 - [MESSAGE][INFO] - https://staging-na01-totalplaymx.demandware.net/on/demandware.static/-/Sites-comida/default/dw2a5aaa95/categoryimages/CategoriaPollo.png

10-09-2024T14:11:40 - [MESSAGE][PASSED] - totalplay.Common.verifyPropertyValueExist is PASSED

10-09-2024T14:11:40 - [TEST_STEP][PASSED] - totalplay.Common.verifyPropertyExist(FoodSLP, components_1_componentAssets_0_url): totalplay.Common.verifyPropertyExist is PASSED

10-09-2024T14:11:40 - [MESSAGE][INFO] - Checking response object

10-09-2024T14:11:40 - [MESSAGE][PASSED] - totalplay.Common.verifyPropertyExist is PASSED

10-09-2024T14:11:40 - [TEST_STEP][PASSED] - totalplay.Common.verifyPropertyValueExist(FoodSLP, components_1_componentAssets_0_url): totalplay.Common.verifyPropertyValueExist is PASSED

10-09-2024T14:11:40 - [MESSAGE][INFO] - Checking response object

10-09-2024T14:11:40 - [MESSAGE][INFO] - /dw/shop/v24_5/content/seller-category-page?page=1&category=Pollo

10-09-2024T14:11:40 - [MESSAGE][PASSED] - totalplay.Common.verifyPropertyValueExist is PASSED

10-09-2024T14:11:40 - [TEST_STEP][PASSED] - totalplay.Common.verifyPropertyExist(FoodSLP, components_1_componentAssets_0_linkType): totalplay.Common.verifyPropertyExist is PASSED

10-09-2024T14:11:40 - [MESSAGE][INFO] - Checking response object

10-09-2024T14:11:40 - [MESSAGE][PASSED] - totalplay.Common.verifyPropertyExist is PASSED

10-09-2024T14:11:40 - [TEST_STEP][PASSED] - totalplay.Common.verifyPropertyValueExist(FoodSLP, components_1_componentAssets_0_linkType): totalplay.Common.verifyPropertyValueExist is PASSED

10-09-2024T14:11:40 - [MESSAGE][INFO] - Checking response object

10-09-2024T14:11:40 - [MESSAGE][INFO] - SCP

10-09-2024T14:11:40 - [MESSAGE][PASSED] - totalplay.Common.verifyPropertyValueExist is PASSED

10-09-2024T14:11:40 - [TEST_STEP][PASSED] - totalplay.Common.verifyPropertyExist(FoodSLP, components_2_viewType): totalplay.Common.verifyPropertyExist is PASSED

10-09-2024T14:11:40 - [MESSAGE][INFO] - Checking response object

10-09-2024T14:11:40 - [MESSAGE][PASSED] - totalplay.Common.verifyPropertyExist is PASSED

10-09-2024T14:11:40 - [TEST_STEP][PASSED] - totalplay.Common.verifyPropertyValueExist(FoodSLP, components_2_viewType): totalplay.Common.verifyPropertyValueExist is PASSED

10-09-2024T14:11:40 - [MESSAGE][INFO] - Checking response object

10-09-2024T14:11:40 - [MESSAGE][INFO] - veritcal

10-09-2024T14:11:40 - [MESSAGE][PASSED] - totalplay.Common.verifyPropertyValueExist is PASSED

10-09-2024T14:11:40 - [TEST_STEP][PASSED] - totalplay.Common.verifyPropertyExist(FoodSLP, components_2_heading): totalplay.Common.verifyPropertyExist is PASSED

10-09-2024T14:11:40 - [MESSAGE][INFO] - Checking response object

10-09-2024T14:11:40 - [MESSAGE][PASSED] - totalplay.Common.verifyPropertyExist is PASSED

10-09-2024T14:11:40 - [TEST_STEP][PASSED] - totalplay.Common.verifyPropertyValueExist(FoodSLP, components_2_heading): totalplay.Common.verifyPropertyValueExist is PASSED

10-09-2024T14:11:40 - [MESSAGE][INFO] - Checking response object

10-09-2024T14:11:41 - [MESSAGE][INFO] - Lo más populares

10-09-2024T14:11:41 - [MESSAGE][PASSED] - totalplay.Common.verifyPropertyValueExist is PASSED

10-09-2024T14:11:41 - [TEST_STEP][PASSED] - totalplay.Common.verifyPropertyValueNotEmptyorNotNull(FoodSLP, components_2_linesToDisplay): totalplay.Common.verifyPropertyValueNotEmptyorNotNull is PASSED

10-09-2024T14:11:41 - [MESSAGE][INFO] - Checking response object

10-09-2024T14:11:41 - [MESSAGE][INFO] - two line display

10-09-2024T14:11:41 - [MESSAGE][PASSED] - totalplay.Common.verifyPropertyValueNotEmptyorNotNull is PASSED

10-09-2024T14:11:41 - [TEST_STEP][PASSED] - totalplay.Common.verifyPropertyExist(FoodSLP, components_2_componentAssets_0_storeList_0_categories_0_name): totalplay.Common.verifyPropertyExist is PASSED

10-09-2024T14:11:41 - [MESSAGE][INFO] - Checking response object

10-09-2024T14:11:41 - [MESSAGE][PASSED] - totalplay.Common.verifyPropertyExist is PASSED

10-09-2024T14:11:41 - [TEST_STEP][PASSED] - totalplay.Common.verifyPropertyValueExist(FoodSLP, components_2_componentAssets_0_storeList_0_categories_0_name): totalplay.Common.verifyPropertyValueExist is PASSED

10-09-2024T14:11:41 - [MESSAGE][INFO] - Checking response object

10-09-2024T14:11:41 - [MESSAGE][INFO] - Pizza

10-09-2024T14:11:41 - [MESSAGE][PASSED] - totalplay.Common.verifyPropertyValueExist is PASSED

10-09-2024T14:11:41 - [TEST_STEP][PASSED] - totalplay.Common.verifyPropertyExist(FoodSLP, components_2_componentAssets_0_storeList_0_categories_0_id): totalplay.Common.verifyPropertyExist is PASSED

10-09-2024T14:11:41 - [MESSAGE][INFO] - Checking response object

10-09-2024T14:11:41 - [MESSAGE][PASSED] - totalplay.Common.verifyPropertyExist is PASSED

10-09-2024T14:11:41 - [TEST_STEP][PASSED] - totalplay.Common.verifyPropertyValueExist(FoodSLP, components_2_componentAssets_0_storeList_0_categories_0_id): totalplay.Common.verifyPropertyValueExist is PASSED

10-09-2024T14:11:41 - [MESSAGE][INFO] - Checking response object

10-09-2024T14:11:41 - [MESSAGE][INFO] - SF_Pizza

10-09-2024T14:11:41 - [MESSAGE][PASSED] - totalplay.Common.verifyPropertyValueExist is PASSED

10-09-2024T14:11:41 - [TEST_STEP][PASSED] - totalplay.Common.verifyPropertyValueNotEmptyorNotNull(FoodSLP, components_2_componentAssets_0_storeList_0_categories_0_image): totalplay.Common.verifyPropertyValueNotEmptyorNotNull is PASSED

10-09-2024T14:11:41 - [MESSAGE][INFO] - Checking response object

10-09-2024T14:11:41 - [MESSAGE][INFO] - https://staging-na01-totalplaymx.demandware.net/on/demandware.static/-/Sites-comida/default/dw6713d155/categoryimages/CategoriaPizza.png

10-09-2024T14:11:41 - [MESSAGE][PASSED] - totalplay.Common.verifyPropertyValueNotEmptyorNotNull is PASSED

10-09-2024T14:11:41 - [TEST_STEP][PASSED] - totalplay.Common.verifyPropertyExist(FoodSLP, components_2_componentAssets_0_storeList_0_categories_0_url): totalplay.Common.verifyPropertyExist is PASSED

10-09-2024T14:11:41 - [MESSAGE][INFO] - Checking response object

10-09-2024T14:11:41 - [MESSAGE][PASSED] - totalplay.Common.verifyPropertyExist is PASSED

10-09-2024T14:11:41 - [TEST_STEP][PASSED] - totalplay.Common.verifyPropertyValueExist(FoodSLP, components_2_componentAssets_0_storeList_0_categories_0_url): totalplay.Common.verifyPropertyValueExist is PASSED

10-09-2024T14:11:41 - [MESSAGE][INFO] - Checking response object

10-09-2024T14:11:41 - [MESSAGE][INFO] - /dw/shop/v24_5/content/seller-category-page?page=1&category=Pizza

10-09-2024T14:11:41 - [MESSAGE][PASSED] - totalplay.Common.verifyPropertyValueExist is PASSED

10-09-2024T14:11:41 - [TEST_STEP][PASSED] - totalplay.Common.getBooleanValueofObject(FoodSLP, components_2_componentAssets_0_storeList_0_categories_0_isLeaf): totalplay.Common.getBooleanValueofObject is PASSED

10-09-2024T14:11:41 - [MESSAGE][INFO] - Checking response object

10-09-2024T14:11:41 - [MESSAGE][PASSED] - totalplay.Common.getBooleanValueofObject is PASSED

10-09-2024T14:11:41 - [TEST_STEP][PASSED] - totalplay.Common.getNumValueofObject(FoodSLP, components_2_componentAssets_0_storeList_0_ratings): totalplay.Common.getNumValueofObject is PASSED

10-09-2024T14:11:41 - [MESSAGE][INFO] - Checking response object

10-09-2024T14:11:41 - [MESSAGE][PASSED] - totalplay.Common.getNumValueofObject is PASSED

10-09-2024T14:11:41 - [TEST_STEP][PASSED] - totalplay.Common.getBooleanValueofObject(FoodSLP, components_2_componentAssets_0_storeList_0_isInRange): totalplay.Common.getBooleanValueofObject is PASSED

10-09-2024T14:11:41 - [MESSAGE][INFO] - Checking response object

10-09-2024T14:11:41 - [MESSAGE][PASSED] - totalplay.Common.getBooleanValueofObject is PASSED

10-09-2024T14:11:41 - [TEST_STEP][PASSED] - totalplay.Common.getBooleanValueofObject(FoodSLP, components_2_componentAssets_0_storeList_0_storeOpen): totalplay.Common.getBooleanValueofObject is PASSED

10-09-2024T14:11:41 - [MESSAGE][INFO] - Checking response object

10-09-2024T14:11:41 - [MESSAGE][PASSED] - totalplay.Common.getBooleanValueofObject is PASSED

10-09-2024T14:11:41 - [TEST_STEP][PASSED] - totalplay.Common.verifyPropertyExist(FoodSLP, components_2_componentAssets_0_storeList_0_OpenHrs_time_0_openingTime): totalplay.Common.verifyPropertyExist is PASSED

10-09-2024T14:11:41 - [MESSAGE][INFO] - Checking response object

10-09-2024T14:11:41 - [MESSAGE][PASSED] - totalplay.Common.verifyPropertyExist is PASSED

10-09-2024T14:11:41 - [TEST_STEP][PASSED] - totalplay.Common.verifyPropertyValueExist(FoodSLP, components_2_componentAssets_0_storeList_0_OpenHrs_time_0_openingTime): totalplay.Common.verifyPropertyValueExist is PASSED

10-09-2024T14:11:41 - [MESSAGE][INFO] - Checking response object

10-09-2024T14:11:42 - [MESSAGE][INFO] - 11:00

10-09-2024T14:11:42 - [MESSAGE][PASSED] - totalplay.Common.verifyPropertyValueExist is PASSED

10-09-2024T14:11:42 - [TEST_STEP][PASSED] - totalplay.Common.verifyPropertyExist(FoodSLP, components_2_componentAssets_0_storeList_0_OpenHrs_time_0_closingTime): totalplay.Common.verifyPropertyExist is PASSED

10-09-2024T14:11:42 - [MESSAGE][INFO] - Checking response object

10-09-2024T14:11:42 - [MESSAGE][PASSED] - totalplay.Common.verifyPropertyExist is PASSED

10-09-2024T14:11:42 - [TEST_STEP][PASSED] - totalplay.Common.verifyPropertyValueExist(FoodSLP, components_2_componentAssets_0_storeList_0_OpenHrs_time_0_closingTime): totalplay.Common.verifyPropertyValueExist is PASSED

10-09-2024T14:11:42 - [MESSAGE][INFO] - Checking response object

10-09-2024T14:11:42 - [MESSAGE][INFO] - 21:00

10-09-2024T14:11:42 - [MESSAGE][PASSED] - totalplay.Common.verifyPropertyValueExist is PASSED

10-09-2024T14:11:42 - [TEST_STEP][PASSED] - totalplay.Common.getBooleanValueofObject(FoodSLP, components_2_componentAssets_0_storeList_0_OpenHrs_closed): totalplay.Common.getBooleanValueofObject is PASSED

10-09-2024T14:11:42 - [MESSAGE][INFO] - Checking response object

10-09-2024T14:11:42 - [MESSAGE][PASSED] - totalplay.Common.getBooleanValueofObject is PASSED

10-09-2024T14:11:42 - [TEST_STEP][PASSED] - totalplay.Common.verifyPropertyExist(FoodSLP, components_2_componentAssets_0_storeList_0_OpenHrs_day): totalplay.Common.verifyPropertyExist is PASSED

10-09-2024T14:11:42 - [MESSAGE][INFO] - Checking response object

10-09-2024T14:11:42 - [MESSAGE][PASSED] - totalplay.Common.verifyPropertyExist is PASSED

10-09-2024T14:11:42 - [TEST_STEP][PASSED] - totalplay.Common.verifyPropertyValueExist(FoodSLP, components_2_componentAssets_0_storeList_0_OpenHrs_day): totalplay.Common.verifyPropertyValueExist is PASSED

10-09-2024T14:11:42 - [MESSAGE][INFO] - Checking response object

10-09-2024T14:11:42 - [MESSAGE][INFO] - Martes

10-09-2024T14:11:42 - [MESSAGE][PASSED] - totalplay.Common.verifyPropertyValueExist is PASSED

10-09-2024T14:11:42 - [TEST_STEP][PASSED] - totalplay.Common.verifyPropertyExist(FoodSLP, components_2_componentAssets_0_storeList_0_link): totalplay.Common.verifyPropertyExist is PASSED

10-09-2024T14:11:42 - [MESSAGE][INFO] - Checking response object

10-09-2024T14:11:42 - [MESSAGE][PASSED] - totalplay.Common.verifyPropertyExist is PASSED

10-09-2024T14:11:42 - [TEST_STEP][PASSED] - totalplay.Common.verifyPropertyValueExist(FoodSLP, components_2_componentAssets_0_storeList_0_link): totalplay.Common.verifyPropertyValueExist is PASSED

10-09-2024T14:11:42 - [MESSAGE][INFO] - Checking response object

10-09-2024T14:11:42 - [MESSAGE][INFO] - /on/demandware.store/Sites-TP-FOOD-Site/es/OnDemand-Show?storeName=Benedetti's Picacho Ajusco

10-09-2024T14:11:42 - [MESSAGE][PASSED] - totalplay.Common.verifyPropertyValueExist is PASSED

10-09-2024T14:11:42 - [TEST_STEP][PASSED] - totalplay.Common.verifyPropertyExist(FoodSLP, components_2_componentAssets_0_storeList_0_linkType): totalplay.Common.verifyPropertyExist is PASSED

10-09-2024T14:11:42 - [MESSAGE][INFO] - Checking response object

10-09-2024T14:11:42 - [MESSAGE][PASSED] - totalplay.Common.verifyPropertyExist is PASSED

10-09-2024T14:11:42 - [TEST_STEP][PASSED] - totalplay.Common.verifyPropertyValueExist(FoodSLP, components_2_componentAssets_0_storeList_0_linkType): totalplay.Common.verifyPropertyValueExist is PASSED

10-09-2024T14:11:42 - [MESSAGE][INFO] - Checking response object

10-09-2024T14:11:42 - [MESSAGE][INFO] - PLP

10-09-2024T14:11:42 - [MESSAGE][PASSED] - totalplay.Common.verifyPropertyValueExist is PASSED

10-09-2024T14:11:42 - [TEST_STEP][PASSED] - totalplay.Common.verifyPropertyExist(FoodSLP, components_2_componentAssets_0_storeList_0_ondemandEDD): totalplay.Common.verifyPropertyExist is PASSED

10-09-2024T14:11:42 - [MESSAGE][INFO] - Checking response object

10-09-2024T14:11:42 - [MESSAGE][PASSED] - totalplay.Common.verifyPropertyExist is PASSED

10-09-2024T14:11:42 - [TEST_STEP][PASSED] - totalplay.Common.verifyPropertyValueExist(FoodSLP, components_2_componentAssets_0_storeList_0_ondemandEDD): totalplay.Common.verifyPropertyValueExist is PASSED

10-09-2024T14:11:42 - [MESSAGE][INFO] - Checking response object

10-09-2024T14:11:42 - [MESSAGE][INFO] - 90 Min

10-09-2024T14:11:42 - [MESSAGE][PASSED] - totalplay.Common.verifyPropertyValueExist is PASSED

10-09-2024T14:11:42 - [TEST_STEP][PASSED] - totalplay.Common.verifyPropertyExist(FoodSLP, components_3_carouselHeading): totalplay.Common.verifyPropertyExist is PASSED

10-09-2024T14:11:42 - [MESSAGE][INFO] - Checking response object

10-09-2024T14:11:42 - [MESSAGE][PASSED] - totalplay.Common.verifyPropertyExist is PASSED

10-09-2024T14:11:42 - [TEST_STEP][PASSED] - totalplay.Common.verifyPropertyValueExist(FoodSLP, components_3_carouselHeading): totalplay.Common.verifyPropertyValueExist is PASSED

10-09-2024T14:11:42 - [MESSAGE][INFO] - Checking response object

10-09-2024T14:11:42 - [MESSAGE][INFO] - Recomendados

10-09-2024T14:11:42 - [MESSAGE][PASSED] - totalplay.Common.verifyPropertyValueExist is PASSED

10-09-2024T14:11:42 - [TEST_STEP][PASSED] - totalplay.Common.verifyPropertyExist(FoodSLP, components_3_viewType): totalplay.Common.verifyPropertyExist is PASSED

10-09-2024T14:11:42 - [MESSAGE][INFO] - Checking response object

10-09-2024T14:11:42 - [MESSAGE][PASSED] - totalplay.Common.verifyPropertyExist is PASSED

10-09-2024T14:11:42 - [TEST_STEP][PASSED] - totalplay.Common.verifyPropertyValueExist(FoodSLP, components_3_viewType): totalplay.Common.verifyPropertyValueExist is PASSED

10-09-2024T14:11:42 - [MESSAGE][INFO] - Checking response object

10-09-2024T14:11:42 - [MESSAGE][INFO] - veritcal

10-09-2024T14:11:42 - [MESSAGE][PASSED] - totalplay.Common.verifyPropertyValueExist is PASSED

10-09-2024T14:11:42 - [TEST_STEP][PASSED] - totalplay.Common.verifyPropertyExist(FoodSLP, components_3_linesToDisplay): totalplay.Common.verifyPropertyExist is PASSED

10-09-2024T14:11:42 - [MESSAGE][INFO] - Checking response object

10-09-2024T14:11:42 - [MESSAGE][PASSED] - totalplay.Common.verifyPropertyExist is PASSED

10-09-2024T14:11:42 - [TEST_STEP][PASSED] - totalplay.Common.verifyPropertyValueExist(FoodSLP, components_3_linesToDisplay): totalplay.Common.verifyPropertyValueExist is PASSED

10-09-2024T14:11:42 - [MESSAGE][INFO] - Checking response object

10-09-2024T14:11:42 - [MESSAGE][INFO] - two line display

10-09-2024T14:11:42 - [MESSAGE][PASSED] - totalplay.Common.verifyPropertyValueExist is PASSED

10-09-2024T14:11:42 - [TEST_STEP][PASSED] - totalplay.Common.verifyPropertyExist(FoodSLP, components_3_heading): totalplay.Common.verifyPropertyExist is PASSED

10-09-2024T14:11:42 - [MESSAGE][INFO] - Checking response object

10-09-2024T14:11:43 - [MESSAGE][PASSED] - totalplay.Common.verifyPropertyExist is PASSED

10-09-2024T14:11:43 - [TEST_STEP][PASSED] - totalplay.Common.verifyPropertyValueExist(FoodSLP, components_3_heading): totalplay.Common.verifyPropertyValueExist is PASSED

10-09-2024T14:11:43 - [MESSAGE][INFO] - Checking response object

10-09-2024T14:11:43 - [MESSAGE][INFO] - Recomendados

10-09-2024T14:11:43 - [MESSAGE][PASSED] - totalplay.Common.verifyPropertyValueExist is PASSED]]></system-out>
         <system-err><![CDATA[]]></system-err>
      </testcase>
      <testcase name="Test Cases/TotalPlay-Food/TC_6_Food PDP" time="13.167" classname="Test Cases/TotalPlay-Food/TC_6_Food PDP" status="PASSED">
         <system-out><![CDATA[10-09-2024T14:11:43 - [TEST_CASE][PASSED] - Test Cases/TotalPlay-Food/TC_6_Food PDP: Test Cases/TotalPlay-Food/TC_6_Food PDP

10-09-2024T14:11:45 - [TEST_STEP][PASSED] - callTestCase(findTestCase("TotalPlay-Food/TC_1_Login_Service"), [:], STOP_ON_FAILURE): Call Test Case 'Test Cases/TotalPlay-Food/TC_1_Login_Service' successfully

10-09-2024T14:11:45 - [MESSAGE][INFO] - Checking called Test Case

10-09-2024T14:11:45 - [MESSAGE][INFO] - Starting to call Test Case 'Test Cases/TotalPlay-Food/TC_1_Login_Service'

10-09-2024T14:11:45 - [TEST_CASE][PASSED] - Test Cases/TotalPlay-Food/TC_1_Login_Service: Test Cases/TotalPlay-Food/TC_1_Login_Service

10-09-2024T14:11:45 - [TEST_STEP][PASSED] - LoginResponse = sendRequest(findTestObject("TotalPlay-Food/getTokenDelivery", ["URL":URL])): Send request successfully

10-09-2024T14:11:45 - [MESSAGE][INFO] - Finding Test Object 'Object Repository/TotalPlay-Food/getTokenDelivery'

10-09-2024T14:11:45 - [MESSAGE][INFO] - Checking request object

10-09-2024T14:11:48 - [MESSAGE][INFO] - HAR: C:\Users\ShubhamKumarThakur\OneDrive - Kognivera\Documents\TotalPlay\totalplay-automation\Reports\20240910_141104\Food_Service_Normal_Flow\20240910_141104\requests\main\3.har

10-09-2024T14:11:48 - [MESSAGE][PASSED] - Send request successfully

10-09-2024T14:11:48 - [TEST_STEP][PASSED] - totalplay.Common.printResponseinText(LoginResponse): totalplay.Common.printResponseinText is PASSED

10-09-2024T14:11:48 - [MESSAGE][PASSED] - totalplay.Common.printResponseinText is PASSED

10-09-2024T14:11:48 - [TEST_STEP][PASSED] - assert getResponseStatusCode(LoginResponse) == 200: Checking response object

10-09-2024T14:11:48 - [MESSAGE][INFO] - Checking response object

10-09-2024T14:11:48 - [TEST_STEP][PASSED] - Auth = "ocapiResponse.access_token": null

10-09-2024T14:11:48 - [TEST_STEP][PASSED] - FoodBascketId = "ocapiResponse.c_basketId_TP_FOOD": null

10-09-2024T14:11:48 - [TEST_STEP][PASSED] - FoodBasId = getElementPropertyValue(LoginResponse, FoodBascketId): Checking response object

10-09-2024T14:11:48 - [MESSAGE][INFO] - Checking response object

10-09-2024T14:11:48 - [TEST_STEP][PASSED] - sfccAuthorization = getElementPropertyValue(LoginResponse, Auth): Checking response object

10-09-2024T14:11:48 - [MESSAGE][INFO] - Checking response object

10-09-2024T14:11:48 - [TEST_STEP][PASSED] - Authorization = "Bearer " + sfccAuthorization: null

10-09-2024T14:11:48 - [TEST_STEP][PASSED] - FoodBasketId = FoodBasId: null

10-09-2024T14:11:48 - [TEST_STEP][PASSED] - logInfo(bm_auth_token): 

10-09-2024T14:11:48 - [MESSAGE][INFO] - 

10-09-2024T14:11:48 - [TEST_STEP][PASSED] - if (sfccAuthorization.length() == 0): null

10-09-2024T14:11:48 - [TEST_STEP][PASSED] - else: authorization generated

10-09-2024T14:11:48 - [TEST_STEP][PASSED] - markPassed("authorization generated"): authorization generated

10-09-2024T14:11:48 - [MESSAGE][PASSED] - authorization generated

10-09-2024T14:11:48 - [TEST_STEP][PASSED] - BasketId_loginResponse = "ocapiResponse.c_basketId": null

10-09-2024T14:11:48 - [TEST_STEP][PASSED] - CustomerId_loginResponse = "ocapiResponse.customer_id": null

10-09-2024T14:11:48 - [TEST_STEP][PASSED] - basketId = getElementPropertyValue(LoginResponse, BasketId_loginResponse): Checking response object

10-09-2024T14:11:48 - [MESSAGE][INFO] - Checking response object

10-09-2024T14:11:48 - [TEST_STEP][PASSED] - customerId = getElementPropertyValue(LoginResponse, CustomerId_loginResponse): Checking response object

10-09-2024T14:11:48 - [MESSAGE][INFO] - Checking response object

10-09-2024T14:11:48 - [TEST_STEP][PASSED] - basketID = basketId: null

10-09-2024T14:11:48 - [TEST_STEP][PASSED] - sla_customerId = customerId: null

10-09-2024T14:11:48 - [TEST_STEP][PASSED] - println(basketID): null

10-09-2024T14:11:48 - [TEST_STEP][PASSED] - println(sla_customerId): null

10-09-2024T14:11:48 - [TEST_STEP][PASSED] - refresh_token = "ocapiResponse.refresh_token": null

10-09-2024T14:11:48 - [TEST_STEP][PASSED] - customer_email = "ocapiResponse.customer_email": null

10-09-2024T14:11:48 - [TEST_STEP][PASSED] - c_brmId = "ocapiResponse.c_brmId": null

10-09-2024T14:11:48 - [TEST_STEP][PASSED] - customer_name = "ocapiResponse.customer_name": null

10-09-2024T14:11:48 - [TEST_STEP][PASSED] - totalplay.Common.verifyPropertyExist(LoginResponse, refresh_token): totalplay.Common.verifyPropertyExist is PASSED

10-09-2024T14:11:48 - [MESSAGE][INFO] - Checking response object

10-09-2024T14:11:48 - [MESSAGE][PASSED] - totalplay.Common.verifyPropertyExist is PASSED

10-09-2024T14:11:48 - [TEST_STEP][PASSED] - totalplay.Common.verifyPropertyValueExist(LoginResponse, refresh_token): totalplay.Common.verifyPropertyValueExist is PASSED

10-09-2024T14:11:48 - [MESSAGE][INFO] - Checking response object

10-09-2024T14:11:48 - [MESSAGE][INFO] - lPEnce3SKKMEQ0kavmRnGUAktNoBaX7W3VU5kTHIOzc

10-09-2024T14:11:48 - [MESSAGE][PASSED] - totalplay.Common.verifyPropertyValueExist is PASSED

10-09-2024T14:11:48 - [TEST_STEP][PASSED] - totalplay.Common.verifyPropertyExist(LoginResponse, customer_email): totalplay.Common.verifyPropertyExist is PASSED

10-09-2024T14:11:48 - [MESSAGE][INFO] - Checking response object

10-09-2024T14:11:48 - [MESSAGE][PASSED] - totalplay.Common.verifyPropertyExist is PASSED

10-09-2024T14:11:48 - [TEST_STEP][PASSED] - totalplay.Common.verifyPropertyValueExist(LoginResponse, customer_email): totalplay.Common.verifyPropertyValueExist is PASSED

10-09-2024T14:11:48 - [MESSAGE][INFO] - Checking response object

10-09-2024T14:11:48 - [MESSAGE][INFO] - productotpgoqa@totalplay.com.mx

10-09-2024T14:11:48 - [MESSAGE][PASSED] - totalplay.Common.verifyPropertyValueExist is PASSED

10-09-2024T14:11:48 - [TEST_STEP][PASSED] - totalplay.Common.verifyPropertyExist(LoginResponse, customer_name): totalplay.Common.verifyPropertyExist is PASSED

10-09-2024T14:11:48 - [MESSAGE][INFO] - Checking response object

10-09-2024T14:11:48 - [MESSAGE][PASSED] - totalplay.Common.verifyPropertyExist is PASSED

10-09-2024T14:11:48 - [TEST_STEP][PASSED] - totalplay.Common.verifyPropertyValueExist(LoginResponse, customer_name): totalplay.Common.verifyPropertyValueExist is PASSED

10-09-2024T14:11:48 - [MESSAGE][INFO] - Checking response object

10-09-2024T14:11:48 - [MESSAGE][INFO] - Pruebas Delivery y Marketplace Mitikah

10-09-2024T14:11:48 - [MESSAGE][PASSED] - totalplay.Common.verifyPropertyValueExist is PASSED

10-09-2024T14:11:48 - [TEST_STEP][PASSED] - totalplay.Common.verifyPropertyExist(LoginResponse, c_brmId): totalplay.Common.verifyPropertyExist is PASSED

10-09-2024T14:11:48 - [MESSAGE][INFO] - Checking response object

10-09-2024T14:11:49 - [MESSAGE][PASSED] - totalplay.Common.verifyPropertyExist is PASSED

10-09-2024T14:11:49 - [TEST_STEP][PASSED] - totalplay.Common.verifyPropertyValueExist(LoginResponse, c_brmId): totalplay.Common.verifyPropertyValueExist is PASSED

10-09-2024T14:11:49 - [MESSAGE][INFO] - Checking response object

10-09-2024T14:11:49 - [MESSAGE][INFO] - 0119504455

10-09-2024T14:11:49 - [MESSAGE][PASSED] - totalplay.Common.verifyPropertyValueExist is PASSED

10-09-2024T14:11:49 - [MESSAGE][PASSED] - Call Test Case 'Test Cases/TotalPlay-Food/TC_1_Login_Service' successfully

10-09-2024T14:11:49 - [TEST_STEP][PASSED] - FoodPDP = sendRequest(findTestObject("TotalPlay-Food/Food PDP", ["URL":URL])): Send request successfully

10-09-2024T14:11:49 - [MESSAGE][INFO] - Finding Test Object 'Object Repository/TotalPlay-Food/Food PDP'

10-09-2024T14:11:49 - [MESSAGE][INFO] - Checking request object

10-09-2024T14:11:51 - [MESSAGE][INFO] - HAR: C:\Users\ShubhamKumarThakur\OneDrive - Kognivera\Documents\TotalPlay\totalplay-automation\Reports\20240910_141104\Food_Service_Normal_Flow\20240910_141104\requests\main\4.har

10-09-2024T14:11:51 - [MESSAGE][PASSED] - Send request successfully

10-09-2024T14:11:51 - [TEST_STEP][PASSED] - verifyResponseStatusCode(FoodPDP, 200): Verify response status code successfully

10-09-2024T14:11:51 - [MESSAGE][INFO] - Checking response object

10-09-2024T14:11:51 - [MESSAGE][PASSED] - Verify response status code successfully

10-09-2024T14:11:51 - [TEST_STEP][PASSED] - type = "_type": null

10-09-2024T14:11:51 - [TEST_STEP][PASSED] - brand = "brand": null

10-09-2024T14:11:51 - [TEST_STEP][PASSED] - currency = "currency": null

10-09-2024T14:11:51 - [TEST_STEP][PASSED] - id = "id": null

10-09-2024T14:11:51 - [TEST_STEP][PASSED] - inventory = "inventory": null

10-09-2024T14:11:51 - [TEST_STEP][PASSED] - inventory_type = "inventory._type": null

10-09-2024T14:11:51 - [TEST_STEP][PASSED] - inventory_ats = "inventory.ats": null

10-09-2024T14:11:51 - [TEST_STEP][PASSED] - inventory_backorderable = "inventory.backorderable": null

10-09-2024T14:11:51 - [TEST_STEP][PASSED] - inventory_id = "inventory.id": null

10-09-2024T14:11:51 - [TEST_STEP][PASSED] - inventory_orderable = "inventory.orderable": null

10-09-2024T14:11:51 - [TEST_STEP][PASSED] - inventory_preorderable = "inventory.preorderable": null

10-09-2024T14:11:51 - [TEST_STEP][PASSED] - inventory_stock_level = "inventory.stock_level": null

10-09-2024T14:11:51 - [TEST_STEP][PASSED] - min_order_quantity = "min_order_quantity": null

10-09-2024T14:11:51 - [TEST_STEP][PASSED] - name = "name": null

10-09-2024T14:11:51 - [TEST_STEP][PASSED] - price = "price": null

10-09-2024T14:11:51 - [TEST_STEP][PASSED] - price_per_unit = "price_per_unit": null

10-09-2024T14:11:51 - [TEST_STEP][PASSED] - product_promotions = "product_promotions": null

10-09-2024T14:11:51 - [TEST_STEP][PASSED] - product_promotions_type = "product_promotions[0]._type": null

10-09-2024T14:11:51 - [TEST_STEP][PASSED] - product_promotions_link = "product_promotions[0].link": null

10-09-2024T14:11:51 - [TEST_STEP][PASSED] - product_promotions_promotion_id = "product_promotions[0].promotion_id": null

10-09-2024T14:11:51 - [TEST_STEP][PASSED] - step_quantity = "step_quantity": null

10-09-2024T14:11:51 - [TEST_STEP][PASSED] - type_type = "type._type": null

10-09-2024T14:11:51 - [TEST_STEP][PASSED] - c_PromoAvailable = "c_PromoAvailable": null

10-09-2024T14:11:51 - [TEST_STEP][PASSED] - c_corporateName = "c_corporateName": null

10-09-2024T14:11:51 - [TEST_STEP][PASSED] - c_description = "c_description": null

10-09-2024T14:11:51 - [TEST_STEP][PASSED] - c_discountPercentage = "c_discountPercentage": null

10-09-2024T14:11:51 - [TEST_STEP][PASSED] - c_individualDelivery = "c_individualDelivery": null

10-09-2024T14:11:51 - [TEST_STEP][PASSED] - c_marketplaceProduct = "c_marketplaceProduct": null

10-09-2024T14:11:51 - [TEST_STEP][PASSED] - c_miraklProductDataSource = "c_miraklProductDataSource": null

10-09-2024T14:11:51 - [TEST_STEP][PASSED] - c_miraklProductId = "c_miraklProductId": null

10-09-2024T14:11:51 - [TEST_STEP][PASSED] - c_miraklShopID = "c_miraklShopID": null

10-09-2024T14:11:51 - [TEST_STEP][PASSED] - c_miraklShopName = "c_miraklShopName": null

10-09-2024T14:11:51 - [TEST_STEP][PASSED] - c_productType = "c_productType": null

10-09-2024T14:11:51 - [TEST_STEP][PASSED] - c_promotionName = "c_promotionName": null

10-09-2024T14:11:51 - [TEST_STEP][PASSED] - c_sapId = "c_sapId": null

10-09-2024T14:11:51 - [TEST_STEP][PASSED] - c_selectable = "c_selectable": null

10-09-2024T14:11:51 - [TEST_STEP][PASSED] - c_seller_lead_times = "c_seller-lead-times": null

10-09-2024T14:11:51 - [TEST_STEP][PASSED] - c_sellerDescription = "c_sellerDescription": null

10-09-2024T14:11:51 - [TEST_STEP][PASSED] - c_shopIdName = "c_shopIdName": null

10-09-2024T14:11:51 - [TEST_STEP][PASSED] - c_tpshop = "c_tpshop": null

10-09-2024T14:11:51 - [TEST_STEP][PASSED] - c_updateMiraklImages = "c_updateMiraklImages": null

10-09-2024T14:11:51 - [TEST_STEP][PASSED] - c_verticalType = "c_verticalType": null

10-09-2024T14:11:51 - [TEST_STEP][PASSED] - c_salePrice = "c_salePrice": null

10-09-2024T14:11:51 - [TEST_STEP][PASSED] - c_salePrice_value = "c_salePrice.value": null

10-09-2024T14:11:51 - [TEST_STEP][PASSED] - c_salePrice_currency = "c_salePrice.currency": null

10-09-2024T14:11:51 - [TEST_STEP][PASSED] - c_salePrice_decimalPrice = "c_salePrice.decimalPrice": null

10-09-2024T14:11:51 - [TEST_STEP][PASSED] - c_basePrice = "c_basePrice": null

10-09-2024T14:11:51 - [TEST_STEP][PASSED] - c_basePrice_currency = "c_basePrice.currency": null

10-09-2024T14:11:51 - [TEST_STEP][PASSED] - c_basePrice_decimalPrice = "c_basePrice.decimalPrice": null

10-09-2024T14:11:51 - [TEST_STEP][PASSED] - c_similarProducts = "c_similarProducts": null

10-09-2024T14:11:51 - [TEST_STEP][PASSED] - c_similarProducts_online = "c_similarProducts[0].online": null

10-09-2024T14:11:51 - [TEST_STEP][PASSED] - c_similarProducts_link = "c_similarProducts[0].link": null

10-09-2024T14:11:51 - [TEST_STEP][PASSED] - c_similarProducts_linkType = "c_similarProducts[0].linkType": null

10-09-2024T14:11:51 - [TEST_STEP][PASSED] - c_similarProducts_productId = "c_similarProducts[0].productId": null

10-09-2024T14:11:51 - [TEST_STEP][PASSED] - c_similarProducts_productName = "c_similarProducts[0].productName": null

10-09-2024T14:11:51 - [TEST_STEP][PASSED] - c_similarProducts_productDesc = "c_similarProducts[0].productDesc": null

10-09-2024T14:11:51 - [TEST_STEP][PASSED] - c_similarProducts_productType = "c_similarProducts[0].productType": null

10-09-2024T14:11:51 - [TEST_STEP][PASSED] - c_similarProducts_basePrice = "c_similarProducts[0].basePrice": null

10-09-2024T14:11:51 - [TEST_STEP][PASSED] - c_similarProducts_basePrice_currency = "c_similarProducts[0].basePrice.currency": null

10-09-2024T14:11:51 - [TEST_STEP][PASSED] - c_similarProducts_basePrice_decimalPrice = "c_similarProducts[0].basePrice.decimalPrice": null

10-09-2024T14:11:51 - [TEST_STEP][PASSED] - c_similarProducts_salePrice = "c_similarProducts[0].salePrice": null

10-09-2024T14:11:51 - [TEST_STEP][PASSED] - c_similarProducts_salePrice_value = "c_similarProducts[0].salePrice.value": null

10-09-2024T14:11:51 - [TEST_STEP][PASSED] - c_similarProducts_salePrice_currency = "c_similarProducts[0].salePrice.currency": null

10-09-2024T14:11:51 - [TEST_STEP][PASSED] - c_similarProducts_salePrice_formatted = "c_similarProducts[0].salePrice.formatted": null

10-09-2024T14:11:51 - [TEST_STEP][PASSED] - c_similarProducts_image_alt = "c_similarProducts[0].image[0].alt": null

10-09-2024T14:11:51 - [TEST_STEP][PASSED] - c_similarProducts_image_url = "c_similarProducts[0].image[0].url": null

10-09-2024T14:11:51 - [TEST_STEP][PASSED] - c_similarProducts_imagetitle = "c_similarProducts[0].image[0].title": null

10-09-2024T14:11:51 - [TEST_STEP][PASSED] - c_similarProducts_discount_percentage = "c_similarProducts[0].discount_percentage": null

10-09-2024T14:11:51 - [TEST_STEP][PASSED] - c_similarProducts_promotionName = "c_similarProducts[0].promotionName": null

[...]

10-09-2024T14:14:07 - [TEST_STEP][PASSED] - c_result_orders1_storeDetails_name = "c_result.orders[1].storeDetails.name": null

10-09-2024T14:14:07 - [TEST_STEP][PASSED] - c_result_orders1_storeDetails_phone = "c_result.orders[1].storeDetails.phone": null

10-09-2024T14:14:07 - [TEST_STEP][PASSED] - c_result_orders1_storeDetails_logo = "c_result.orders[1].storeDetails.logo": null

10-09-2024T14:14:07 - [TEST_STEP][PASSED] - c_result_orders1_storeDetails_verticalType = "c_result.orders[1].storeDetails.verticalType": null

10-09-2024T14:14:07 - [TEST_STEP][PASSED] - c_result_orders1_storeDetails_averageRating = "c_result.orders[1].storeDetails.averageRating": null

10-09-2024T14:14:07 - [TEST_STEP][PASSED] - c_result_orders1_status = "c_result.orders[1].status": null

10-09-2024T14:14:07 - [TEST_STEP][PASSED] - c_result_order_total_count = "c_result.order_total_count": null

10-09-2024T14:14:07 - [TEST_STEP][PASSED] - c_result_total_pages = "c_result.total_pages": null

10-09-2024T14:14:07 - [TEST_STEP][PASSED] - totalplay.Common.verifyPropertyValueExist(FoodOrderHistory, id): totalplay.Common.verifyPropertyValueExist is PASSED

10-09-2024T14:14:07 - [MESSAGE][INFO] - Checking response object

10-09-2024T14:14:07 - [MESSAGE][INFO] - order-history

10-09-2024T14:14:07 - [MESSAGE][PASSED] - totalplay.Common.verifyPropertyValueExist is PASSED

10-09-2024T14:14:07 - [TEST_STEP][PASSED] - totalplay.Common.verifyPropertyValueExist(FoodOrderHistory, name): totalplay.Common.verifyPropertyValueExist is PASSED

10-09-2024T14:14:07 - [MESSAGE][INFO] - Checking response object

10-09-2024T14:14:07 - [MESSAGE][INFO] - order-history

10-09-2024T14:14:07 - [MESSAGE][PASSED] - totalplay.Common.verifyPropertyValueExist is PASSED

10-09-2024T14:14:07 - [TEST_STEP][PASSED] - totalplay.Common.verifyPropertyExist(FoodOrderHistory, c_result_orders): totalplay.Common.verifyPropertyExist is PASSED

10-09-2024T14:14:07 - [MESSAGE][INFO] - Checking response object

10-09-2024T14:14:07 - [MESSAGE][PASSED] - totalplay.Common.verifyPropertyExist is PASSED

10-09-2024T14:14:07 - [TEST_STEP][PASSED] - totalplay.Common.verifyPropertyExist(FoodOrderHistory, c_result): totalplay.Common.verifyPropertyExist is PASSED

10-09-2024T14:14:07 - [MESSAGE][INFO] - Checking response object

10-09-2024T14:14:07 - [MESSAGE][PASSED] - totalplay.Common.verifyPropertyExist is PASSED

10-09-2024T14:14:07 - [TEST_STEP][PASSED] - totalplay.Common.verifyPropertyValueExist(FoodOrderHistory, c_result_orders0_order_no): totalplay.Common.verifyPropertyValueExist is PASSED

10-09-2024T14:14:07 - [MESSAGE][INFO] - Checking response object

10-09-2024T14:14:07 - [MESSAGE][INFO] - 00052439

10-09-2024T14:14:07 - [MESSAGE][PASSED] - totalplay.Common.verifyPropertyValueExist is PASSED

10-09-2024T14:14:07 - [TEST_STEP][PASSED] - totalplay.Common.verifyPropertyValueExist(FoodOrderHistory, c_result_orders0_sellerNames): totalplay.Common.verifyPropertyValueExist is PASSED

10-09-2024T14:14:07 - [MESSAGE][INFO] - Checking response object

10-09-2024T14:14:07 - [MESSAGE][INFO] - Vamos en Masa

10-09-2024T14:14:07 - [MESSAGE][PASSED] - totalplay.Common.verifyPropertyValueExist is PASSED

10-09-2024T14:14:07 - [TEST_STEP][PASSED] - totalplay.Common.verifyPropertyValueExist(FoodOrderHistory, c_result_orders0_edd): totalplay.Common.verifyPropertyValueExist is PASSED

10-09-2024T14:14:07 - [MESSAGE][INFO] - Checking response object

10-09-2024T14:14:07 - [MESSAGE][INFO] - 90 mins

10-09-2024T14:14:07 - [MESSAGE][PASSED] - totalplay.Common.verifyPropertyValueExist is PASSED

10-09-2024T14:14:07 - [TEST_STEP][PASSED] - totalplay.Common.verifyPropertyValueExist(FoodOrderHistory, c_result_orders0_order_created): totalplay.Common.verifyPropertyValueExist is PASSED

10-09-2024T14:14:07 - [MESSAGE][INFO] - Checking response object

10-09-2024T14:14:07 - [MESSAGE][INFO] - 2024-09-09 17:24:20.0

10-09-2024T14:14:07 - [MESSAGE][PASSED] - totalplay.Common.verifyPropertyValueExist is PASSED

10-09-2024T14:14:07 - [TEST_STEP][PASSED] - totalplay.Common.verifyPropertyExist(FoodOrderHistory, c_result_orders0_productIdsList): totalplay.Common.verifyPropertyExist is PASSED

10-09-2024T14:14:07 - [MESSAGE][INFO] - Checking response object

10-09-2024T14:14:07 - [MESSAGE][PASSED] - totalplay.Common.verifyPropertyExist is PASSED

10-09-2024T14:14:07 - [TEST_STEP][PASSED] - totalplay.Common.getNumValueofObject(FoodOrderHistory, c_result_orders0_products_count): totalplay.Common.getNumValueofObject is PASSED

10-09-2024T14:14:07 - [MESSAGE][INFO] - Checking response object

10-09-2024T14:14:08 - [MESSAGE][PASSED] - totalplay.Common.getNumValueofObject is PASSED

10-09-2024T14:14:08 - [TEST_STEP][PASSED] - totalplay.Common.verifyPropertyValueExist(FoodOrderHistory, c_result_orders0_corporate_name): totalplay.Common.verifyPropertyValueExist is PASSED

10-09-2024T14:14:08 - [MESSAGE][INFO] - Checking response object

10-09-2024T14:14:08 - [MESSAGE][INFO] - Vamosenmasa

10-09-2024T14:14:08 - [MESSAGE][PASSED] - totalplay.Common.verifyPropertyValueExist is PASSED

10-09-2024T14:14:08 - [TEST_STEP][PASSED] - totalplay.Common.verifyPropertyValueExist(FoodOrderHistory, c_result_orders0_order_total): totalplay.Common.verifyPropertyValueExist is PASSED

10-09-2024T14:14:08 - [MESSAGE][INFO] - Checking response object

10-09-2024T14:14:08 - [MESSAGE][INFO] - $93.84

10-09-2024T14:14:08 - [MESSAGE][PASSED] - totalplay.Common.verifyPropertyValueExist is PASSED

10-09-2024T14:14:08 - [TEST_STEP][PASSED] - totalplay.Common.verifyPropertyExist(FoodOrderHistory, c_result_orders0_product_info): totalplay.Common.verifyPropertyExist is PASSED

10-09-2024T14:14:08 - [MESSAGE][INFO] - Checking response object

10-09-2024T14:14:08 - [MESSAGE][PASSED] - totalplay.Common.verifyPropertyExist is PASSED

10-09-2024T14:14:08 - [TEST_STEP][PASSED] - totalplay.Common.verifyPropertyValueExist(FoodOrderHistory, c_result_orders0_sellerIds): totalplay.Common.verifyPropertyValueExist is PASSED

10-09-2024T14:14:08 - [MESSAGE][INFO] - Checking response object

10-09-2024T14:14:08 - [MESSAGE][INFO] - 3936

10-09-2024T14:14:08 - [MESSAGE][PASSED] - totalplay.Common.verifyPropertyValueExist is PASSED

10-09-2024T14:14:08 - [TEST_STEP][PASSED] - totalplay.Common.verifyPropertyValueExist(FoodOrderHistory, c_result_orders0_product_info0_id): totalplay.Common.verifyPropertyValueExist is PASSED

10-09-2024T14:14:08 - [MESSAGE][INFO] - Checking response object

10-09-2024T14:14:08 - [MESSAGE][INFO] - C1005985055

10-09-2024T14:14:08 - [MESSAGE][PASSED] - totalplay.Common.verifyPropertyValueExist is PASSED

10-09-2024T14:14:08 - [TEST_STEP][PASSED] - totalplay.Common.verifyPropertyValueExist(FoodOrderHistory, c_result_orders0_product_info0_name): totalplay.Common.verifyPropertyValueExist is PASSED

10-09-2024T14:14:08 - [MESSAGE][INFO] - Checking response object

10-09-2024T14:14:08 - [MESSAGE][INFO] - Agua Mineral

10-09-2024T14:14:08 - [MESSAGE][PASSED] - totalplay.Common.verifyPropertyValueExist is PASSED

10-09-2024T14:14:08 - [TEST_STEP][PASSED] - totalplay.Common.verifyPropertyValueExist(FoodOrderHistory, c_result_orders0_product_info0_description): totalplay.Common.verifyPropertyValueExist is PASSED

10-09-2024T14:14:08 - [MESSAGE][INFO] - Checking response object

10-09-2024T14:14:08 - [MESSAGE][INFO] - 355 ml.

10-09-2024T14:14:08 - [MESSAGE][PASSED] - totalplay.Common.verifyPropertyValueExist is PASSED

10-09-2024T14:14:08 - [TEST_STEP][PASSED] - totalplay.Common.verifyPropertyExist(FoodOrderHistory, c_result_orders0_storeDetails): totalplay.Common.verifyPropertyExist is PASSED

10-09-2024T14:14:08 - [MESSAGE][INFO] - Checking response object

10-09-2024T14:14:08 - [MESSAGE][PASSED] - totalplay.Common.verifyPropertyExist is PASSED

10-09-2024T14:14:08 - [TEST_STEP][PASSED] - totalplay.Common.verifyPropertyValueExist(FoodOrderHistory, c_result_orders0_storeDetails_ID): totalplay.Common.verifyPropertyValueExist is PASSED

10-09-2024T14:14:08 - [MESSAGE][INFO] - Checking response object

10-09-2024T14:14:08 - [MESSAGE][INFO] - 3936

10-09-2024T14:14:08 - [MESSAGE][PASSED] - totalplay.Common.verifyPropertyValueExist is PASSED

10-09-2024T14:14:08 - [TEST_STEP][PASSED] - totalplay.Common.verifyPropertyValueExist(FoodOrderHistory, c_result_orders0_storeDetails_name): totalplay.Common.verifyPropertyValueExist is PASSED

10-09-2024T14:14:08 - [MESSAGE][INFO] - Checking response object

10-09-2024T14:14:08 - [MESSAGE][INFO] - Vamos en Masa

10-09-2024T14:14:08 - [MESSAGE][PASSED] - totalplay.Common.verifyPropertyValueExist is PASSED

10-09-2024T14:14:08 - [TEST_STEP][PASSED] - totalplay.Common.verifyPropertyValueExist(FoodOrderHistory, c_result_orders0_storeDetails_phone): totalplay.Common.verifyPropertyValueExist is PASSED

10-09-2024T14:14:08 - [MESSAGE][INFO] - Checking response object

10-09-2024T14:14:08 - [MESSAGE][INFO] - 5619843072

10-09-2024T14:14:08 - [MESSAGE][PASSED] - totalplay.Common.verifyPropertyValueExist is PASSED

10-09-2024T14:14:08 - [TEST_STEP][PASSED] - totalplay.Common.verifyPropertyValueExist(FoodOrderHistory, c_result_orders0_storeDetails_logo): totalplay.Common.verifyPropertyValueExist is PASSED

10-09-2024T14:14:08 - [MESSAGE][INFO] - Checking response object

10-09-2024T14:14:08 - [MESSAGE][INFO] - https://salesforcestaging.sistemastp.com.mx/on/demandware.static/-/Sites/default/dwc51ae4b7/images/seller/393667252.70665444001

10-09-2024T14:14:08 - [MESSAGE][PASSED] - totalplay.Common.verifyPropertyValueExist is PASSED

10-09-2024T14:14:08 - [TEST_STEP][PASSED] - totalplay.Common.verifyPropertyValueExist(FoodOrderHistory, c_result_orders0_storeDetails_verticalType): totalplay.Common.verifyPropertyValueExist is PASSED

10-09-2024T14:14:08 - [MESSAGE][INFO] - Checking response object

10-09-2024T14:14:08 - [MESSAGE][INFO] - OnDemand

10-09-2024T14:14:08 - [MESSAGE][PASSED] - totalplay.Common.verifyPropertyValueExist is PASSED

10-09-2024T14:14:08 - [TEST_STEP][PASSED] - totalplay.Common.verifyPropertyValueExist(FoodOrderHistory, c_result_orders0_storeDetails_averageRating): totalplay.Common.verifyPropertyValueExist is PASSED

10-09-2024T14:14:08 - [MESSAGE][INFO] - Checking response object

10-09-2024T14:14:08 - [MESSAGE][INFO] - 

10-09-2024T14:14:08 - [MESSAGE][PASSED] - totalplay.Common.verifyPropertyValueExist is PASSED

10-09-2024T14:14:08 - [TEST_STEP][PASSED] - totalplay.Common.verifyPropertyExist(FoodOrderHistory, c_result_orders0_status): totalplay.Common.verifyPropertyExist is PASSED

10-09-2024T14:14:08 - [MESSAGE][INFO] - Checking response object

10-09-2024T14:14:08 - [MESSAGE][PASSED] - totalplay.Common.verifyPropertyExist is PASSED

10-09-2024T14:14:08 - [TEST_STEP][PASSED] - totalplay.Common.verifyPropertyValueExist(FoodOrderHistory, c_result_orders1_order_no): totalplay.Common.verifyPropertyValueExist is PASSED

10-09-2024T14:14:08 - [MESSAGE][INFO] - Checking response object

10-09-2024T14:14:08 - [MESSAGE][INFO] - 00052137

10-09-2024T14:14:08 - [MESSAGE][PASSED] - totalplay.Common.verifyPropertyValueExist is PASSED

10-09-2024T14:14:08 - [TEST_STEP][PASSED] - totalplay.Common.verifyPropertyValueExist(FoodOrderHistory, c_result_orders1_sellerNames): totalplay.Common.verifyPropertyValueExist is PASSED

10-09-2024T14:14:08 - [MESSAGE][INFO] - Checking response object

10-09-2024T14:14:09 - [MESSAGE][INFO] - Vamos en Masa

10-09-2024T14:14:09 - [MESSAGE][PASSED] - totalplay.Common.verifyPropertyValueExist is PASSED

10-09-2024T14:14:09 - [TEST_STEP][PASSED] - totalplay.Common.verifyPropertyValueExist(FoodOrderHistory, c_result_orders1_edd): totalplay.Common.verifyPropertyValueExist is PASSED

10-09-2024T14:14:09 - [MESSAGE][INFO] - Checking response object

10-09-2024T14:14:09 - [MESSAGE][INFO] - 90 mins

10-09-2024T14:14:09 - [MESSAGE][PASSED] - totalplay.Common.verifyPropertyValueExist is PASSED

10-09-2024T14:14:09 - [TEST_STEP][PASSED] - totalplay.Common.verifyPropertyValueExist(FoodOrderHistory, c_result_orders1_order_created): totalplay.Common.verifyPropertyValueExist is PASSED

10-09-2024T14:14:09 - [MESSAGE][INFO] - Checking response object

10-09-2024T14:14:09 - [MESSAGE][INFO] - 2024-09-09 12:36:19.0

10-09-2024T14:14:09 - [MESSAGE][PASSED] - totalplay.Common.verifyPropertyValueExist is PASSED

10-09-2024T14:14:09 - [TEST_STEP][PASSED] - totalplay.Common.verifyPropertyExist(FoodOrderHistory, c_result_orders1_productIdsList): totalplay.Common.verifyPropertyExist is PASSED

10-09-2024T14:14:09 - [MESSAGE][INFO] - Checking response object

10-09-2024T14:14:09 - [MESSAGE][PASSED] - totalplay.Common.verifyPropertyExist is PASSED

10-09-2024T14:14:09 - [TEST_STEP][PASSED] - totalplay.Common.getNumValueofObject(FoodOrderHistory, c_result_orders1_products_count): totalplay.Common.getNumValueofObject is PASSED

10-09-2024T14:14:09 - [MESSAGE][INFO] - Checking response object

10-09-2024T14:14:09 - [MESSAGE][PASSED] - totalplay.Common.getNumValueofObject is PASSED

10-09-2024T14:14:09 - [TEST_STEP][PASSED] - totalplay.Common.verifyPropertyValueExist(FoodOrderHistory, c_result_orders1_corporate_name): totalplay.Common.verifyPropertyValueExist is PASSED

10-09-2024T14:14:09 - [MESSAGE][INFO] - Checking response object

10-09-2024T14:14:09 - [MESSAGE][INFO] - Vamosenmasa

10-09-2024T14:14:09 - [MESSAGE][PASSED] - totalplay.Common.verifyPropertyValueExist is PASSED

10-09-2024T14:14:09 - [TEST_STEP][PASSED] - totalplay.Common.verifyPropertyValueExist(FoodOrderHistory, c_result_orders1_order_total): totalplay.Common.verifyPropertyValueExist is PASSED

10-09-2024T14:14:09 - [MESSAGE][INFO] - Checking response object

10-09-2024T14:14:09 - [MESSAGE][INFO] - $93.84

10-09-2024T14:14:09 - [MESSAGE][PASSED] - totalplay.Common.verifyPropertyValueExist is PASSED

10-09-2024T14:14:09 - [TEST_STEP][PASSED] - totalplay.Common.verifyPropertyValueExist(FoodOrderHistory, c_result_orders1_sellerIds): totalplay.Common.verifyPropertyValueExist is PASSED

10-09-2024T14:14:09 - [MESSAGE][INFO] - Checking response object

10-09-2024T14:14:09 - [MESSAGE][INFO] - 3936

10-09-2024T14:14:09 - [MESSAGE][PASSED] - totalplay.Common.verifyPropertyValueExist is PASSED

10-09-2024T14:14:09 - [TEST_STEP][PASSED] - totalplay.Common.verifyPropertyExist(FoodOrderHistory, c_result_orders1_product_info): totalplay.Common.verifyPropertyExist is PASSED

10-09-2024T14:14:09 - [MESSAGE][INFO] - Checking response object

10-09-2024T14:14:09 - [MESSAGE][PASSED] - totalplay.Common.verifyPropertyExist is PASSED

10-09-2024T14:14:09 - [TEST_STEP][PASSED] - totalplay.Common.verifyPropertyValueExist(FoodOrderHistory, c_result_orders1_product_info0_id): totalplay.Common.verifyPropertyValueExist is PASSED

10-09-2024T14:14:09 - [MESSAGE][INFO] - Checking response object

10-09-2024T14:14:09 - [MESSAGE][INFO] - C260312954

10-09-2024T14:14:09 - [MESSAGE][PASSED] - totalplay.Common.verifyPropertyValueExist is PASSED

10-09-2024T14:14:09 - [TEST_STEP][PASSED] - totalplay.Common.verifyPropertyValueExist(FoodOrderHistory, c_result_orders1_product_info0_name): totalplay.Common.verifyPropertyValueExist is PASSED

10-09-2024T14:14:09 - [MESSAGE][INFO] - Checking response object

10-09-2024T14:14:09 - [MESSAGE][INFO] - Agua Ciel

10-09-2024T14:14:09 - [MESSAGE][PASSED] - totalplay.Common.verifyPropertyValueExist is PASSED

10-09-2024T14:14:09 - [TEST_STEP][PASSED] - totalplay.Common.verifyPropertyValueExist(FoodOrderHistory, c_result_orders1_product_info0_description): totalplay.Common.verifyPropertyValueExist is PASSED

10-09-2024T14:14:09 - [MESSAGE][INFO] - Checking response object

10-09-2024T14:14:09 - [MESSAGE][INFO] - 600 ml.

10-09-2024T14:14:09 - [MESSAGE][PASSED] - totalplay.Common.verifyPropertyValueExist is PASSED

10-09-2024T14:14:09 - [TEST_STEP][PASSED] - totalplay.Common.verifyPropertyExist(FoodOrderHistory, c_result_orders1_storeDetails): totalplay.Common.verifyPropertyExist is PASSED

10-09-2024T14:14:09 - [MESSAGE][INFO] - Checking response object

10-09-2024T14:14:09 - [MESSAGE][PASSED] - totalplay.Common.verifyPropertyExist is PASSED

10-09-2024T14:14:09 - [TEST_STEP][PASSED] - totalplay.Common.verifyPropertyValueExist(FoodOrderHistory, c_result_orders1_storeDetails_ID): totalplay.Common.verifyPropertyValueExist is PASSED

10-09-2024T14:14:09 - [MESSAGE][INFO] - Checking response object

10-09-2024T14:14:09 - [MESSAGE][INFO] - 3936

10-09-2024T14:14:09 - [MESSAGE][PASSED] - totalplay.Common.verifyPropertyValueExist is PASSED

10-09-2024T14:14:09 - [TEST_STEP][PASSED] - totalplay.Common.verifyPropertyValueExist(FoodOrderHistory, c_result_orders1_storeDetails_name): totalplay.Common.verifyPropertyValueExist is PASSED

10-09-2024T14:14:09 - [MESSAGE][INFO] - Checking response object

10-09-2024T14:14:09 - [MESSAGE][INFO] - Vamos en Masa

10-09-2024T14:14:09 - [MESSAGE][PASSED] - totalplay.Common.verifyPropertyValueExist is PASSED

10-09-2024T14:14:09 - [TEST_STEP][PASSED] - totalplay.Common.verifyPropertyValueExist(FoodOrderHistory, c_result_orders1_storeDetails_phone): totalplay.Common.verifyPropertyValueExist is PASSED

10-09-2024T14:14:09 - [MESSAGE][INFO] - Checking response object

10-09-2024T14:14:10 - [MESSAGE][INFO] - 5619843072

10-09-2024T14:14:10 - [MESSAGE][PASSED] - totalplay.Common.verifyPropertyValueExist is PASSED

10-09-2024T14:14:10 - [TEST_STEP][PASSED] - totalplay.Common.verifyPropertyValueExist(FoodOrderHistory, c_result_orders1_storeDetails_logo): totalplay.Common.verifyPropertyValueExist is PASSED

10-09-2024T14:14:10 - [MESSAGE][INFO] - Checking response object

10-09-2024T14:14:10 - [MESSAGE][INFO] - https://salesforcestaging.sistemastp.com.mx/on/demandware.static/-/Sites/default/dwc51ae4b7/images/seller/393667252.70665444001

10-09-2024T14:14:10 - [MESSAGE][PASSED] - totalplay.Common.verifyPropertyValueExist is PASSED

10-09-2024T14:14:10 - [TEST_STEP][PASSED] - totalplay.Common.verifyPropertyValueExist(FoodOrderHistory, c_result_orders1_storeDetails_verticalType): totalplay.Common.verifyPropertyValueExist is PASSED

10-09-2024T14:14:10 - [MESSAGE][INFO] - Checking response object

10-09-2024T14:14:10 - [MESSAGE][INFO] - OnDemand

10-09-2024T14:14:10 - [MESSAGE][PASSED] - totalplay.Common.verifyPropertyValueExist is PASSED

10-09-2024T14:14:10 - [TEST_STEP][PASSED] - totalplay.Common.verifyPropertyValueExist(FoodOrderHistory, c_result_orders1_storeDetails_averageRating): totalplay.Common.verifyPropertyValueExist is PASSED

10-09-2024T14:14:10 - [MESSAGE][INFO] - Checking response object

10-09-2024T14:14:10 - [MESSAGE][INFO] - 

10-09-2024T14:14:10 - [MESSAGE][PASSED] - totalplay.Common.verifyPropertyValueExist is PASSED

10-09-2024T14:14:10 - [TEST_STEP][PASSED] - totalplay.Common.verifyPropertyValueExist(FoodOrderHistory, c_result_orders1_status): totalplay.Common.verifyPropertyValueExist is PASSED

10-09-2024T14:14:10 - [MESSAGE][INFO] - Checking response object

10-09-2024T14:14:10 - [MESSAGE][INFO] - entregados

10-09-2024T14:14:10 - [MESSAGE][PASSED] - totalplay.Common.verifyPropertyValueExist is PASSED

10-09-2024T14:14:10 - [TEST_STEP][PASSED] - totalplay.Common.getNumValueofObject(FoodOrderHistory, c_result_order_total_count): totalplay.Common.getNumValueofObject is PASSED

10-09-2024T14:14:10 - [MESSAGE][INFO] - Checking response object

10-09-2024T14:14:10 - [MESSAGE][PASSED] - totalplay.Common.getNumValueofObject is PASSED

10-09-2024T14:14:10 - [TEST_STEP][PASSED] - totalplay.Common.getNumValueofObject(FoodOrderHistory, c_result_total_pages): totalplay.Common.getNumValueofObject is PASSED

10-09-2024T14:14:10 - [MESSAGE][INFO] - Checking response object

10-09-2024T14:14:10 - [MESSAGE][PASSED] - totalplay.Common.getNumValueofObject is PASSED]]></system-out>
         <system-err><![CDATA[]]></system-err>
      </testcase>
      <system-out><![CDATA[10-09-2024T14:11:14 - [TEST_SUITE][PASSED] - Food_Service_Normal_Flow: Test Cases/TotalPlay-Food/TC_24_Food Order History]]></system-out>
      <system-err><![CDATA[]]></system-err>
   </testsuite>
</testsuites>
