<?xml version="1.0" encoding="UTF-8"?>
<testsuites name="Food_Services" time="81.504" tests="10" failures="0" errors="0">
   <testsuite name="Food_Services" tests="10" failures="0" errors="0" time="81.504" skipped="0" timestamp="26-07-2024T17:57:18" hostname="ShubhamKumarThakur - KVITSPL-0406" id="Test Suites/Food_Services">
      <properties>
         <property name="deviceName" value=""/>
         <property name="devicePlatform"/>
         <property name="logFolder" value="C:\\Users\\ShubhamKumarThakur\\OneDrive - Kognivera\\Documents\\TotalPlay\\totalplay-automation\\Reports\\20240726_175712\\Food_Services\\20240726_175712"/>
         <property name="logFiles" value="C:\\Users\\ShubhamKumarThakur\\OneDrive - Kognivera\\Documents\\TotalPlay\\totalplay-automation\\Reports\\20240726_175712\\Food_Services\\20240726_175712\\execution0.log"/>
         <property name="attachments" value=""/>
         <property name="hostName" value="ShubhamKumarThakur - KVITSPL-0406"/>
         <property name="hostAddress" value="10.3.1.126"/>
         <property name="os" value="Windows 10 64bit"/>
         <property name="katalonVersion" value="9.6.0.217"/>
      </properties>
      <testcase name="Test Cases/TotalPlay-Food/TC_1_Login_Service" time="7.092" classname="Test Cases/TotalPlay-Food/TC_1_Login_Service" status="PASSED">
         <system-out><![CDATA[26-07-2024T17:57:19 - [TEST_CASE][PASSED] - Test Cases/TotalPlay-Food/TC_1_Login_Service: Test Cases/TotalPlay-Food/TC_1_Login_Service

26-07-2024T17:57:19 - [TEST_STEP][PASSED] - LoginResponse = sendRequest(findTestObject("TotalPlay-Food/getTokenDelivery", ["URL":URL])): Send request successfully

26-07-2024T17:57:20 - [MESSAGE][INFO] - Finding Test Object 'Object Repository/TotalPlay-Food/getTokenDelivery'

26-07-2024T17:57:20 - [MESSAGE][INFO] - Checking request object

26-07-2024T17:57:25 - [MESSAGE][INFO] - HAR: C:\Users\ShubhamKumarThakur\OneDrive - Kognivera\Documents\TotalPlay\totalplay-automation\Reports\20240726_175712\Food_Services\20240726_175712\requests\main\0.har

26-07-2024T17:57:25 - [MESSAGE][PASSED] - Send request successfully

26-07-2024T17:57:25 - [TEST_STEP][PASSED] - assert getResponseStatusCode(LoginResponse) == 200: Checking response object

26-07-2024T17:57:25 - [MESSAGE][INFO] - Checking response object

26-07-2024T17:57:25 - [TEST_STEP][PASSED] - Auth = "ocapiResponse.access_token": null

26-07-2024T17:57:25 - [TEST_STEP][PASSED] - FoodBascketId = "ocapiResponse.c_basketId_TP_FOOD": null

26-07-2024T17:57:25 - [TEST_STEP][PASSED] - FoodBasId = getElementPropertyValue(LoginResponse, FoodBascketId): Checking response object

26-07-2024T17:57:25 - [MESSAGE][INFO] - Checking response object

26-07-2024T17:57:25 - [TEST_STEP][PASSED] - sfccAuthorization = getElementPropertyValue(LoginResponse, Auth): Checking response object

26-07-2024T17:57:25 - [MESSAGE][INFO] - Checking response object

26-07-2024T17:57:25 - [TEST_STEP][PASSED] - Authorization = "Bearer " + sfccAuthorization: null

26-07-2024T17:57:25 - [TEST_STEP][PASSED] - FoodBasketId = FoodBasId: null

26-07-2024T17:57:25 - [TEST_STEP][PASSED] - logInfo(bm_auth_token): 

26-07-2024T17:57:25 - [MESSAGE][INFO] - 

26-07-2024T17:57:25 - [TEST_STEP][PASSED] - if (sfccAuthorization.length() == 0): null

26-07-2024T17:57:25 - [TEST_STEP][PASSED] - else: authorization generated

26-07-2024T17:57:25 - [TEST_STEP][PASSED] - markPassed("authorization generated"): authorization generated

26-07-2024T17:57:25 - [MESSAGE][PASSED] - authorization generated

26-07-2024T17:57:25 - [TEST_STEP][PASSED] - BasketId_loginResponse = "ocapiResponse.c_basketId": null

26-07-2024T17:57:25 - [TEST_STEP][PASSED] - CustomerId_loginResponse = "ocapiResponse.customer_id": null

26-07-2024T17:57:25 - [TEST_STEP][PASSED] - basketId = getElementPropertyValue(LoginResponse, BasketId_loginResponse): Checking response object

26-07-2024T17:57:25 - [MESSAGE][INFO] - Checking response object

26-07-2024T17:57:25 - [TEST_STEP][PASSED] - customerId = getElementPropertyValue(LoginResponse, CustomerId_loginResponse): Checking response object

26-07-2024T17:57:25 - [MESSAGE][INFO] - Checking response object

26-07-2024T17:57:25 - [TEST_STEP][PASSED] - basketID = basketId: null

26-07-2024T17:57:25 - [TEST_STEP][PASSED] - sla_customerId = customerId: null

26-07-2024T17:57:25 - [TEST_STEP][PASSED] - println(basketID): null

26-07-2024T17:57:25 - [TEST_STEP][PASSED] - println(sla_customerId): null

26-07-2024T17:57:25 - [TEST_STEP][PASSED] - refresh_token = "ocapiResponse.refresh_token": null

26-07-2024T17:57:25 - [TEST_STEP][PASSED] - customer_email = "ocapiResponse.customer_email": null

26-07-2024T17:57:25 - [TEST_STEP][PASSED] - c_brmId = "ocapiResponse.c_brmId": null

26-07-2024T17:57:25 - [TEST_STEP][PASSED] - customer_name = "ocapiResponse.customer_name": null

26-07-2024T17:57:25 - [TEST_STEP][PASSED] - totalplay.Common.verifyPropertyExist(LoginResponse, refresh_token): totalplay.Common.verifyPropertyExist is PASSED

26-07-2024T17:57:25 - [MESSAGE][INFO] - Checking response object

26-07-2024T17:57:26 - [MESSAGE][PASSED] - totalplay.Common.verifyPropertyExist is PASSED

26-07-2024T17:57:26 - [TEST_STEP][PASSED] - totalplay.Common.verifyPropertyValueExist(LoginResponse, refresh_token): totalplay.Common.verifyPropertyValueExist is PASSED

26-07-2024T17:57:26 - [MESSAGE][INFO] - Checking response object

26-07-2024T17:57:26 - [MESSAGE][INFO] - mtM2wKdbAhuGCB2Zho6if33ODlXSWh2YDB7o6PgnKxM

26-07-2024T17:57:26 - [MESSAGE][PASSED] - totalplay.Common.verifyPropertyValueExist is PASSED

26-07-2024T17:57:26 - [TEST_STEP][PASSED] - totalplay.Common.verifyPropertyExist(LoginResponse, customer_email): totalplay.Common.verifyPropertyExist is PASSED

26-07-2024T17:57:26 - [MESSAGE][INFO] - Checking response object

26-07-2024T17:57:26 - [MESSAGE][PASSED] - totalplay.Common.verifyPropertyExist is PASSED

26-07-2024T17:57:26 - [TEST_STEP][PASSED] - totalplay.Common.verifyPropertyValueExist(LoginResponse, customer_email): totalplay.Common.verifyPropertyValueExist is PASSED

26-07-2024T17:57:26 - [MESSAGE][INFO] - Checking response object

26-07-2024T17:57:26 - [MESSAGE][INFO] - cesar.waldo93@gmail.com

26-07-2024T17:57:26 - [MESSAGE][PASSED] - totalplay.Common.verifyPropertyValueExist is PASSED

26-07-2024T17:57:26 - [TEST_STEP][PASSED] - totalplay.Common.verifyPropertyExist(LoginResponse, customer_name): totalplay.Common.verifyPropertyExist is PASSED

26-07-2024T17:57:26 - [MESSAGE][INFO] - Checking response object

26-07-2024T17:57:26 - [MESSAGE][PASSED] - totalplay.Common.verifyPropertyExist is PASSED

26-07-2024T17:57:26 - [TEST_STEP][PASSED] - totalplay.Common.verifyPropertyValueExist(LoginResponse, customer_name): totalplay.Common.verifyPropertyValueExist is PASSED

26-07-2024T17:57:26 - [MESSAGE][INFO] - Checking response object

26-07-2024T17:57:26 - [MESSAGE][INFO] - CESAR GERARDO WALDO GONZALEZ

26-07-2024T17:57:26 - [MESSAGE][PASSED] - totalplay.Common.verifyPropertyValueExist is PASSED

26-07-2024T17:57:26 - [TEST_STEP][PASSED] - totalplay.Common.verifyPropertyExist(LoginResponse, c_brmId): totalplay.Common.verifyPropertyExist is PASSED

26-07-2024T17:57:26 - [MESSAGE][INFO] - Checking response object

26-07-2024T17:57:26 - [MESSAGE][PASSED] - totalplay.Common.verifyPropertyExist is PASSED

26-07-2024T17:57:26 - [TEST_STEP][PASSED] - totalplay.Common.verifyPropertyValueExist(LoginResponse, c_brmId): totalplay.Common.verifyPropertyValueExist is PASSED

26-07-2024T17:57:26 - [MESSAGE][INFO] - Checking response object

26-07-2024T17:57:26 - [MESSAGE][INFO] - 0106378356

26-07-2024T17:57:26 - [MESSAGE][PASSED] - totalplay.Common.verifyPropertyValueExist is PASSED]]></system-out>
         <system-err><![CDATA[]]></system-err>
      </testcase>
      <testcase name="Test Cases/TotalPlay-Food/TC_2_Food_Store_Listing_Page_(SLP)" time="7.454" classname="Test Cases/TotalPlay-Food/TC_2_Food_Store_Listing_Page_(SLP)" status="PASSED">
         <system-out><![CDATA[26-07-2024T17:57:26 - [TEST_CASE][PASSED] - Test Cases/TotalPlay-Food/TC_2_Food_Store_Listing_Page_(SLP): Test Cases/TotalPlay-Food/TC_2_Food_Store_Listing_Page_(SLP)

26-07-2024T17:57:26 - [TEST_STEP][PASSED] - callTestCase(findTestCase("TotalPlay-Food/TC_1_Login_Service"), [:], STOP_ON_FAILURE): Call Test Case 'Test Cases/TotalPlay-Food/TC_1_Login_Service' successfully

26-07-2024T17:57:26 - [MESSAGE][INFO] - Checking called Test Case

26-07-2024T17:57:26 - [MESSAGE][INFO] - Starting to call Test Case 'Test Cases/TotalPlay-Food/TC_1_Login_Service'

26-07-2024T17:57:26 - [TEST_CASE][PASSED] - Test Cases/TotalPlay-Food/TC_1_Login_Service: Test Cases/TotalPlay-Food/TC_1_Login_Service

26-07-2024T17:57:26 - [TEST_STEP][PASSED] - LoginResponse = sendRequest(findTestObject("TotalPlay-Food/getTokenDelivery", ["URL":URL])): Send request successfully

26-07-2024T17:57:26 - [MESSAGE][INFO] - Finding Test Object 'Object Repository/TotalPlay-Food/getTokenDelivery'

26-07-2024T17:57:27 - [MESSAGE][INFO] - Checking request object

26-07-2024T17:57:30 - [MESSAGE][INFO] - HAR: C:\Users\ShubhamKumarThakur\OneDrive - Kognivera\Documents\TotalPlay\totalplay-automation\Reports\20240726_175712\Food_Services\20240726_175712\requests\main\1.har

26-07-2024T17:57:30 - [MESSAGE][PASSED] - Send request successfully

26-07-2024T17:57:30 - [TEST_STEP][PASSED] - assert getResponseStatusCode(LoginResponse) == 200: Checking response object

26-07-2024T17:57:30 - [MESSAGE][INFO] - Checking response object

26-07-2024T17:57:30 - [TEST_STEP][PASSED] - Auth = "ocapiResponse.access_token": null

26-07-2024T17:57:30 - [TEST_STEP][PASSED] - FoodBascketId = "ocapiResponse.c_basketId_TP_FOOD": null

26-07-2024T17:57:30 - [TEST_STEP][PASSED] - FoodBasId = getElementPropertyValue(LoginResponse, FoodBascketId): Checking response object

26-07-2024T17:57:30 - [MESSAGE][INFO] - Checking response object

26-07-2024T17:57:30 - [TEST_STEP][PASSED] - sfccAuthorization = getElementPropertyValue(LoginResponse, Auth): Checking response object

26-07-2024T17:57:30 - [MESSAGE][INFO] - Checking response object

26-07-2024T17:57:30 - [TEST_STEP][PASSED] - Authorization = "Bearer " + sfccAuthorization: null

26-07-2024T17:57:30 - [TEST_STEP][PASSED] - FoodBasketId = FoodBasId: null

26-07-2024T17:57:30 - [TEST_STEP][PASSED] - logInfo(bm_auth_token): 

26-07-2024T17:57:30 - [MESSAGE][INFO] - 

26-07-2024T17:57:30 - [TEST_STEP][PASSED] - if (sfccAuthorization.length() == 0): null

26-07-2024T17:57:30 - [TEST_STEP][PASSED] - else: authorization generated

26-07-2024T17:57:30 - [TEST_STEP][PASSED] - markPassed("authorization generated"): authorization generated

26-07-2024T17:57:30 - [MESSAGE][PASSED] - authorization generated

26-07-2024T17:57:30 - [TEST_STEP][PASSED] - BasketId_loginResponse = "ocapiResponse.c_basketId": null

26-07-2024T17:57:30 - [TEST_STEP][PASSED] - CustomerId_loginResponse = "ocapiResponse.customer_id": null

26-07-2024T17:57:30 - [TEST_STEP][PASSED] - basketId = getElementPropertyValue(LoginResponse, BasketId_loginResponse): Checking response object

26-07-2024T17:57:30 - [MESSAGE][INFO] - Checking response object

26-07-2024T17:57:30 - [TEST_STEP][PASSED] - customerId = getElementPropertyValue(LoginResponse, CustomerId_loginResponse): Checking response object

26-07-2024T17:57:30 - [MESSAGE][INFO] - Checking response object

26-07-2024T17:57:30 - [TEST_STEP][PASSED] - basketID = basketId: null

26-07-2024T17:57:30 - [TEST_STEP][PASSED] - sla_customerId = customerId: null

26-07-2024T17:57:30 - [TEST_STEP][PASSED] - println(basketID): null

26-07-2024T17:57:30 - [TEST_STEP][PASSED] - println(sla_customerId): null

26-07-2024T17:57:30 - [TEST_STEP][PASSED] - refresh_token = "ocapiResponse.refresh_token": null

26-07-2024T17:57:30 - [TEST_STEP][PASSED] - customer_email = "ocapiResponse.customer_email": null

26-07-2024T17:57:30 - [TEST_STEP][PASSED] - c_brmId = "ocapiResponse.c_brmId": null

26-07-2024T17:57:30 - [TEST_STEP][PASSED] - customer_name = "ocapiResponse.customer_name": null

26-07-2024T17:57:30 - [TEST_STEP][PASSED] - totalplay.Common.verifyPropertyExist(LoginResponse, refresh_token): totalplay.Common.verifyPropertyExist is PASSED

26-07-2024T17:57:30 - [MESSAGE][INFO] - Checking response object

26-07-2024T17:57:30 - [MESSAGE][PASSED] - totalplay.Common.verifyPropertyExist is PASSED

26-07-2024T17:57:30 - [TEST_STEP][PASSED] - totalplay.Common.verifyPropertyValueExist(LoginResponse, refresh_token): totalplay.Common.verifyPropertyValueExist is PASSED

26-07-2024T17:57:30 - [MESSAGE][INFO] - Checking response object

26-07-2024T17:57:30 - [MESSAGE][INFO] - 0KuVGUSK1ImRLK6f80uJfUMgM6Tnr4pvqJTu6QeHJmY

26-07-2024T17:57:30 - [MESSAGE][PASSED] - totalplay.Common.verifyPropertyValueExist is PASSED

26-07-2024T17:57:30 - [TEST_STEP][PASSED] - totalplay.Common.verifyPropertyExist(LoginResponse, customer_email): totalplay.Common.verifyPropertyExist is PASSED

26-07-2024T17:57:30 - [MESSAGE][INFO] - Checking response object

26-07-2024T17:57:30 - [MESSAGE][PASSED] - totalplay.Common.verifyPropertyExist is PASSED

26-07-2024T17:57:30 - [TEST_STEP][PASSED] - totalplay.Common.verifyPropertyValueExist(LoginResponse, customer_email): totalplay.Common.verifyPropertyValueExist is PASSED

26-07-2024T17:57:30 - [MESSAGE][INFO] - Checking response object

26-07-2024T17:57:30 - [MESSAGE][INFO] - cesar.waldo93@gmail.com

26-07-2024T17:57:30 - [MESSAGE][PASSED] - totalplay.Common.verifyPropertyValueExist is PASSED

26-07-2024T17:57:30 - [TEST_STEP][PASSED] - totalplay.Common.verifyPropertyExist(LoginResponse, customer_name): totalplay.Common.verifyPropertyExist is PASSED

26-07-2024T17:57:30 - [MESSAGE][INFO] - Checking response object

26-07-2024T17:57:30 - [MESSAGE][PASSED] - totalplay.Common.verifyPropertyExist is PASSED

26-07-2024T17:57:30 - [TEST_STEP][PASSED] - totalplay.Common.verifyPropertyValueExist(LoginResponse, customer_name): totalplay.Common.verifyPropertyValueExist is PASSED

26-07-2024T17:57:30 - [MESSAGE][INFO] - Checking response object

26-07-2024T17:57:30 - [MESSAGE][INFO] - CESAR GERARDO WALDO GONZALEZ

26-07-2024T17:57:30 - [MESSAGE][PASSED] - totalplay.Common.verifyPropertyValueExist is PASSED

26-07-2024T17:57:30 - [TEST_STEP][PASSED] - totalplay.Common.verifyPropertyExist(LoginResponse, c_brmId): totalplay.Common.verifyPropertyExist is PASSED

26-07-2024T17:57:30 - [MESSAGE][INFO] - Checking response object

26-07-2024T17:57:30 - [MESSAGE][PASSED] - totalplay.Common.verifyPropertyExist is PASSED

26-07-2024T17:57:30 - [TEST_STEP][PASSED] - totalplay.Common.verifyPropertyValueExist(LoginResponse, c_brmId): totalplay.Common.verifyPropertyValueExist is PASSED

26-07-2024T17:57:30 - [MESSAGE][INFO] - Checking response object

26-07-2024T17:57:30 - [MESSAGE][INFO] - 0106378356

26-07-2024T17:57:30 - [MESSAGE][PASSED] - totalplay.Common.verifyPropertyValueExist is PASSED

26-07-2024T17:57:30 - [MESSAGE][PASSED] - Call Test Case 'Test Cases/TotalPlay-Food/TC_1_Login_Service' successfully

26-07-2024T17:57:30 - [TEST_STEP][PASSED] - FoodSLP = sendRequest(findTestObject("TotalPlay-Food/Food SLP", ["URL":URL])): Send request successfully

26-07-2024T17:57:30 - [MESSAGE][INFO] - Finding Test Object 'Object Repository/TotalPlay-Food/Food SLP'

26-07-2024T17:57:30 - [MESSAGE][INFO] - Checking request object

26-07-2024T17:57:32 - [MESSAGE][INFO] - HAR: C:\Users\ShubhamKumarThakur\OneDrive - Kognivera\Documents\TotalPlay\totalplay-automation\Reports\20240726_175712\Food_Services\20240726_175712\requests\main\2.har

26-07-2024T17:57:32 - [MESSAGE][PASSED] - Send request successfully

26-07-2024T17:57:32 - [TEST_STEP][PASSED] - verifyResponseStatusCode(FoodSLP, 200): Verify response status code successfully

26-07-2024T17:57:32 - [MESSAGE][INFO] - Checking response object

26-07-2024T17:57:32 - [MESSAGE][PASSED] - Verify response status code successfully

26-07-2024T17:57:32 - [TEST_STEP][PASSED] - pageId = "pageId": null

26-07-2024T17:57:32 - [TEST_STEP][PASSED] - pageTypeId = "pageTypeId": null

26-07-2024T17:57:32 - [TEST_STEP][PASSED] - pageTitle = "pageTitle": null

26-07-2024T17:57:32 - [TEST_STEP][PASSED] - components_componentTypeId = "components[0].componentTypeId": null

26-07-2024T17:57:32 - [TEST_STEP][PASSED] - components = "components": null

26-07-2024T17:57:32 - [TEST_STEP][PASSED] - components_componentType = "components[0].componentType": null

26-07-2024T17:57:32 - [TEST_STEP][PASSED] - components_bannerLayout = "components[0].bannerLayout": null

26-07-2024T17:57:32 - [TEST_STEP][PASSED] - components_textHeadline = "components[0].textHeadline": null

26-07-2024T17:57:32 - [TEST_STEP][PASSED] - components_componentAssets = "components[0].componentAssets": null

26-07-2024T17:57:32 - [TEST_STEP][PASSED] - components_componentAssets_componentTypeId = "components[0].componentAssets[0].componentTypeId": null

26-07-2024T17:57:32 - [TEST_STEP][PASSED] - components_componentAssets_image = "components[0].componentAssets[0].image": null

26-07-2024T17:57:32 - [TEST_STEP][PASSED] - components_componentAssets_componentType = "components[0].componentAssets[0].componentType": null

26-07-2024T17:57:32 - [TEST_STEP][PASSED] - components_componentAssets_corporateColorCode = "components[0].componentAssets[0].corporateColorCode": null

26-07-2024T17:57:32 - [TEST_STEP][PASSED] - components_componentAssets_bannerDesc = "components[0].componentAssets[0].bannerDesc": null

26-07-2024T17:57:32 - [TEST_STEP][PASSED] - components_componentAssets_isAgeRestricted = "components[0].componentAssets[0].isAgeRestricted": null

26-07-2024T17:57:32 - [TEST_STEP][PASSED] - components_componentAssets_link = "components[0].componentAssets[0].link": null

26-07-2024T17:57:32 - [TEST_STEP][PASSED] - components_componentAssets_bannerName = "components[0].componentAssets[0].bannerName": null

26-07-2024T17:57:32 - [TEST_STEP][PASSED] - components_componentAssets_logo = "components[0].componentAssets[0].logo": null

26-07-2024T17:57:32 - [TEST_STEP][PASSED] - components_componentAssets_linkType = "components[0].componentAssets[0].linkType": null

26-07-2024T17:57:32 - [TEST_STEP][PASSED] - components_componentAssets_positionAfter = "components[0].componentAssets[0].positionAfter": null

26-07-2024T17:57:32 - [TEST_STEP][PASSED] - components_componentAssets_deliveryTime = "components[0].componentAssets[0].deliveryTime": null

26-07-2024T17:57:32 - [TEST_STEP][PASSED] - components_componentAssets_promotion = "components[0].componentAssets[0].promotion": null

26-07-2024T17:57:32 - [TEST_STEP][PASSED] - components_componentAssets_storeName = "components[0].componentAssets[0].storeName": null

26-07-2024T17:57:32 - [TEST_STEP][PASSED] - components_componentAssets_ID = "components[0].componentAssets[0].ID": null

26-07-2024T17:57:32 - [TEST_STEP][PASSED] - totalplay.Common.verifyPropertyExist(FoodSLP, pageId): totalplay.Common.verifyPropertyExist is PASSED

26-07-2024T17:57:32 - [MESSAGE][INFO] - Checking response object

26-07-2024T17:57:32 - [MESSAGE][PASSED] - totalplay.Common.verifyPropertyExist is PASSED

26-07-2024T17:57:32 - [TEST_STEP][PASSED] - totalplay.Common.verifyPropertyValueExist(FoodSLP, pageId): totalplay.Common.verifyPropertyValueExist is PASSED

26-07-2024T17:57:32 - [MESSAGE][INFO] - Checking response object

26-07-2024T17:57:32 - [MESSAGE][INFO] - storelistingpage

26-07-2024T17:57:32 - [MESSAGE][PASSED] - totalplay.Common.verifyPropertyValueExist is PASSED

26-07-2024T17:57:32 - [TEST_STEP][PASSED] - totalplay.Common.verifyPropertyExist(FoodSLP, components_componentType): totalplay.Common.verifyPropertyExist is PASSED

26-07-2024T17:57:32 - [MESSAGE][INFO] - Checking response object

26-07-2024T17:57:32 - [MESSAGE][PASSED] - totalplay.Common.verifyPropertyExist is PASSED

26-07-2024T17:57:32 - [TEST_STEP][PASSED] - totalplay.Common.verifyPropertyValueExist(FoodSLP, components_componentType): totalplay.Common.verifyPropertyValueExist is PASSED

26-07-2024T17:57:32 - [MESSAGE][INFO] - Checking response object

26-07-2024T17:57:32 - [MESSAGE][INFO] - commerce_layouts

26-07-2024T17:57:32 - [MESSAGE][PASSED] - totalplay.Common.verifyPropertyValueExist is PASSED

26-07-2024T17:57:32 - [TEST_STEP][PASSED] - totalplay.Common.verifyPropertyExist(FoodSLP, components_bannerLayout): totalplay.Common.verifyPropertyExist is PASSED

26-07-2024T17:57:32 - [MESSAGE][INFO] - Checking response object

26-07-2024T17:57:32 - [MESSAGE][PASSED] - totalplay.Common.verifyPropertyExist is PASSED

26-07-2024T17:57:32 - [TEST_STEP][PASSED] - totalplay.Common.verifyPropertyValueExist(FoodSLP, components_bannerLayout): totalplay.Common.verifyPropertyValueExist is PASSED

26-07-2024T17:57:32 - [MESSAGE][INFO] - Checking response object

26-07-2024T17:57:32 - [MESSAGE][INFO] - hero display

26-07-2024T17:57:32 - [MESSAGE][PASSED] - totalplay.Common.verifyPropertyValueExist is PASSED

26-07-2024T17:57:32 - [TEST_STEP][PASSED] - totalplay.Common.verifyPropertyExist(FoodSLP, components_componentTypeId): totalplay.Common.verifyPropertyExist is PASSED

26-07-2024T17:57:32 - [MESSAGE][INFO] - Checking response object

26-07-2024T17:57:32 - [MESSAGE][PASSED] - totalplay.Common.verifyPropertyExist is PASSED

26-07-2024T17:57:32 - [TEST_STEP][PASSED] - totalplay.Common.verifyPropertyValueExist(FoodSLP, components_componentTypeId): totalplay.Common.verifyPropertyValueExist is PASSED

26-07-2024T17:57:32 - [MESSAGE][INFO] - Checking response object

26-07-2024T17:57:32 - [MESSAGE][INFO] - commerce_layouts.FoodHomeCarousel

26-07-2024T17:57:32 - [MESSAGE][PASSED] - totalplay.Common.verifyPropertyValueExist is PASSED

26-07-2024T17:57:32 - [TEST_STEP][PASSED] - totalplay.Common.verifyPropertyExist(FoodSLP, components): totalplay.Common.verifyPropertyExist is PASSED

26-07-2024T17:57:32 - [MESSAGE][INFO] - Checking response object

26-07-2024T17:57:32 - [MESSAGE][PASSED] - totalplay.Common.verifyPropertyExist is PASSED

26-07-2024T17:57:32 - [TEST_STEP][PASSED] - totalplay.Common.verifyPropertyExist(FoodSLP, pageTitle): totalplay.Common.verifyPropertyExist is PASSED

26-07-2024T17:57:32 - [MESSAGE][INFO] - Checking response object

26-07-2024T17:57:32 - [MESSAGE][PASSED] - totalplay.Common.verifyPropertyExist is PASSED

26-07-2024T17:57:32 - [TEST_STEP][PASSED] - totalplay.Common.verifyPropertyValueExist(FoodSLP, pageTitle): totalplay.Common.verifyPropertyValueExist is PASSED

26-07-2024T17:57:32 - [MESSAGE][INFO] - Checking response object

26-07-2024T17:57:32 - [MESSAGE][INFO] - Store Listing Page (SLP) - Resturant

26-07-2024T17:57:32 - [MESSAGE][PASSED] - totalplay.Common.verifyPropertyValueExist is PASSED

26-07-2024T17:57:32 - [TEST_STEP][PASSED] - totalplay.Common.verifyPropertyExist(FoodSLP, pageTypeId): totalplay.Common.verifyPropertyExist is PASSED

26-07-2024T17:57:32 - [MESSAGE][INFO] - Checking response object

26-07-2024T17:57:32 - [MESSAGE][PASSED] - totalplay.Common.verifyPropertyExist is PASSED

26-07-2024T17:57:32 - [TEST_STEP][PASSED] - totalplay.Common.verifyPropertyValueExist(FoodSLP, pageTypeId): totalplay.Common.verifyPropertyValueExist is PASSED

26-07-2024T17:57:32 - [MESSAGE][INFO] - Checking response object

26-07-2024T17:57:32 - [MESSAGE][INFO] - FoodStoreListing

26-07-2024T17:57:32 - [MESSAGE][PASSED] - totalplay.Common.verifyPropertyValueExist is PASSED

26-07-2024T17:57:32 - [TEST_STEP][PASSED] - verifyElementPropertyValue(FoodSLP, "components[0].componentAssets[0].corporateColorCode", ""): Verify element property value successfully

26-07-2024T17:57:32 - [MESSAGE][INFO] - Checking response object

26-07-2024T17:57:32 - [MESSAGE][PASSED] - Verify element property value successfully

26-07-2024T17:57:32 - [TEST_STEP][PASSED] - totalplay.Common.verifyPropertyValueEmptyString(FoodSLP, components_componentAssets_corporateColorCode): totalplay.Common.verifyPropertyValueEmptyString is PASSED

26-07-2024T17:57:32 - [MESSAGE][INFO] - Checking response object

26-07-2024T17:57:32 - [MESSAGE][INFO] - 

26-07-2024T17:57:32 - [MESSAGE][PASSED] - totalplay.Common.verifyPropertyValueEmptyString is PASSED

26-07-2024T17:57:32 - [TEST_STEP][PASSED] - totalplay.Common.verifyPropertyExist(FoodSLP, components_componentAssets_componentType): totalplay.Common.verifyPropertyExist is PASSED

26-07-2024T17:57:32 - [MESSAGE][INFO] - Checking response object

26-07-2024T17:57:32 - [MESSAGE][PASSED] - totalplay.Common.verifyPropertyExist is PASSED

26-07-2024T17:57:32 - [TEST_STEP][PASSED] - totalplay.Common.verifyPropertyValueExist(FoodSLP, components_componentAssets_componentType): totalplay.Common.verifyPropertyValueExist is PASSED

26-07-2024T17:57:32 - [MESSAGE][INFO] - Checking response object

26-07-2024T17:57:32 - [MESSAGE][INFO] - commerce_assets

26-07-2024T17:57:32 - [MESSAGE][PASSED] - totalplay.Common.verifyPropertyValueExist is PASSED

26-07-2024T17:57:32 - [TEST_STEP][PASSED] - totalplay.Common.verifyPropertyExist(FoodSLP, components_componentAssets_image): totalplay.Common.verifyPropertyExist is PASSED

26-07-2024T17:57:32 - [MESSAGE][INFO] - Checking response object

26-07-2024T17:57:32 - [MESSAGE][PASSED] - totalplay.Common.verifyPropertyExist is PASSED

26-07-2024T17:57:32 - [TEST_STEP][PASSED] - totalplay.Common.verifyPropertyValueExist(FoodSLP, components_componentAssets_image): totalplay.Common.verifyPropertyValueExist is PASSED

26-07-2024T17:57:32 - [MESSAGE][INFO] - Checking response object

26-07-2024T17:57:33 - [MESSAGE][INFO] - https://salesforceqa.sistemastp.com.mx/dw/image/v2/BJCL_DEV/on/demandware.static/-/Sites-TP-FOOD-Library/default/dw38fd802d/mirakl/banner1.jpg

26-07-2024T17:57:33 - [MESSAGE][PASSED] - totalplay.Common.verifyPropertyValueExist is PASSED

26-07-2024T17:57:33 - [TEST_STEP][PASSED] - totalplay.Common.verifyPropertyExist(FoodSLP, components_componentAssets): totalplay.Common.verifyPropertyExist is PASSED

26-07-2024T17:57:33 - [MESSAGE][INFO] - Checking response object

26-07-2024T17:57:33 - [MESSAGE][PASSED] - totalplay.Common.verifyPropertyExist is PASSED

26-07-2024T17:57:33 - [TEST_STEP][PASSED] - totalplay.Common.verifyPropertyExist(FoodSLP, components_componentAssets_componentTypeId): totalplay.Common.verifyPropertyExist is PASSED

26-07-2024T17:57:33 - [MESSAGE][INFO] - Checking response object

26-07-2024T17:57:33 - [MESSAGE][PASSED] - totalplay.Common.verifyPropertyExist is PASSED

26-07-2024T17:57:33 - [TEST_STEP][PASSED] - totalplay.Common.verifyPropertyValueExist(FoodSLP, components_componentAssets_componentTypeId): totalplay.Common.verifyPropertyValueExist is PASSED

26-07-2024T17:57:33 - [MESSAGE][INFO] - Checking response object

26-07-2024T17:57:33 - [MESSAGE][INFO] - commerce_assets.FoodHomeBanner

26-07-2024T17:57:33 - [MESSAGE][PASSED] - totalplay.Common.verifyPropertyValueExist is PASSED

26-07-2024T17:57:33 - [TEST_STEP][PASSED] - totalplay.Common.verifyPropertyExist(FoodSLP, components_textHeadline): totalplay.Common.verifyPropertyExist is PASSED

26-07-2024T17:57:33 - [MESSAGE][INFO] - Checking response object

26-07-2024T17:57:33 - [MESSAGE][PASSED] - totalplay.Common.verifyPropertyExist is PASSED

26-07-2024T17:57:33 - [TEST_STEP][PASSED] - totalplay.Common.verifyPropertyValueExist(FoodSLP, components_textHeadline): totalplay.Common.verifyPropertyValueExist is PASSED

26-07-2024T17:57:33 - [MESSAGE][INFO] - Checking response object

26-07-2024T17:57:33 - [MESSAGE][INFO] - hero banner

26-07-2024T17:57:33 - [MESSAGE][PASSED] - totalplay.Common.verifyPropertyValueExist is PASSED

26-07-2024T17:57:33 - [TEST_STEP][PASSED] - totalplay.Common.verifyPropertyExist(FoodSLP, components_componentAssets_bannerName): totalplay.Common.verifyPropertyExist is PASSED

26-07-2024T17:57:33 - [MESSAGE][INFO] - Checking response object

26-07-2024T17:57:33 - [MESSAGE][PASSED] - totalplay.Common.verifyPropertyExist is PASSED

26-07-2024T17:57:33 - [TEST_STEP][PASSED] - totalplay.Common.verifyPropertyValueExist(FoodSLP, components_componentAssets_bannerName): totalplay.Common.verifyPropertyValueExist is PASSED

26-07-2024T17:57:33 - [MESSAGE][INFO] - Checking response object

26-07-2024T17:57:33 - [MESSAGE][INFO] - credit

26-07-2024T17:57:33 - [MESSAGE][PASSED] - totalplay.Common.verifyPropertyValueExist is PASSED

26-07-2024T17:57:33 - [TEST_STEP][PASSED] - totalplay.Common.verifyPropertyExist(FoodSLP, components_componentAssets_link): totalplay.Common.verifyPropertyExist is PASSED

26-07-2024T17:57:33 - [MESSAGE][INFO] - Checking response object

26-07-2024T17:57:33 - [MESSAGE][PASSED] - totalplay.Common.verifyPropertyExist is PASSED

26-07-2024T17:57:33 - [TEST_STEP][PASSED] - totalplay.Common.verifyPropertyValueExist(FoodSLP, components_componentAssets_link): totalplay.Common.verifyPropertyValueExist is PASSED

26-07-2024T17:57:33 - [MESSAGE][INFO] - Checking response object

26-07-2024T17:57:33 - [MESSAGE][INFO] - /on/demandware.store/Sites-TP-FOOD-Site/es/OnDemand-Show?isOndemand=true&corporateName=LaCasadelosAbuelos

26-07-2024T17:57:33 - [MESSAGE][PASSED] - totalplay.Common.verifyPropertyValueExist is PASSED

26-07-2024T17:57:33 - [TEST_STEP][PASSED] - totalplay.Common.getBooleanValueofObject(FoodSLP, components_componentAssets_isAgeRestricted): totalplay.Common.getBooleanValueofObject is PASSED

26-07-2024T17:57:33 - [MESSAGE][INFO] - Checking response object

26-07-2024T17:57:33 - [MESSAGE][PASSED] - totalplay.Common.getBooleanValueofObject is PASSED

26-07-2024T17:57:33 - [TEST_STEP][PASSED] - totalplay.Common.verifyPropertyExist(FoodSLP, components_componentAssets_bannerDesc): totalplay.Common.verifyPropertyExist is PASSED

26-07-2024T17:57:33 - [MESSAGE][INFO] - Checking response object

26-07-2024T17:57:33 - [MESSAGE][PASSED] - totalplay.Common.verifyPropertyExist is PASSED

26-07-2024T17:57:33 - [TEST_STEP][PASSED] - totalplay.Common.verifyPropertyValueExist(FoodSLP, components_componentAssets_bannerDesc): totalplay.Common.verifyPropertyValueExist is PASSED

26-07-2024T17:57:33 - [MESSAGE][INFO] - Checking response object

26-07-2024T17:57:33 - [MESSAGE][INFO] - credit

26-07-2024T17:57:33 - [MESSAGE][PASSED] - totalplay.Common.verifyPropertyValueExist is PASSED

26-07-2024T17:57:33 - [TEST_STEP][PASSED] - totalplay.Common.verifyPropertyValueExist(FoodSLP, components_componentAssets_deliveryTime): totalplay.Common.verifyPropertyValueExist is PASSED

26-07-2024T17:57:33 - [MESSAGE][INFO] - Checking response object

26-07-2024T17:57:33 - [MESSAGE][INFO] - 

26-07-2024T17:57:33 - [MESSAGE][PASSED] - totalplay.Common.verifyPropertyValueExist is PASSED

26-07-2024T17:57:33 - [TEST_STEP][PASSED] - totalplay.Common.verifyPropertyExist(FoodSLP, components_componentAssets_promotion): totalplay.Common.verifyPropertyExist is PASSED

26-07-2024T17:57:33 - [MESSAGE][INFO] - Checking response object

26-07-2024T17:57:33 - [MESSAGE][PASSED] - totalplay.Common.verifyPropertyExist is PASSED

26-07-2024T17:57:33 - [TEST_STEP][PASSED] - totalplay.Common.verifyPropertyValueExist(FoodSLP, components_componentAssets_promotion): totalplay.Common.verifyPropertyValueExist is PASSED

26-07-2024T17:57:33 - [MESSAGE][INFO] - Checking response object

26-07-2024T17:57:33 - [MESSAGE][INFO] - 1

26-07-2024T17:57:33 - [MESSAGE][PASSED] - totalplay.Common.verifyPropertyValueExist is PASSED

26-07-2024T17:57:33 - [TEST_STEP][PASSED] - totalplay.Common.verifyPropertyValueEmptyString(FoodSLP, components_componentAssets_positionAfter): totalplay.Common.verifyPropertyValueEmptyString is PASSED

26-07-2024T17:57:33 - [MESSAGE][INFO] - Checking response object

26-07-2024T17:57:33 - [MESSAGE][INFO] - 

26-07-2024T17:57:33 - [MESSAGE][PASSED] - totalplay.Common.verifyPropertyValueEmptyString is PASSED

26-07-2024T17:57:33 - [TEST_STEP][PASSED] - totalplay.Common.verifyPropertyExist(FoodSLP, components_componentAssets_linkType): totalplay.Common.verifyPropertyExist is PASSED

26-07-2024T17:57:33 - [MESSAGE][INFO] - Checking response object

26-07-2024T17:57:33 - [MESSAGE][PASSED] - totalplay.Common.verifyPropertyExist is PASSED

26-07-2024T17:57:33 - [TEST_STEP][PASSED] - totalplay.Common.verifyPropertyValueExist(FoodSLP, components_componentAssets_linkType): totalplay.Common.verifyPropertyValueExist is PASSED

26-07-2024T17:57:33 - [MESSAGE][INFO] - Checking response object

26-07-2024T17:57:33 - [MESSAGE][INFO] - PLP

26-07-2024T17:57:33 - [MESSAGE][PASSED] - totalplay.Common.verifyPropertyValueExist is PASSED

26-07-2024T17:57:33 - [TEST_STEP][PASSED] - totalplay.Common.verifyPropertyExist(FoodSLP, components_componentAssets_storeName): totalplay.Common.verifyPropertyExist is PASSED

26-07-2024T17:57:33 - [MESSAGE][INFO] - Checking response object

26-07-2024T17:57:33 - [MESSAGE][PASSED] - totalplay.Common.verifyPropertyExist is PASSED

26-07-2024T17:57:33 - [TEST_STEP][PASSED] - totalplay.Common.verifyPropertyValueExist(FoodSLP, components_componentAssets_storeName): totalplay.Common.verifyPropertyValueExist is PASSED

26-07-2024T17:57:33 - [MESSAGE][INFO] - Checking response object

26-07-2024T17:57:33 - [MESSAGE][INFO] - credit

26-07-2024T17:57:33 - [MESSAGE][PASSED] - totalplay.Common.verifyPropertyValueExist is PASSED

26-07-2024T17:57:33 - [TEST_STEP][PASSED] - totalplay.Common.verifyPropertyValueEmptyString(FoodSLP, components_componentAssets_ID): totalplay.Common.verifyPropertyValueEmptyString is PASSED

26-07-2024T17:57:33 - [MESSAGE][INFO] - Checking response object

26-07-2024T17:57:33 - [MESSAGE][INFO] - 

26-07-2024T17:57:33 - [MESSAGE][PASSED] - totalplay.Common.verifyPropertyValueEmptyString is PASSED]]></system-out>
         <system-err><![CDATA[]]></system-err>
      </testcase>
      <testcase name="Test Cases/TotalPlay-Food/TC_3_Food_PLP" time="6.905" classname="Test Cases/TotalPlay-Food/TC_3_Food_PLP" status="PASSED">
         <system-out><![CDATA[26-07-2024T17:57:33 - [TEST_CASE][PASSED] - Test Cases/TotalPlay-Food/TC_3_Food_PLP: Test Cases/TotalPlay-Food/TC_3_Food_PLP

26-07-2024T17:57:34 - [TEST_STEP][PASSED] - callTestCase(findTestCase("TotalPlay-Food/TC_1_Login_Service"), [:], STOP_ON_FAILURE): Call Test Case 'Test Cases/TotalPlay-Food/TC_1_Login_Service' successfully

26-07-2024T17:57:34 - [MESSAGE][INFO] - Checking called Test Case

26-07-2024T17:57:34 - [MESSAGE][INFO] - Starting to call Test Case 'Test Cases/TotalPlay-Food/TC_1_Login_Service'

26-07-2024T17:57:34 - [TEST_CASE][PASSED] - Test Cases/TotalPlay-Food/TC_1_Login_Service: Test Cases/TotalPlay-Food/TC_1_Login_Service

26-07-2024T17:57:34 - [TEST_STEP][PASSED] - LoginResponse = sendRequest(findTestObject("TotalPlay-Food/getTokenDelivery", ["URL":URL])): Send request successfully

26-07-2024T17:57:34 - [MESSAGE][INFO] - Finding Test Object 'Object Repository/TotalPlay-Food/getTokenDelivery'

26-07-2024T17:57:34 - [MESSAGE][INFO] - Checking request object

26-07-2024T17:57:37 - [MESSAGE][INFO] - HAR: C:\Users\ShubhamKumarThakur\OneDrive - Kognivera\Documents\TotalPlay\totalplay-automation\Reports\20240726_175712\Food_Services\20240726_175712\requests\main\3.har

26-07-2024T17:57:37 - [MESSAGE][PASSED] - Send request successfully

26-07-2024T17:57:37 - [TEST_STEP][PASSED] - assert getResponseStatusCode(LoginResponse) == 200: Checking response object

26-07-2024T17:57:37 - [MESSAGE][INFO] - Checking response object

26-07-2024T17:57:37 - [TEST_STEP][PASSED] - Auth = "ocapiResponse.access_token": null

26-07-2024T17:57:37 - [TEST_STEP][PASSED] - FoodBascketId = "ocapiResponse.c_basketId_TP_FOOD": null

26-07-2024T17:57:37 - [TEST_STEP][PASSED] - FoodBasId = getElementPropertyValue(LoginResponse, FoodBascketId): Checking response object

26-07-2024T17:57:37 - [MESSAGE][INFO] - Checking response object

26-07-2024T17:57:37 - [TEST_STEP][PASSED] - sfccAuthorization = getElementPropertyValue(LoginResponse, Auth): Checking response object

26-07-2024T17:57:37 - [MESSAGE][INFO] - Checking response object

26-07-2024T17:57:37 - [TEST_STEP][PASSED] - Authorization = "Bearer " + sfccAuthorization: null

26-07-2024T17:57:37 - [TEST_STEP][PASSED] - FoodBasketId = FoodBasId: null

26-07-2024T17:57:37 - [TEST_STEP][PASSED] - logInfo(bm_auth_token): 

26-07-2024T17:57:37 - [MESSAGE][INFO] - 

26-07-2024T17:57:37 - [TEST_STEP][PASSED] - if (sfccAuthorization.length() == 0): null

26-07-2024T17:57:37 - [TEST_STEP][PASSED] - else: authorization generated

26-07-2024T17:57:37 - [TEST_STEP][PASSED] - markPassed("authorization generated"): authorization generated

26-07-2024T17:57:37 - [MESSAGE][PASSED] - authorization generated

26-07-2024T17:57:37 - [TEST_STEP][PASSED] - BasketId_loginResponse = "ocapiResponse.c_basketId": null

26-07-2024T17:57:37 - [TEST_STEP][PASSED] - CustomerId_loginResponse = "ocapiResponse.customer_id": null

26-07-2024T17:57:37 - [TEST_STEP][PASSED] - basketId = getElementPropertyValue(LoginResponse, BasketId_loginResponse): Checking response object

26-07-2024T17:57:37 - [MESSAGE][INFO] - Checking response object

26-07-2024T17:57:37 - [TEST_STEP][PASSED] - customerId = getElementPropertyValue(LoginResponse, CustomerId_loginResponse): Checking response object

26-07-2024T17:57:37 - [MESSAGE][INFO] - Checking response object

26-07-2024T17:57:37 - [TEST_STEP][PASSED] - basketID = basketId: null

26-07-2024T17:57:37 - [TEST_STEP][PASSED] - sla_customerId = customerId: null

26-07-2024T17:57:37 - [TEST_STEP][PASSED] - println(basketID): null

26-07-2024T17:57:37 - [TEST_STEP][PASSED] - println(sla_customerId): null

26-07-2024T17:57:37 - [TEST_STEP][PASSED] - refresh_token = "ocapiResponse.refresh_token": null

26-07-2024T17:57:37 - [TEST_STEP][PASSED] - customer_email = "ocapiResponse.customer_email": null

26-07-2024T17:57:37 - [TEST_STEP][PASSED] - c_brmId = "ocapiResponse.c_brmId": null

26-07-2024T17:57:37 - [TEST_STEP][PASSED] - customer_name = "ocapiResponse.customer_name": null

26-07-2024T17:57:37 - [TEST_STEP][PASSED] - totalplay.Common.verifyPropertyExist(LoginResponse, refresh_token): totalplay.Common.verifyPropertyExist is PASSED

26-07-2024T17:57:37 - [MESSAGE][INFO] - Checking response object

26-07-2024T17:57:37 - [MESSAGE][PASSED] - totalplay.Common.verifyPropertyExist is PASSED

26-07-2024T17:57:37 - [TEST_STEP][PASSED] - totalplay.Common.verifyPropertyValueExist(LoginResponse, refresh_token): totalplay.Common.verifyPropertyValueExist is PASSED

26-07-2024T17:57:37 - [MESSAGE][INFO] - Checking response object

26-07-2024T17:57:37 - [MESSAGE][INFO] - xA4pMmKmkKTFUko97W2kROzffhBFFJh-yXurTzOXHIA

26-07-2024T17:57:37 - [MESSAGE][PASSED] - totalplay.Common.verifyPropertyValueExist is PASSED

26-07-2024T17:57:37 - [TEST_STEP][PASSED] - totalplay.Common.verifyPropertyExist(LoginResponse, customer_email): totalplay.Common.verifyPropertyExist is PASSED

26-07-2024T17:57:37 - [MESSAGE][INFO] - Checking response object

26-07-2024T17:57:37 - [MESSAGE][PASSED] - totalplay.Common.verifyPropertyExist is PASSED

26-07-2024T17:57:37 - [TEST_STEP][PASSED] - totalplay.Common.verifyPropertyValueExist(LoginResponse, customer_email): totalplay.Common.verifyPropertyValueExist is PASSED

26-07-2024T17:57:37 - [MESSAGE][INFO] - Checking response object

26-07-2024T17:57:37 - [MESSAGE][INFO] - cesar.waldo93@gmail.com

26-07-2024T17:57:37 - [MESSAGE][PASSED] - totalplay.Common.verifyPropertyValueExist is PASSED

26-07-2024T17:57:37 - [TEST_STEP][PASSED] - totalplay.Common.verifyPropertyExist(LoginResponse, customer_name): totalplay.Common.verifyPropertyExist is PASSED

26-07-2024T17:57:37 - [MESSAGE][INFO] - Checking response object

26-07-2024T17:57:37 - [MESSAGE][PASSED] - totalplay.Common.verifyPropertyExist is PASSED

26-07-2024T17:57:37 - [TEST_STEP][PASSED] - totalplay.Common.verifyPropertyValueExist(LoginResponse, customer_name): totalplay.Common.verifyPropertyValueExist is PASSED

26-07-2024T17:57:37 - [MESSAGE][INFO] - Checking response object

26-07-2024T17:57:37 - [MESSAGE][INFO] - CESAR GERARDO WALDO GONZALEZ

26-07-2024T17:57:37 - [MESSAGE][PASSED] - totalplay.Common.verifyPropertyValueExist is PASSED

26-07-2024T17:57:37 - [TEST_STEP][PASSED] - totalplay.Common.verifyPropertyExist(LoginResponse, c_brmId): totalplay.Common.verifyPropertyExist is PASSED

26-07-2024T17:57:37 - [MESSAGE][INFO] - Checking response object

26-07-2024T17:57:37 - [MESSAGE][PASSED] - totalplay.Common.verifyPropertyExist is PASSED

26-07-2024T17:57:37 - [TEST_STEP][PASSED] - totalplay.Common.verifyPropertyValueExist(LoginResponse, c_brmId): totalplay.Common.verifyPropertyValueExist is PASSED

26-07-2024T17:57:37 - [MESSAGE][INFO] - Checking response object

26-07-2024T17:57:37 - [MESSAGE][INFO] - 0106378356

26-07-2024T17:57:37 - [MESSAGE][PASSED] - totalplay.Common.verifyPropertyValueExist is PASSED

26-07-2024T17:57:37 - [MESSAGE][PASSED] - Call Test Case 'Test Cases/TotalPlay-Food/TC_1_Login_Service' successfully

26-07-2024T17:57:37 - [TEST_STEP][PASSED] - FoodPLP = sendRequest(findTestObject("TotalPlay-Food/Food PLP", ["URL":URL])): Send request successfully

26-07-2024T17:57:37 - [MESSAGE][INFO] - Finding Test Object 'Object Repository/TotalPlay-Food/Food PLP'

26-07-2024T17:57:37 - [MESSAGE][INFO] - Checking request object

26-07-2024T17:57:38 - [MESSAGE][INFO] - HAR: C:\Users\ShubhamKumarThakur\OneDrive - Kognivera\Documents\TotalPlay\totalplay-automation\Reports\20240726_175712\Food_Services\20240726_175712\requests\main\4.har

26-07-2024T17:57:38 - [MESSAGE][PASSED] - Send request successfully

26-07-2024T17:57:38 - [TEST_STEP][PASSED] - verifyResponseStatusCode(FoodPLP, 200): Verify response status code successfully

26-07-2024T17:57:38 - [MESSAGE][INFO] - Checking response object

26-07-2024T17:57:38 - [MESSAGE][PASSED] - Verify response status code successfully

26-07-2024T17:57:38 - [TEST_STEP][PASSED] - action = "action": null

26-07-2024T17:57:38 - [TEST_STEP][PASSED] - queryString = "queryString": null

26-07-2024T17:57:38 - [TEST_STEP][PASSED] - locale = "locale": null

26-07-2024T17:57:38 - [TEST_STEP][PASSED] - pageTitle = "pageTitle": null

26-07-2024T17:57:38 - [TEST_STEP][PASSED] - pageId = "pageId": null

26-07-2024T17:57:38 - [TEST_STEP][PASSED] - pageTypeId = "pageTypeId": null

26-07-2024T17:57:38 - [TEST_STEP][PASSED] - components = "components": null

26-07-2024T17:57:38 - [TEST_STEP][PASSED] - components_componentTypeId = "components[0].componentTypeId": null

26-07-2024T17:57:38 - [TEST_STEP][PASSED] - components_componentType = "components[0].componentType": null

26-07-2024T17:57:38 - [TEST_STEP][PASSED] - components_storeData = "components[1].storeData": null

26-07-2024T17:57:38 - [TEST_STEP][PASSED] - components_storeData_ID = "components[1].storeData.ID": null

26-07-2024T17:57:38 - [TEST_STEP][PASSED] - components_storeData_name = "components[1].storeData.name": null

26-07-2024T17:57:38 - [TEST_STEP][PASSED] - components_storeData_phone = "components[1].storeData.phone": null

26-07-2024T17:57:38 - [TEST_STEP][PASSED] - components_storeData_address = "components[1].storeData.address": null

26-07-2024T17:57:38 - [TEST_STEP][PASSED] - components_storeData_postalCode = "components[1].storeData.postalCode": null

26-07-2024T17:57:38 - [TEST_STEP][PASSED] - components_storeData_logo = "components[1].storeData.logo": null

26-07-2024T17:57:38 - [TEST_STEP][PASSED] - components_storeData_city = "components[1].storeData.city": null

26-07-2024T17:57:38 - [TEST_STEP][PASSED] - components_storeData_banner = "components[1].storeData.banner": null

26-07-2024T17:57:38 - [TEST_STEP][PASSED] - components_storeData_image = "components[1].storeData.image": null

26-07-2024T17:57:38 - [TEST_STEP][PASSED] - components_storeData_latitude = "components[1].storeData.latitude": null

26-07-2024T17:57:38 - [TEST_STEP][PASSED] - components_storeData_longitude = "components[1].storeData.longitude": null

26-07-2024T17:57:38 - [TEST_STEP][PASSED] - components_storeData_verticalsAvailable = "components[1].storeData.verticalsAvailable": null

26-07-2024T17:57:38 - [TEST_STEP][PASSED] - components_storeData_OndemandEDD = "components[1].storeData.OndemandEDD": null

26-07-2024T17:57:38 - [TEST_STEP][PASSED] - components_storeData_link = "components[1].storeData.link": null

26-07-2024T17:57:38 - [TEST_STEP][PASSED] - components_storeData_MultistoreEDD = "components[1].storeData.MultistoreEDD": null

26-07-2024T17:57:38 - [TEST_STEP][PASSED] - components_storeData_linkType = "components[1].storeData.linkType": null

26-07-2024T17:57:38 - [TEST_STEP][PASSED] - components_storeData_grade = "components[1].storeData.grade": null

26-07-2024T17:57:38 - [TEST_STEP][PASSED] - components_storeData_open = "components[1].storeData.open": null

26-07-2024T17:57:38 - [TEST_STEP][PASSED] - components_storeData_evaluationsCount = "components[1].storeData.evaluationsCount": null

26-07-2024T17:57:38 - [TEST_STEP][PASSED] - components_storeData_openHours = "components[1].storeData.openHours": null

26-07-2024T17:57:38 - [TEST_STEP][PASSED] - components_storeData_openHours_time = "components[1].storeData.openHours[0].time": null

26-07-2024T17:57:38 - [TEST_STEP][PASSED] - components_storeData_openHours_time_openingTime = "components[1].storeData.openHours[0].time[0].openingTime": null

26-07-2024T17:57:38 - [TEST_STEP][PASSED] - components_storeData_openHours_time_closingTime = "components[1].storeData.openHours[0].time[0].closingTime": null

26-07-2024T17:57:38 - [TEST_STEP][PASSED] - components_storeData_openHours_day = "components[1].storeData.openHours[0].day": null

26-07-2024T17:57:38 - [TEST_STEP][PASSED] - components_storeData_shipmentCost = "components[1].storeData.shipmentCost": null

26-07-2024T17:57:38 - [TEST_STEP][PASSED] - components_storeData_shipmentCost_currency = "components[1].storeData.shipmentCost.currency": null

26-07-2024T17:57:38 - [TEST_STEP][PASSED] - components_storeData_shipmentCost_formatted = "components[1].storeData.shipmentCost.formatted": null

26-07-2024T17:57:38 - [TEST_STEP][PASSED] - components_storeData_storeType = "components[1].storeData.storeType": null

26-07-2024T17:57:38 - [TEST_STEP][PASSED] - components__storeData_ratings = "components[1].storeData.ratings": null

26-07-2024T17:57:38 - [TEST_STEP][PASSED] - components_storeData_corporateColorCode = "components[1].storeData.corporateColorCode": null

26-07-2024T17:57:38 - [TEST_STEP][PASSED] - components_storeData_grantiasDeLaTienda = "components[1].storeData.grantiasDeLaTienda": null

26-07-2024T17:57:38 - [TEST_STEP][PASSED] - components_storeData_tarifaDeEntrega = "components[1].storeData.tarifaDeEntrega": null

26-07-2024T17:57:38 - [TEST_STEP][PASSED] - components_storeData_politicaDePrecios = "components[1].storeData.politicaDePrecios": null

26-07-2024T17:57:38 - [TEST_STEP][PASSED] - components_storeData_ageShowWarningModel = "components[1].storeData.ageShowWarningModel": null

26-07-2024T17:57:38 - [TEST_STEP][PASSED] - components_componentAssets = "components[2].componentAssets[0]": null

26-07-2024T17:57:38 - [TEST_STEP][PASSED] - components_componentAssets_componentTypeId = "components[2].componentAssets[0].componentTypeId": null

26-07-2024T17:57:38 - [TEST_STEP][PASSED] - components_componentAssets_link = "components[2].componentAssets[0].link": null

26-07-2024T17:57:38 - [TEST_STEP][PASSED] - components_componentAssets_isAgeRestricted = "components[2].componentAssets[0].isAgeRestricted": null

26-07-2024T17:57:38 - [TEST_STEP][PASSED] - components_componentAssets_bannerDesc = "components[2].componentAssets[0].bannerDesc": null

26-07-2024T17:57:38 - [TEST_STEP][PASSED] - components_componentAssets_bannerName = "components[2].componentAssets[0].bannerName": null

26-07-2024T17:57:38 - [TEST_STEP][PASSED] - components_componentAssets_linkType = "components[2].componentAssets[0].linkType": null

26-07-2024T17:57:38 - [TEST_STEP][PASSED] - components_componentAssets_logo = "components[2].componentAssets[0].logo": null

26-07-2024T17:57:38 - [TEST_STEP][PASSED] - components_componentAssets_corporateColorCode = "components[2].componentAssets[0].corporateColorCode": null

26-07-2024T17:57:38 - [TEST_STEP][PASSED] - components_componentAssets_deliveryTime = "components[2].componentAssets[0].deliveryTime": null

26-07-2024T17:57:38 - [TEST_STEP][PASSED] - components_componentAssets_positionAfter = "components[2].componentAssets[0].positionAfter": null

26-07-2024T17:57:38 - [TEST_STEP][PASSED] - totalplay.Common.verifyPropertyExist(FoodPLP, components_componentType): totalplay.Common.verifyPropertyExist is PASSED

26-07-2024T17:57:38 - [MESSAGE][INFO] - Checking response object

26-07-2024T17:57:38 - [MESSAGE][PASSED] - totalplay.Common.verifyPropertyExist is PASSED

26-07-2024T17:57:38 - [TEST_STEP][PASSED] - totalplay.Common.verifyPropertyValueExist(FoodPLP, components_componentType): totalplay.Common.verifyPropertyValueExist is PASSED

26-07-2024T17:57:38 - [MESSAGE][INFO] - Checking response object

26-07-2024T17:57:38 - [MESSAGE][INFO] - commerce_assets

26-07-2024T17:57:38 - [MESSAGE][PASSED] - totalplay.Common.verifyPropertyValueExist is PASSED

26-07-2024T17:57:38 - [TEST_STEP][PASSED] - totalplay.Common.verifyPropertyExist(FoodPLP, components_componentType): totalplay.Common.verifyPropertyExist is PASSED

26-07-2024T17:57:38 - [MESSAGE][INFO] - Checking response object

26-07-2024T17:57:38 - [MESSAGE][PASSED] - totalplay.Common.verifyPropertyExist is PASSED

26-07-2024T17:57:38 - [TEST_STEP][PASSED] - totalplay.Common.verifyPropertyValueExist(FoodPLP, components_componentType): totalplay.Common.verifyPropertyValueExist is PASSED

26-07-2024T17:57:38 - [MESSAGE][INFO] - Checking response object

26-07-2024T17:57:38 - [MESSAGE][INFO] - commerce_assets

26-07-2024T17:57:38 - [MESSAGE][PASSED] - totalplay.Common.verifyPropertyValueExist is PASSED

26-07-2024T17:57:38 - [TEST_STEP][PASSED] - totalplay.Common.verifyPropertyExist(FoodPLP, components_storeData): totalplay.Common.verifyPropertyExist is PASSED

26-07-2024T17:57:38 - [MESSAGE][INFO] - Checking response object

26-07-2024T17:57:38 - [MESSAGE][PASSED] - totalplay.Common.verifyPropertyExist is PASSED

26-07-2024T17:57:38 - [TEST_STEP][PASSED] - totalplay.Common.verifyPropertyExist(FoodPLP, components_storeData_ID): totalplay.Common.verifyPropertyExist is PASSED

26-07-2024T17:57:38 - [MESSAGE][INFO] - Checking response object

26-07-2024T17:57:38 - [MESSAGE][PASSED] - totalplay.Common.verifyPropertyExist is PASSED

26-07-2024T17:57:38 - [TEST_STEP][PASSED] - totalplay.Common.verifyPropertyValueExist(FoodPLP, components_storeData_ID): totalplay.Common.verifyPropertyValueExist is PASSED

26-07-2024T17:57:38 - [MESSAGE][INFO] - Checking response object

26-07-2024T17:57:38 - [MESSAGE][INFO] - 2071

26-07-2024T17:57:38 - [MESSAGE][PASSED] - totalplay.Common.verifyPropertyValueExist is PASSED

26-07-2024T17:57:38 - [TEST_STEP][PASSED] - totalplay.Common.verifyPropertyExist(FoodPLP, components_storeData_name): totalplay.Common.verifyPropertyExist is PASSED

26-07-2024T17:57:38 - [MESSAGE][INFO] - Checking response object

26-07-2024T17:57:38 - [MESSAGE][PASSED] - totalplay.Common.verifyPropertyExist is PASSED

26-07-2024T17:57:38 - [TEST_STEP][PASSED] - totalplay.Common.verifyPropertyValueExist(FoodPLP, components_storeData_name): totalplay.Common.verifyPropertyValueExist is PASSED

26-07-2024T17:57:38 - [MESSAGE][INFO] - Checking response object

26-07-2024T17:57:38 - [MESSAGE][INFO] - Sirloin Food

26-07-2024T17:57:38 - [MESSAGE][PASSED] - totalplay.Common.verifyPropertyValueExist is PASSED

26-07-2024T17:57:38 - [TEST_STEP][PASSED] - totalplay.Common.verifyPropertyExist(FoodPLP, components_storeData_address): totalplay.Common.verifyPropertyExist is PASSED

26-07-2024T17:57:38 - [MESSAGE][INFO] - Checking response object

26-07-2024T17:57:38 - [MESSAGE][PASSED] - totalplay.Common.verifyPropertyExist is PASSED

26-07-2024T17:57:38 - [TEST_STEP][PASSED] - totalplay.Common.verifyPropertyValueExist(FoodPLP, components_storeData_address): totalplay.Common.verifyPropertyValueExist is PASSED

26-07-2024T17:57:38 - [MESSAGE][INFO] - Checking response object

26-07-2024T17:57:38 - [MESSAGE][INFO] - Av. San Jerónimo 252, Tizapán San Ángel, La Otra Banda, Coyoacán, 04510 Ciudad de México, CDMX

26-07-2024T17:57:38 - [MESSAGE][PASSED] - totalplay.Common.verifyPropertyValueExist is PASSED

26-07-2024T17:57:38 - [TEST_STEP][PASSED] - totalplay.Common.verifyPropertyExist(FoodPLP, components_storeData_postalCode): totalplay.Common.verifyPropertyExist is PASSED

26-07-2024T17:57:38 - [MESSAGE][INFO] - Checking response object

26-07-2024T17:57:38 - [MESSAGE][PASSED] - totalplay.Common.verifyPropertyExist is PASSED

26-07-2024T17:57:38 - [TEST_STEP][PASSED] - totalplay.Common.verifyPropertyValueExist(FoodPLP, components_storeData_postalCode): totalplay.Common.verifyPropertyValueExist is PASSED

26-07-2024T17:57:38 - [MESSAGE][INFO] - Checking response object

26-07-2024T17:57:38 - [MESSAGE][INFO] - 04510

26-07-2024T17:57:38 - [MESSAGE][PASSED] - totalplay.Common.verifyPropertyValueExist is PASSED

26-07-2024T17:57:38 - [TEST_STEP][PASSED] - totalplay.Common.verifyPropertyExist(FoodPLP, components_storeData_logo): totalplay.Common.verifyPropertyExist is PASSED

26-07-2024T17:57:38 - [MESSAGE][INFO] - Checking response object

26-07-2024T17:57:38 - [MESSAGE][PASSED] - totalplay.Common.verifyPropertyExist is PASSED

26-07-2024T17:57:38 - [TEST_STEP][PASSED] - totalplay.Common.verifyPropertyValueExist(FoodPLP, components_storeData_logo): totalplay.Common.verifyPropertyValueExist is PASSED

26-07-2024T17:57:38 - [MESSAGE][INFO] - Checking response object

26-07-2024T17:57:38 - [MESSAGE][INFO] - https://salesforceqa.sistemastp.com.mx/on/demandware.static/-/Sites/default/dwb78a20a1/filler_REC.jpg

26-07-2024T17:57:38 - [MESSAGE][PASSED] - totalplay.Common.verifyPropertyValueExist is PASSED

26-07-2024T17:57:38 - [TEST_STEP][PASSED] - totalplay.Common.verifyPropertyExist(FoodPLP, components_storeData_city): totalplay.Common.verifyPropertyExist is PASSED

26-07-2024T17:57:38 - [MESSAGE][INFO] - Checking response object

26-07-2024T17:57:39 - [MESSAGE][PASSED] - totalplay.Common.verifyPropertyExist is PASSED

26-07-2024T17:57:39 - [TEST_STEP][PASSED] - totalplay.Common.verifyPropertyValueExist(FoodPLP, components_storeData_city): totalplay.Common.verifyPropertyValueExist is PASSED

26-07-2024T17:57:39 - [MESSAGE][INFO] - Checking response object

26-07-2024T17:57:39 - [MESSAGE][INFO] - México

26-07-2024T17:57:39 - [MESSAGE][PASSED] - totalplay.Common.verifyPropertyValueExist is PASSED

26-07-2024T17:57:39 - [TEST_STEP][PASSED] - totalplay.Common.verifyPropertyExist(FoodPLP, components_storeData_banner): totalplay.Common.verifyPropertyExist is PASSED

26-07-2024T17:57:39 - [MESSAGE][INFO] - Checking response object

26-07-2024T17:57:39 - [MESSAGE][PASSED] - totalplay.Common.verifyPropertyExist is PASSED

26-07-2024T17:57:39 - [TEST_STEP][PASSED] - totalplay.Common.verifyPropertyValueExist(FoodPLP, components_storeData_banner): totalplay.Common.verifyPropertyValueExist is PASSED

26-07-2024T17:57:39 - [MESSAGE][INFO] - Checking response object

26-07-2024T17:57:39 - [MESSAGE][INFO] - https://salesforceqa.sistemastp.com.mx/on/demandware.static/-/Sites/default/dwb78a20a1/filler_REC.jpg

26-07-2024T17:57:39 - [MESSAGE][PASSED] - totalplay.Common.verifyPropertyValueExist is PASSED

26-07-2024T17:57:39 - [TEST_STEP][PASSED] - totalplay.Common.verifyPropertyExist(FoodPLP, components_storeData_image): totalplay.Common.verifyPropertyExist is PASSED

26-07-2024T17:57:39 - [MESSAGE][INFO] - Checking response object

26-07-2024T17:57:39 - [MESSAGE][PASSED] - totalplay.Common.verifyPropertyExist is PASSED

26-07-2024T17:57:39 - [TEST_STEP][PASSED] - totalplay.Common.verifyPropertyValueExist(FoodPLP, components_storeData_image): totalplay.Common.verifyPropertyValueExist is PASSED

26-07-2024T17:57:39 - [MESSAGE][INFO] - Checking response object

26-07-2024T17:57:39 - [MESSAGE][INFO] - https://salesforceqa.sistemastp.com.mx/on/demandware.static/-/Sites/default/dwb78a20a1/filler_REC.jpg

26-07-2024T17:57:39 - [MESSAGE][PASSED] - totalplay.Common.verifyPropertyValueExist is PASSED

26-07-2024T17:57:39 - [TEST_STEP][PASSED] - totalplay.Common.getDecimalValueofObject(FoodPLP, components_storeData_latitude): totalplay.Common.getDecimalValueofObject is PASSED

26-07-2024T17:57:39 - [MESSAGE][INFO] - Checking response object

26-07-2024T17:57:39 - [MESSAGE][PASSED] - totalplay.Common.getDecimalValueofObject is PASSED

26-07-2024T17:57:39 - [TEST_STEP][PASSED] - totalplay.Common.getDecimalValueofObject(FoodPLP, components_storeData_longitude): totalplay.Common.getDecimalValueofObject is PASSED

26-07-2024T17:57:39 - [MESSAGE][INFO] - Checking response object

26-07-2024T17:57:39 - [MESSAGE][PASSED] - totalplay.Common.getDecimalValueofObject is PASSED

26-07-2024T17:57:39 - [TEST_STEP][PASSED] - totalplay.Common.getBooleanValueofObject(FoodPLP, components_storeData_verticalsAvailable): totalplay.Common.getBooleanValueofObject is PASSED

26-07-2024T17:57:39 - [MESSAGE][INFO] - Checking response object

26-07-2024T17:57:39 - [MESSAGE][PASSED] - totalplay.Common.getBooleanValueofObject is PASSED

26-07-2024T17:57:39 - [TEST_STEP][PASSED] - totalplay.Common.verifyPropertyExist(FoodPLP, components_storeData_link): totalplay.Common.verifyPropertyExist is PASSED

26-07-2024T17:57:39 - [MESSAGE][INFO] - Checking response object

26-07-2024T17:57:39 - [MESSAGE][PASSED] - totalplay.Common.verifyPropertyExist is PASSED

26-07-2024T17:57:39 - [TEST_STEP][PASSED] - totalplay.Common.verifyPropertyValueExist(FoodPLP, components_storeData_link): totalplay.Common.verifyPropertyValueExist is PASSED

26-07-2024T17:57:39 - [MESSAGE][INFO] - Checking response object

26-07-2024T17:57:39 - [MESSAGE][INFO] - /on/demandware.store/Sites-TP-FOOD-Site/es/OnDemand-Show?storeName=Sirloin Food

26-07-2024T17:57:39 - [MESSAGE][PASSED] - totalplay.Common.verifyPropertyValueExist is PASSED

26-07-2024T17:57:39 - [TEST_STEP][PASSED] - totalplay.Common.getBooleanValueofObject(FoodPLP, components_componentAssets_deliveryTime): totalplay.Common.getBooleanValueofObject is PASSED

26-07-2024T17:57:39 - [MESSAGE][INFO] - Checking response object

26-07-2024T17:57:39 - [MESSAGE][PASSED] - totalplay.Common.getBooleanValueofObject is PASSED

26-07-2024T17:57:39 - [TEST_STEP][PASSED] - totalplay.Common.getBooleanValueofObject(FoodPLP, components_storeData_MultistoreEDD): totalplay.Common.getBooleanValueofObject is PASSED

26-07-2024T17:57:39 - [MESSAGE][INFO] - Checking response object

26-07-2024T17:57:39 - [MESSAGE][PASSED] - totalplay.Common.getBooleanValueofObject is PASSED

26-07-2024T17:57:39 - [TEST_STEP][PASSED] - totalplay.Common.verifyPropertyExist(FoodPLP, components_storeData_linkType): totalplay.Common.verifyPropertyExist is PASSED

26-07-2024T17:57:39 - [MESSAGE][INFO] - Checking response object

26-07-2024T17:57:39 - [MESSAGE][PASSED] - totalplay.Common.verifyPropertyExist is PASSED

26-07-2024T17:57:39 - [TEST_STEP][PASSED] - totalplay.Common.verifyPropertyValueExist(FoodPLP, components_storeData_linkType): totalplay.Common.verifyPropertyValueExist is PASSED

26-07-2024T17:57:39 - [MESSAGE][INFO] - Checking response object

26-07-2024T17:57:39 - [MESSAGE][INFO] - PLP

26-07-2024T17:57:39 - [MESSAGE][PASSED] - totalplay.Common.verifyPropertyValueExist is PASSED

26-07-2024T17:57:39 - [TEST_STEP][PASSED] - totalplay.Common.getNumValueofObject(FoodPLP, components_storeData_grade): totalplay.Common.getNumValueofObject is PASSED

26-07-2024T17:57:39 - [MESSAGE][INFO] - Checking response object

26-07-2024T17:57:39 - [MESSAGE][PASSED] - totalplay.Common.getNumValueofObject is PASSED

26-07-2024T17:57:39 - [TEST_STEP][PASSED] - totalplay.Common.getBooleanValueofObject(FoodPLP, components_storeData_open): totalplay.Common.getBooleanValueofObject is PASSED

26-07-2024T17:57:39 - [MESSAGE][INFO] - Checking response object

26-07-2024T17:57:39 - [MESSAGE][PASSED] - totalplay.Common.getBooleanValueofObject is PASSED

26-07-2024T17:57:39 - [TEST_STEP][PASSED] - totalplay.Common.getNumValueofObject(FoodPLP, components_storeData_evaluationsCount): totalplay.Common.getNumValueofObject is PASSED

26-07-2024T17:57:39 - [MESSAGE][INFO] - Checking response object

26-07-2024T17:57:39 - [MESSAGE][PASSED] - totalplay.Common.getNumValueofObject is PASSED

26-07-2024T17:57:39 - [TEST_STEP][PASSED] - totalplay.Common.verifyPropertyExist(FoodPLP, components_storeData_openHours): totalplay.Common.verifyPropertyExist is PASSED

26-07-2024T17:57:39 - [MESSAGE][INFO] - Checking response object

26-07-2024T17:57:39 - [MESSAGE][PASSED] - totalplay.Common.verifyPropertyExist is PASSED

26-07-2024T17:57:39 - [TEST_STEP][PASSED] - totalplay.Common.verifyPropertyExist(FoodPLP, components_storeData_openHours_time): totalplay.Common.verifyPropertyExist is PASSED

26-07-2024T17:57:39 - [MESSAGE][INFO] - Checking response object

26-07-2024T17:57:39 - [MESSAGE][PASSED] - totalplay.Common.verifyPropertyExist is PASSED

26-07-2024T17:57:39 - [TEST_STEP][PASSED] - totalplay.Common.verifyPropertyExist(FoodPLP, components_storeData_openHours_time_openingTime): totalplay.Common.verifyPropertyExist is PASSED

26-07-2024T17:57:39 - [MESSAGE][INFO] - Checking response object

26-07-2024T17:57:39 - [MESSAGE][PASSED] - totalplay.Common.verifyPropertyExist is PASSED

26-07-2024T17:57:39 - [TEST_STEP][PASSED] - totalplay.Common.verifyPropertyValueExist(FoodPLP, components_storeData_openHours_time_openingTime): totalplay.Common.verifyPropertyValueExist is PASSED

26-07-2024T17:57:39 - [MESSAGE][INFO] - Checking response object

26-07-2024T17:57:39 - [MESSAGE][INFO] - 13:30

26-07-2024T17:57:39 - [MESSAGE][PASSED] - totalplay.Common.verifyPropertyValueExist is PASSED

26-07-2024T17:57:39 - [TEST_STEP][PASSED] - totalplay.Common.verifyPropertyExist(FoodPLP, components_storeData_openHours_time_closingTime): totalplay.Common.verifyPropertyExist is PASSED

26-07-2024T17:57:39 - [MESSAGE][INFO] - Checking response object

26-07-2024T17:57:39 - [MESSAGE][PASSED] - totalplay.Common.verifyPropertyExist is PASSED

26-07-2024T17:57:39 - [TEST_STEP][PASSED] - totalplay.Common.verifyPropertyValueExist(FoodPLP, components_storeData_openHours_time_closingTime): totalplay.Common.verifyPropertyValueExist is PASSED

26-07-2024T17:57:39 - [MESSAGE][INFO] - Checking response object

26-07-2024T17:57:39 - [MESSAGE][INFO] - 15:30

26-07-2024T17:57:39 - [MESSAGE][PASSED] - totalplay.Common.verifyPropertyValueExist is PASSED

26-07-2024T17:57:39 - [TEST_STEP][PASSED] - totalplay.Common.verifyPropertyExist(FoodPLP, components_storeData_openHours_day): totalplay.Common.verifyPropertyExist is PASSED

26-07-2024T17:57:39 - [MESSAGE][INFO] - Checking response object

26-07-2024T17:57:39 - [MESSAGE][PASSED] - totalplay.Common.verifyPropertyExist is PASSED

26-07-2024T17:57:39 - [TEST_STEP][PASSED] - totalplay.Common.verifyPropertyValueExist(FoodPLP, components_storeData_openHours_day): totalplay.Common.verifyPropertyValueExist is PASSED

26-07-2024T17:57:39 - [MESSAGE][INFO] - Checking response object

26-07-2024T17:57:39 - [MESSAGE][INFO] - Lunes

26-07-2024T17:57:39 - [MESSAGE][PASSED] - totalplay.Common.verifyPropertyValueExist is PASSED

26-07-2024T17:57:39 - [TEST_STEP][PASSED] - totalplay.Common.verifyPropertyExist(FoodPLP, components_storeData_shipmentCost): totalplay.Common.verifyPropertyExist is PASSED

26-07-2024T17:57:39 - [MESSAGE][INFO] - Checking response object

26-07-2024T17:57:39 - [MESSAGE][PASSED] - totalplay.Common.verifyPropertyExist is PASSED

26-07-2024T17:57:39 - [TEST_STEP][PASSED] - totalplay.Common.verifyPropertyExist(FoodPLP, components_storeData_shipmentCost_currency): totalplay.Common.verifyPropertyExist is PASSED

26-07-2024T17:57:39 - [MESSAGE][INFO] - Checking response object

26-07-2024T17:57:39 - [MESSAGE][PASSED] - totalplay.Common.verifyPropertyExist is PASSED

26-07-2024T17:57:39 - [TEST_STEP][PASSED] - totalplay.Common.verifyPropertyValueExist(FoodPLP, components_storeData_shipmentCost_currency): totalplay.Common.verifyPropertyValueExist is PASSED

26-07-2024T17:57:39 - [MESSAGE][INFO] - Checking response object

26-07-2024T17:57:39 - [MESSAGE][INFO] - MXN

26-07-2024T17:57:39 - [MESSAGE][PASSED] - totalplay.Common.verifyPropertyValueExist is PASSED

26-07-2024T17:57:39 - [TEST_STEP][PASSED] - totalplay.Common.verifyPropertyExist(FoodPLP, components_storeData_shipmentCost_formatted): totalplay.Common.verifyPropertyExist is PASSED

26-07-2024T17:57:39 - [MESSAGE][INFO] - Checking response object

26-07-2024T17:57:39 - [MESSAGE][PASSED] - totalplay.Common.verifyPropertyExist is PASSED

26-07-2024T17:57:39 - [TEST_STEP][PASSED] - totalplay.Common.verifyPropertyValueExist(FoodPLP, components_storeData_shipmentCost_formatted): totalplay.Common.verifyPropertyValueExist is PASSED

26-07-2024T17:57:39 - [MESSAGE][INFO] - Checking response object

26-07-2024T17:57:39 - [MESSAGE][INFO] - $50.00

26-07-2024T17:57:39 - [MESSAGE][PASSED] - totalplay.Common.verifyPropertyValueExist is PASSED

26-07-2024T17:57:39 - [TEST_STEP][PASSED] - totalplay.Common.verifyPropertyExist(FoodPLP, components_storeData_storeType): totalplay.Common.verifyPropertyExist is PASSED

26-07-2024T17:57:39 - [MESSAGE][INFO] - Checking response object

26-07-2024T17:57:40 - [MESSAGE][PASSED] - totalplay.Common.verifyPropertyExist is PASSED

26-07-2024T17:57:40 - [TEST_STEP][PASSED] - totalplay.Common.verifyPropertyValueExist(FoodPLP, components_storeData_storeType): totalplay.Common.verifyPropertyValueExist is PASSED

26-07-2024T17:57:40 - [MESSAGE][INFO] - Checking response object

26-07-2024T17:57:40 - [MESSAGE][INFO] - krusty

26-07-2024T17:57:40 - [MESSAGE][PASSED] - totalplay.Common.verifyPropertyValueExist is PASSED

26-07-2024T17:57:40 - [TEST_STEP][PASSED] - totalplay.Common.getNumValueofObject(FoodPLP, components__storeData_ratings): totalplay.Common.getNumValueofObject is PASSED

26-07-2024T17:57:40 - [MESSAGE][INFO] - Checking response object

26-07-2024T17:57:40 - [MESSAGE][PASSED] - totalplay.Common.getNumValueofObject is PASSED

26-07-2024T17:57:40 - [TEST_STEP][PASSED] - totalplay.Common.getBooleanValueofObject(FoodPLP, components_storeData_grantiasDeLaTienda): totalplay.Common.getBooleanValueofObject is PASSED

26-07-2024T17:57:40 - [MESSAGE][INFO] - Checking response object

26-07-2024T17:57:40 - [MESSAGE][PASSED] - totalplay.Common.getBooleanValueofObject is PASSED

26-07-2024T17:57:40 - [TEST_STEP][PASSED] - totalplay.Common.getBooleanValueofObject(FoodPLP, components_storeData_tarifaDeEntrega): totalplay.Common.getBooleanValueofObject is PASSED

26-07-2024T17:57:40 - [MESSAGE][INFO] - Checking response object

26-07-2024T17:57:40 - [MESSAGE][PASSED] - totalplay.Common.getBooleanValueofObject is PASSED

26-07-2024T17:57:40 - [TEST_STEP][PASSED] - totalplay.Common.getBooleanValueofObject(FoodPLP, components_storeData_politicaDePrecios): totalplay.Common.getBooleanValueofObject is PASSED

26-07-2024T17:57:40 - [MESSAGE][INFO] - Checking response object

26-07-2024T17:57:40 - [MESSAGE][PASSED] - totalplay.Common.getBooleanValueofObject is PASSED

26-07-2024T17:57:40 - [TEST_STEP][PASSED] - totalplay.Common.getBooleanValueofObject(FoodPLP, components_storeData_ageShowWarningModel): totalplay.Common.getBooleanValueofObject is PASSED

26-07-2024T17:57:40 - [MESSAGE][INFO] - Checking response object

26-07-2024T17:57:40 - [MESSAGE][PASSED] - totalplay.Common.getBooleanValueofObject is PASSED

26-07-2024T17:57:40 - [TEST_STEP][PASSED] - totalplay.Common.verifyPropertyExist(FoodPLP, components_componentAssets): totalplay.Common.verifyPropertyExist is PASSED

26-07-2024T17:57:40 - [MESSAGE][INFO] - Checking response object

26-07-2024T17:57:40 - [MESSAGE][PASSED] - totalplay.Common.verifyPropertyExist is PASSED

26-07-2024T17:57:40 - [TEST_STEP][PASSED] - totalplay.Common.verifyPropertyExist(FoodPLP, components_componentAssets_componentTypeId): totalplay.Common.verifyPropertyExist is PASSED

26-07-2024T17:57:40 - [MESSAGE][INFO] - Checking response object

26-07-2024T17:57:40 - [MESSAGE][PASSED] - totalplay.Common.verifyPropertyExist is PASSED

26-07-2024T17:57:40 - [TEST_STEP][PASSED] - totalplay.Common.verifyPropertyValueExist(FoodPLP, components_componentAssets_componentTypeId): totalplay.Common.verifyPropertyValueExist is PASSED

26-07-2024T17:57:40 - [MESSAGE][INFO] - Checking response object

26-07-2024T17:57:40 - [MESSAGE][INFO] - commerce_assets.FoodHomeBanner

26-07-2024T17:57:40 - [MESSAGE][PASSED] - totalplay.Common.verifyPropertyValueExist is PASSED

26-07-2024T17:57:40 - [TEST_STEP][PASSED] - totalplay.Common.verifyPropertyExist(FoodPLP, components_componentAssets_link): totalplay.Common.verifyPropertyExist is PASSED

26-07-2024T17:57:40 - [MESSAGE][INFO] - Checking response object

26-07-2024T17:57:40 - [MESSAGE][PASSED] - totalplay.Common.verifyPropertyExist is PASSED

26-07-2024T17:57:40 - [TEST_STEP][PASSED] - totalplay.Common.verifyPropertyValueExist(FoodPLP, components_componentAssets_link): totalplay.Common.verifyPropertyValueExist is PASSED

26-07-2024T17:57:40 - [MESSAGE][INFO] - Checking response object

26-07-2024T17:57:40 - [MESSAGE][INFO] - link

26-07-2024T17:57:40 - [MESSAGE][PASSED] - totalplay.Common.verifyPropertyValueExist is PASSED

26-07-2024T17:57:40 - [TEST_STEP][PASSED] - totalplay.Common.getBooleanValueofObject(FoodPLP, components_componentAssets_isAgeRestricted): totalplay.Common.getBooleanValueofObject is PASSED

26-07-2024T17:57:40 - [MESSAGE][INFO] - Checking response object

26-07-2024T17:57:40 - [MESSAGE][PASSED] - totalplay.Common.getBooleanValueofObject is PASSED

26-07-2024T17:57:40 - [TEST_STEP][PASSED] - totalplay.Common.verifyPropertyExist(FoodPLP, components_componentAssets_bannerDesc): totalplay.Common.verifyPropertyExist is PASSED

26-07-2024T17:57:40 - [MESSAGE][INFO] - Checking response object

26-07-2024T17:57:40 - [MESSAGE][PASSED] - totalplay.Common.verifyPropertyExist is PASSED

26-07-2024T17:57:40 - [TEST_STEP][PASSED] - totalplay.Common.verifyPropertyValueExist(FoodPLP, components_componentAssets_bannerDesc): totalplay.Common.verifyPropertyValueExist is PASSED

26-07-2024T17:57:40 - [MESSAGE][INFO] - Checking response object

26-07-2024T17:57:40 - [MESSAGE][INFO] - En la compra de un rollo de temporada llevete un clasico gratis

26-07-2024T17:57:40 - [MESSAGE][PASSED] - totalplay.Common.verifyPropertyValueExist is PASSED

26-07-2024T17:57:40 - [TEST_STEP][PASSED] - totalplay.Common.verifyPropertyExist(FoodPLP, components_componentAssets_bannerName): totalplay.Common.verifyPropertyExist is PASSED

26-07-2024T17:57:40 - [MESSAGE][INFO] - Checking response object

26-07-2024T17:57:40 - [MESSAGE][PASSED] - totalplay.Common.verifyPropertyExist is PASSED

26-07-2024T17:57:40 - [TEST_STEP][PASSED] - totalplay.Common.verifyPropertyValueExist(FoodPLP, components_componentAssets_bannerName): totalplay.Common.verifyPropertyValueExist is PASSED

26-07-2024T17:57:40 - [MESSAGE][INFO] - Checking response object

26-07-2024T17:57:40 - [MESSAGE][INFO] - Rollos de temporada

26-07-2024T17:57:40 - [MESSAGE][PASSED] - totalplay.Common.verifyPropertyValueExist is PASSED

26-07-2024T17:57:40 - [TEST_STEP][PASSED] - totalplay.Common.verifyPropertyExist(FoodPLP, components_componentAssets_linkType): totalplay.Common.verifyPropertyExist is PASSED

26-07-2024T17:57:40 - [MESSAGE][INFO] - Checking response object

26-07-2024T17:57:40 - [MESSAGE][PASSED] - totalplay.Common.verifyPropertyExist is PASSED

26-07-2024T17:57:40 - [TEST_STEP][PASSED] - totalplay.Common.verifyPropertyValueExist(FoodPLP, components_componentAssets_linkType): totalplay.Common.verifyPropertyValueExist is PASSED

26-07-2024T17:57:40 - [MESSAGE][INFO] - Checking response object

26-07-2024T17:57:40 - [MESSAGE][INFO] - SCP

26-07-2024T17:57:40 - [MESSAGE][PASSED] - totalplay.Common.verifyPropertyValueExist is PASSED

26-07-2024T17:57:40 - [TEST_STEP][PASSED] - totalplay.Common.getBooleanValueofObject(FoodPLP, components_componentAssets_logo): totalplay.Common.getBooleanValueofObject is PASSED

26-07-2024T17:57:40 - [MESSAGE][INFO] - Checking response object

26-07-2024T17:57:40 - [MESSAGE][PASSED] - totalplay.Common.getBooleanValueofObject is PASSED

26-07-2024T17:57:40 - [TEST_STEP][PASSED] - totalplay.Common.getBooleanValueofObject(FoodPLP, components_componentAssets_corporateColorCode): totalplay.Common.getBooleanValueofObject is PASSED

26-07-2024T17:57:40 - [MESSAGE][INFO] - Checking response object

26-07-2024T17:57:40 - [MESSAGE][PASSED] - totalplay.Common.getBooleanValueofObject is PASSED

26-07-2024T17:57:40 - [TEST_STEP][PASSED] - totalplay.Common.getBooleanValueofObject(FoodPLP, components_componentAssets_deliveryTime): totalplay.Common.getBooleanValueofObject is PASSED

26-07-2024T17:57:40 - [MESSAGE][INFO] - Checking response object

26-07-2024T17:57:40 - [MESSAGE][PASSED] - totalplay.Common.getBooleanValueofObject is PASSED

26-07-2024T17:57:40 - [TEST_STEP][PASSED] - totalplay.Common.getBooleanValueofObject(FoodPLP, components_componentAssets_positionAfter): totalplay.Common.getBooleanValueofObject is PASSED

26-07-2024T17:57:40 - [MESSAGE][INFO] - Checking response object

26-07-2024T17:57:40 - [MESSAGE][PASSED] - totalplay.Common.getBooleanValueofObject is PASSED]]></system-out>
         <system-err><![CDATA[]]></system-err>
      </testcase>
      <testcase name="Test Cases/TotalPlay-Food/TC_4_Food_SCP" time="5.79" classname="Test Cases/TotalPlay-Food/TC_4_Food_SCP" status="PASSED">
         <system-out><![CDATA[26-07-2024T17:57:40 - [TEST_CASE][PASSED] - Test Cases/TotalPlay-Food/TC_4_Food_SCP: Test Cases/TotalPlay-Food/TC_4_Food_SCP

26-07-2024T17:57:41 - [TEST_STEP][PASSED] - callTestCase(findTestCase("TotalPlay-Food/TC_1_Login_Service"), [:], STOP_ON_FAILURE): Call Test Case 'Test Cases/TotalPlay-Food/TC_1_Login_Service' successfully

26-07-2024T17:57:41 - [MESSAGE][INFO] - Checking called Test Case

26-07-2024T17:57:41 - [MESSAGE][INFO] - Starting to call Test Case 'Test Cases/TotalPlay-Food/TC_1_Login_Service'

26-07-2024T17:57:41 - [TEST_CASE][PASSED] - Test Cases/TotalPlay-Food/TC_1_Login_Service: Test Cases/TotalPlay-Food/TC_1_Login_Service

26-07-2024T17:57:41 - [TEST_STEP][PASSED] - LoginResponse = sendRequest(findTestObject("TotalPlay-Food/getTokenDelivery", ["URL":URL])): Send request successfully

26-07-2024T17:57:41 - [MESSAGE][INFO] - Finding Test Object 'Object Repository/TotalPlay-Food/getTokenDelivery'

26-07-2024T17:57:41 - [MESSAGE][INFO] - Checking request object

26-07-2024T17:57:44 - [MESSAGE][INFO] - HAR: C:\Users\ShubhamKumarThakur\OneDrive - Kognivera\Documents\TotalPlay\totalplay-automation\Reports\20240726_175712\Food_Services\20240726_175712\requests\main\5.har

26-07-2024T17:57:44 - [MESSAGE][PASSED] - Send request successfully

26-07-2024T17:57:44 - [TEST_STEP][PASSED] - assert getResponseStatusCode(LoginResponse) == 200: Checking response object

26-07-2024T17:57:44 - [MESSAGE][INFO] - Checking response object

26-07-2024T17:57:44 - [TEST_STEP][PASSED] - Auth = "ocapiResponse.access_token": null

26-07-2024T17:57:44 - [TEST_STEP][PASSED] - FoodBascketId = "ocapiResponse.c_basketId_TP_FOOD": null

26-07-2024T17:57:44 - [TEST_STEP][PASSED] - FoodBasId = getElementPropertyValue(LoginResponse, FoodBascketId): Checking response object

26-07-2024T17:57:44 - [MESSAGE][INFO] - Checking response object

26-07-2024T17:57:44 - [TEST_STEP][PASSED] - sfccAuthorization = getElementPropertyValue(LoginResponse, Auth): Checking response object

26-07-2024T17:57:44 - [MESSAGE][INFO] - Checking response object

26-07-2024T17:57:44 - [TEST_STEP][PASSED] - Authorization = "Bearer " + sfccAuthorization: null

26-07-2024T17:57:44 - [TEST_STEP][PASSED] - FoodBasketId = FoodBasId: null

26-07-2024T17:57:44 - [TEST_STEP][PASSED] - logInfo(bm_auth_token): 

26-07-2024T17:57:44 - [MESSAGE][INFO] - 

26-07-2024T17:57:44 - [TEST_STEP][PASSED] - if (sfccAuthorization.length() == 0): null

26-07-2024T17:57:44 - [TEST_STEP][PASSED] - else: authorization generated

26-07-2024T17:57:44 - [TEST_STEP][PASSED] - markPassed("authorization generated"): authorization generated

26-07-2024T17:57:44 - [MESSAGE][PASSED] - authorization generated

26-07-2024T17:57:44 - [TEST_STEP][PASSED] - BasketId_loginResponse = "ocapiResponse.c_basketId": null

26-07-2024T17:57:44 - [TEST_STEP][PASSED] - CustomerId_loginResponse = "ocapiResponse.customer_id": null

26-07-2024T17:57:44 - [TEST_STEP][PASSED] - basketId = getElementPropertyValue(LoginResponse, BasketId_loginResponse): Checking response object

26-07-2024T17:57:44 - [MESSAGE][INFO] - Checking response object

26-07-2024T17:57:44 - [TEST_STEP][PASSED] - customerId = getElementPropertyValue(LoginResponse, CustomerId_loginResponse): Checking response object

26-07-2024T17:57:44 - [MESSAGE][INFO] - Checking response object

26-07-2024T17:57:44 - [TEST_STEP][PASSED] - basketID = basketId: null

26-07-2024T17:57:44 - [TEST_STEP][PASSED] - sla_customerId = customerId: null

26-07-2024T17:57:44 - [TEST_STEP][PASSED] - println(basketID): null

26-07-2024T17:57:44 - [TEST_STEP][PASSED] - println(sla_customerId): null

26-07-2024T17:57:44 - [TEST_STEP][PASSED] - refresh_token = "ocapiResponse.refresh_token": null

26-07-2024T17:57:44 - [TEST_STEP][PASSED] - customer_email = "ocapiResponse.customer_email": null

26-07-2024T17:57:44 - [TEST_STEP][PASSED] - c_brmId = "ocapiResponse.c_brmId": null

26-07-2024T17:57:44 - [TEST_STEP][PASSED] - customer_name = "ocapiResponse.customer_name": null

26-07-2024T17:57:44 - [TEST_STEP][PASSED] - totalplay.Common.verifyPropertyExist(LoginResponse, refresh_token): totalplay.Common.verifyPropertyExist is PASSED

26-07-2024T17:57:44 - [MESSAGE][INFO] - Checking response object

26-07-2024T17:57:44 - [MESSAGE][PASSED] - totalplay.Common.verifyPropertyExist is PASSED

26-07-2024T17:57:44 - [TEST_STEP][PASSED] - totalplay.Common.verifyPropertyValueExist(LoginResponse, refresh_token): totalplay.Common.verifyPropertyValueExist is PASSED

26-07-2024T17:57:44 - [MESSAGE][INFO] - Checking response object

26-07-2024T17:57:44 - [MESSAGE][INFO] - tkexa8cSZC_iG0w8RTU0YZXn1ktiCNURIcc3aWmkT6Y

26-07-2024T17:57:44 - [MESSAGE][PASSED] - totalplay.Common.verifyPropertyValueExist is PASSED

26-07-2024T17:57:44 - [TEST_STEP][PASSED] - totalplay.Common.verifyPropertyExist(LoginResponse, customer_email): totalplay.Common.verifyPropertyExist is PASSED

26-07-2024T17:57:44 - [MESSAGE][INFO] - Checking response object

26-07-2024T17:57:44 - [MESSAGE][PASSED] - totalplay.Common.verifyPropertyExist is PASSED

26-07-2024T17:57:44 - [TEST_STEP][PASSED] - totalplay.Common.verifyPropertyValueExist(LoginResponse, customer_email): totalplay.Common.verifyPropertyValueExist is PASSED

26-07-2024T17:57:44 - [MESSAGE][INFO] - Checking response object

26-07-2024T17:57:44 - [MESSAGE][INFO] - cesar.waldo93@gmail.com

26-07-2024T17:57:44 - [MESSAGE][PASSED] - totalplay.Common.verifyPropertyValueExist is PASSED

26-07-2024T17:57:44 - [TEST_STEP][PASSED] - totalplay.Common.verifyPropertyExist(LoginResponse, customer_name): totalplay.Common.verifyPropertyExist is PASSED

26-07-2024T17:57:44 - [MESSAGE][INFO] - Checking response object

26-07-2024T17:57:44 - [MESSAGE][PASSED] - totalplay.Common.verifyPropertyExist is PASSED

26-07-2024T17:57:44 - [TEST_STEP][PASSED] - totalplay.Common.verifyPropertyValueExist(LoginResponse, customer_name): totalplay.Common.verifyPropertyValueExist is PASSED

26-07-2024T17:57:44 - [MESSAGE][INFO] - Checking response object

26-07-2024T17:57:44 - [MESSAGE][INFO] - CESAR GERARDO WALDO GONZALEZ

26-07-2024T17:57:44 - [MESSAGE][PASSED] - totalplay.Common.verifyPropertyValueExist is PASSED

26-07-2024T17:57:44 - [TEST_STEP][PASSED] - totalplay.Common.verifyPropertyExist(LoginResponse, c_brmId): totalplay.Common.verifyPropertyExist is PASSED

26-07-2024T17:57:44 - [MESSAGE][INFO] - Checking response object

26-07-2024T17:57:44 - [MESSAGE][PASSED] - totalplay.Common.verifyPropertyExist is PASSED

26-07-2024T17:57:44 - [TEST_STEP][PASSED] - totalplay.Common.verifyPropertyValueExist(LoginResponse, c_brmId): totalplay.Common.verifyPropertyValueExist is PASSED

26-07-2024T17:57:44 - [MESSAGE][INFO] - Checking response object

[...]

26-07-2024T17:58:38 - [TEST_STEP][PASSED] - totalplay.Common.verifyPropertyValueExist(AddToCart, shipments_0_shipping_address_c_streetName): totalplay.Common.verifyPropertyValueExist is PASSED

26-07-2024T17:58:38 - [MESSAGE][INFO] - Checking response object

26-07-2024T17:58:38 - [MESSAGE][INFO] - Alejandro Dumas

26-07-2024T17:58:38 - [MESSAGE][PASSED] - totalplay.Common.verifyPropertyValueExist is PASSED

26-07-2024T17:58:38 - [TEST_STEP][PASSED] - totalplay.Common.verifyPropertyExist(AddToCart, shipments_0_shipping_address_c_rfc): totalplay.Common.verifyPropertyExist is PASSED

26-07-2024T17:58:38 - [MESSAGE][INFO] - Checking response object

26-07-2024T17:58:38 - [MESSAGE][PASSED] - totalplay.Common.verifyPropertyExist is PASSED

26-07-2024T17:58:38 - [TEST_STEP][PASSED] - totalplay.Common.verifyPropertyValueExist(AddToCart, shipments_0_shipping_address_c_rfc): totalplay.Common.verifyPropertyValueExist is PASSED

26-07-2024T17:58:38 - [MESSAGE][INFO] - Checking response object

26-07-2024T17:58:38 - [MESSAGE][INFO] - XAXA010101111

26-07-2024T17:58:38 - [MESSAGE][PASSED] - totalplay.Common.verifyPropertyValueExist is PASSED

26-07-2024T17:58:38 - [TEST_STEP][PASSED] - totalplay.Common.verifyPropertyExist(AddToCart, shipments_0_shipping_method__type): totalplay.Common.verifyPropertyExist is PASSED

26-07-2024T17:58:38 - [MESSAGE][INFO] - Checking response object

26-07-2024T17:58:38 - [MESSAGE][PASSED] - totalplay.Common.verifyPropertyExist is PASSED

26-07-2024T17:58:38 - [TEST_STEP][PASSED] - totalplay.Common.verifyPropertyValueExist(AddToCart, shipments_0_shipping_method__type): totalplay.Common.verifyPropertyValueExist is PASSED

26-07-2024T17:58:38 - [MESSAGE][INFO] - Checking response object

26-07-2024T17:58:38 - [MESSAGE][INFO] - shipping_method

26-07-2024T17:58:38 - [MESSAGE][PASSED] - totalplay.Common.verifyPropertyValueExist is PASSED

26-07-2024T17:58:38 - [TEST_STEP][PASSED] - totalplay.Common.verifyPropertyExist(AddToCart, shipments_0_shipping_method_description): totalplay.Common.verifyPropertyExist is PASSED

26-07-2024T17:58:38 - [MESSAGE][INFO] - Checking response object

26-07-2024T17:58:38 - [MESSAGE][PASSED] - totalplay.Common.verifyPropertyExist is PASSED

26-07-2024T17:58:38 - [TEST_STEP][PASSED] - totalplay.Common.verifyPropertyValueExist(AddToCart, shipments_0_shipping_method_description): totalplay.Common.verifyPropertyValueExist is PASSED

26-07-2024T17:58:38 - [MESSAGE][INFO] - Checking response object

26-07-2024T17:58:38 - [MESSAGE][INFO] - pickup

26-07-2024T17:58:38 - [MESSAGE][PASSED] - totalplay.Common.verifyPropertyValueExist is PASSED

26-07-2024T17:58:38 - [TEST_STEP][PASSED] - totalplay.Common.verifyPropertyExist(AddToCart, shipments_0_shipping_method_id): totalplay.Common.verifyPropertyExist is PASSED

26-07-2024T17:58:38 - [MESSAGE][INFO] - Checking response object

26-07-2024T17:58:38 - [MESSAGE][PASSED] - totalplay.Common.verifyPropertyExist is PASSED

26-07-2024T17:58:38 - [TEST_STEP][PASSED] - totalplay.Common.verifyPropertyValueExist(AddToCart, shipments_0_shipping_method_id): totalplay.Common.verifyPropertyValueExist is PASSED

26-07-2024T17:58:38 - [MESSAGE][INFO] - Checking response object

26-07-2024T17:58:38 - [MESSAGE][INFO] - pickup

26-07-2024T17:58:38 - [MESSAGE][PASSED] - totalplay.Common.verifyPropertyValueExist is PASSED

26-07-2024T17:58:38 - [TEST_STEP][PASSED] - totalplay.Common.verifyPropertyExist(AddToCart, shipments_0_shipping_method_name): totalplay.Common.verifyPropertyExist is PASSED

26-07-2024T17:58:38 - [MESSAGE][INFO] - Checking response object

26-07-2024T17:58:38 - [MESSAGE][PASSED] - totalplay.Common.verifyPropertyExist is PASSED

26-07-2024T17:58:38 - [TEST_STEP][PASSED] - totalplay.Common.verifyPropertyValueExist(AddToCart, shipments_0_shipping_method_name): totalplay.Common.verifyPropertyValueExist is PASSED

26-07-2024T17:58:38 - [MESSAGE][INFO] - Checking response object

26-07-2024T17:58:38 - [MESSAGE][INFO] - pickup

26-07-2024T17:58:38 - [MESSAGE][PASSED] - totalplay.Common.verifyPropertyValueExist is PASSED

26-07-2024T17:58:38 - [TEST_STEP][PASSED] - totalplay.Common.verifyPropertyExist(AddToCart, shipments_0_shipping_method_shipping_promotions_0__type): totalplay.Common.verifyPropertyExist is PASSED

26-07-2024T17:58:38 - [MESSAGE][INFO] - Checking response object

26-07-2024T17:58:38 - [MESSAGE][PASSED] - totalplay.Common.verifyPropertyExist is PASSED

26-07-2024T17:58:38 - [TEST_STEP][PASSED] - totalplay.Common.verifyPropertyValueExist(AddToCart, shipments_0_shipping_method_shipping_promotions_0__type): totalplay.Common.verifyPropertyValueExist is PASSED

26-07-2024T17:58:38 - [MESSAGE][INFO] - Checking response object

26-07-2024T17:58:38 - [MESSAGE][INFO] - shipping_promotion

26-07-2024T17:58:38 - [MESSAGE][PASSED] - totalplay.Common.verifyPropertyValueExist is PASSED

26-07-2024T17:58:38 - [TEST_STEP][PASSED] - totalplay.Common.verifyPropertyExist(AddToCart, shipments_0_shipping_method_shipping_promotions_0_callout_msg): totalplay.Common.verifyPropertyExist is PASSED

26-07-2024T17:58:38 - [MESSAGE][INFO] - Checking response object

26-07-2024T17:58:38 - [MESSAGE][PASSED] - totalplay.Common.verifyPropertyExist is PASSED

26-07-2024T17:58:38 - [TEST_STEP][PASSED] - totalplay.Common.verifyPropertyValueExist(AddToCart, shipments_0_shipping_method_shipping_promotions_0_callout_msg): totalplay.Common.verifyPropertyValueExist is PASSED

26-07-2024T17:58:38 - [MESSAGE][INFO] - Checking response object

26-07-2024T17:58:38 - [MESSAGE][INFO] - freeShippingForFirstOrder

26-07-2024T17:58:38 - [MESSAGE][PASSED] - totalplay.Common.verifyPropertyValueExist is PASSED

26-07-2024T17:58:38 - [TEST_STEP][PASSED] - totalplay.Common.verifyPropertyExist(AddToCart, shipments_0_shipping_method_shipping_promotions_0_link): totalplay.Common.verifyPropertyExist is PASSED

26-07-2024T17:58:38 - [MESSAGE][INFO] - Checking response object

26-07-2024T17:58:38 - [MESSAGE][PASSED] - totalplay.Common.verifyPropertyExist is PASSED

26-07-2024T17:58:38 - [TEST_STEP][PASSED] - totalplay.Common.verifyPropertyValueExist(AddToCart, shipments_0_shipping_method_shipping_promotions_0_link): totalplay.Common.verifyPropertyValueExist is PASSED

26-07-2024T17:58:38 - [MESSAGE][INFO] - Checking response object

26-07-2024T17:58:38 - [MESSAGE][INFO] - https://salesforceqa.sistemastp.com.mx/s/TP-FOOD/dw/shop/v24_5/promotions/8b10c9189b61a9ad6e7cee3531?isHomo=true&sellerId=4158

26-07-2024T17:58:38 - [MESSAGE][PASSED] - totalplay.Common.verifyPropertyValueExist is PASSED

26-07-2024T17:58:38 - [TEST_STEP][PASSED] - totalplay.Common.verifyPropertyExist(AddToCart, shipments_0_shipping_method_shipping_promotions_0_promotion_id): totalplay.Common.verifyPropertyExist is PASSED

26-07-2024T17:58:38 - [MESSAGE][INFO] - Checking response object

26-07-2024T17:58:38 - [MESSAGE][PASSED] - totalplay.Common.verifyPropertyExist is PASSED

26-07-2024T17:58:38 - [TEST_STEP][PASSED] - totalplay.Common.verifyPropertyValueExist(AddToCart, shipments_0_shipping_method_shipping_promotions_0_link): totalplay.Common.verifyPropertyValueExist is PASSED

26-07-2024T17:58:38 - [MESSAGE][INFO] - Checking response object

26-07-2024T17:58:39 - [MESSAGE][INFO] - https://salesforceqa.sistemastp.com.mx/s/TP-FOOD/dw/shop/v24_5/promotions/8b10c9189b61a9ad6e7cee3531?isHomo=true&sellerId=4158

26-07-2024T17:58:39 - [MESSAGE][PASSED] - totalplay.Common.verifyPropertyValueExist is PASSED

26-07-2024T17:58:39 - [TEST_STEP][PASSED] - totalplay.Common.verifyPropertyExist(AddToCart, shipments_0_shipping_method_shipping_promotions_0_promotion_name): totalplay.Common.verifyPropertyExist is PASSED

26-07-2024T17:58:39 - [MESSAGE][INFO] - Checking response object

26-07-2024T17:58:39 - [MESSAGE][PASSED] - totalplay.Common.verifyPropertyExist is PASSED

26-07-2024T17:58:39 - [TEST_STEP][PASSED] - totalplay.Common.verifyPropertyValueExist(AddToCart, shipments_0_shipping_method_shipping_promotions_0_promotion_name): totalplay.Common.verifyPropertyValueExist is PASSED

26-07-2024T17:58:39 - [MESSAGE][INFO] - Checking response object

26-07-2024T17:58:39 - [MESSAGE][INFO] - freeShippingForFirstOrder

26-07-2024T17:58:39 - [MESSAGE][PASSED] - totalplay.Common.verifyPropertyValueExist is PASSED

26-07-2024T17:58:39 - [TEST_STEP][PASSED] - totalplay.Common.verifyPropertyExist(AddToCart, shipments_0_shipping_status): totalplay.Common.verifyPropertyExist is PASSED

26-07-2024T17:58:39 - [MESSAGE][INFO] - Checking response object

26-07-2024T17:58:39 - [MESSAGE][PASSED] - totalplay.Common.verifyPropertyExist is PASSED

26-07-2024T17:58:39 - [TEST_STEP][PASSED] - totalplay.Common.verifyPropertyValueExist(AddToCart, shipments_0_shipping_status): totalplay.Common.verifyPropertyValueExist is PASSED

26-07-2024T17:58:39 - [MESSAGE][INFO] - Checking response object

26-07-2024T17:58:39 - [MESSAGE][INFO] - not_shipped

26-07-2024T17:58:39 - [MESSAGE][PASSED] - totalplay.Common.verifyPropertyValueExist is PASSED

26-07-2024T17:58:39 - [TEST_STEP][PASSED] - totalplay.Common.getDecimalValueofObject(AddToCart, shipments_0_shipping_total): totalplay.Common.getDecimalValueofObject is PASSED

26-07-2024T17:58:39 - [MESSAGE][INFO] - Checking response object

26-07-2024T17:58:39 - [MESSAGE][PASSED] - totalplay.Common.getDecimalValueofObject is PASSED

26-07-2024T17:58:39 - [TEST_STEP][PASSED] - totalplay.Common.getDecimalValueofObject(AddToCart, shipments_0_shipping_total_tax): totalplay.Common.getDecimalValueofObject is PASSED

26-07-2024T17:58:39 - [MESSAGE][INFO] - Checking response object

26-07-2024T17:58:39 - [MESSAGE][PASSED] - totalplay.Common.getDecimalValueofObject is PASSED

26-07-2024T17:58:39 - [TEST_STEP][PASSED] - totalplay.Common.getDecimalValueofObject(AddToCart, shipments_0_tax_total): totalplay.Common.getDecimalValueofObject is PASSED

26-07-2024T17:58:39 - [MESSAGE][INFO] - Checking response object

26-07-2024T17:58:39 - [MESSAGE][PASSED] - totalplay.Common.getDecimalValueofObject is PASSED

26-07-2024T17:58:39 - [TEST_STEP][PASSED] - totalplay.Common.getDecimalValueofObject(AddToCart, shipments_0_c_serviceCharge): totalplay.Common.getDecimalValueofObject is PASSED

26-07-2024T17:58:39 - [MESSAGE][INFO] - Checking response object

26-07-2024T17:58:39 - [MESSAGE][PASSED] - totalplay.Common.getDecimalValueofObject is PASSED

26-07-2024T17:58:39 - [TEST_STEP][PASSED] - totalplay.Common.verifyPropertyExist(AddToCart, shipments_0_c_shippingRates): totalplay.Common.verifyPropertyExist is PASSED

26-07-2024T17:58:39 - [MESSAGE][INFO] - Checking response object

26-07-2024T17:58:39 - [MESSAGE][PASSED] - totalplay.Common.verifyPropertyExist is PASSED

26-07-2024T17:58:39 - [TEST_STEP][PASSED] - totalplay.Common.verifyPropertyValueExist(AddToCart, shipments_0_c_shippingRates): totalplay.Common.verifyPropertyValueExist is PASSED

26-07-2024T17:58:39 - [MESSAGE][INFO] - Checking response object

26-07-2024T17:58:39 - [MESSAGE][INFO] - ["{\"shipCost\":40,\"idCotizacion\":\"PICK000000010587\"}"]

26-07-2024T17:58:39 - [MESSAGE][PASSED] - totalplay.Common.verifyPropertyValueExist is PASSED

26-07-2024T17:58:39 - [TEST_STEP][PASSED] - totalplay.Common.getDecimalValueofObject(AddToCart, shipments_0_c_totalShippingCost): totalplay.Common.getDecimalValueofObject is PASSED

26-07-2024T17:58:39 - [MESSAGE][INFO] - Checking response object

26-07-2024T17:58:39 - [MESSAGE][PASSED] - totalplay.Common.getDecimalValueofObject is PASSED

26-07-2024T17:58:39 - [TEST_STEP][PASSED] - totalplay.Common.verifyPropertyExist(AddToCart, shipping_items_0__type): totalplay.Common.verifyPropertyExist is PASSED

26-07-2024T17:58:39 - [MESSAGE][INFO] - Checking response object

26-07-2024T17:58:39 - [MESSAGE][PASSED] - totalplay.Common.verifyPropertyExist is PASSED

26-07-2024T17:58:39 - [TEST_STEP][PASSED] - totalplay.Common.verifyPropertyValueExist(AddToCart, shipping_items_0__type): totalplay.Common.verifyPropertyValueExist is PASSED

26-07-2024T17:58:39 - [MESSAGE][INFO] - Checking response object

26-07-2024T17:58:39 - [MESSAGE][INFO] - shipping_item

26-07-2024T17:58:39 - [MESSAGE][PASSED] - totalplay.Common.verifyPropertyValueExist is PASSED

26-07-2024T17:58:39 - [TEST_STEP][PASSED] - totalplay.Common.getDecimalValueofObject(AddToCart, shipping_items_0_adjusted_tax): totalplay.Common.getDecimalValueofObject is PASSED

26-07-2024T17:58:39 - [MESSAGE][INFO] - Checking response object

26-07-2024T17:58:39 - [MESSAGE][PASSED] - totalplay.Common.getDecimalValueofObject is PASSED

26-07-2024T17:58:39 - [TEST_STEP][PASSED] - totalplay.Common.getDecimalValueofObject(AddToCart, shipping_items_0_adjusted_tax): totalplay.Common.getDecimalValueofObject is PASSED

26-07-2024T17:58:39 - [MESSAGE][INFO] - Checking response object

26-07-2024T17:58:39 - [MESSAGE][PASSED] - totalplay.Common.getDecimalValueofObject is PASSED

26-07-2024T17:58:39 - [TEST_STEP][PASSED] - totalplay.Common.getDecimalValueofObject(AddToCart, shipping_total): totalplay.Common.getDecimalValueofObject is PASSED

26-07-2024T17:58:39 - [MESSAGE][INFO] - Checking response object

26-07-2024T17:58:39 - [MESSAGE][PASSED] - totalplay.Common.getDecimalValueofObject is PASSED

26-07-2024T17:58:39 - [TEST_STEP][PASSED] - totalplay.Common.getDecimalValueofObject(AddToCart, shipping_total_tax): totalplay.Common.getDecimalValueofObject is PASSED

26-07-2024T17:58:39 - [MESSAGE][INFO] - Checking response object

26-07-2024T17:58:39 - [MESSAGE][PASSED] - totalplay.Common.getDecimalValueofObject is PASSED

26-07-2024T17:58:39 - [TEST_STEP][PASSED] - totalplay.Common.verifyPropertyExist(AddToCart, taxation): totalplay.Common.verifyPropertyExist is PASSED

26-07-2024T17:58:39 - [MESSAGE][INFO] - Checking response object

26-07-2024T17:58:39 - [MESSAGE][PASSED] - totalplay.Common.verifyPropertyExist is PASSED

26-07-2024T17:58:39 - [TEST_STEP][PASSED] - totalplay.Common.verifyPropertyValueExist(AddToCart, taxation): totalplay.Common.verifyPropertyValueExist is PASSED

26-07-2024T17:58:39 - [MESSAGE][INFO] - Checking response object

26-07-2024T17:58:39 - [MESSAGE][INFO] - net

26-07-2024T17:58:39 - [MESSAGE][PASSED] - totalplay.Common.verifyPropertyValueExist is PASSED

26-07-2024T17:58:39 - [TEST_STEP][PASSED] - totalplay.Common.getDecimalValueofObject(AddToCart, tax_total): totalplay.Common.getDecimalValueofObject is PASSED

26-07-2024T17:58:39 - [MESSAGE][INFO] - Checking response object

26-07-2024T17:58:39 - [MESSAGE][PASSED] - totalplay.Common.getDecimalValueofObject is PASSED

26-07-2024T17:58:39 - [TEST_STEP][PASSED] - totalplay.Common.verifyPropertyExist(AddToCart, c_currentCorporate): totalplay.Common.verifyPropertyExist is PASSED

26-07-2024T17:58:39 - [MESSAGE][INFO] - Checking response object

26-07-2024T17:58:39 - [MESSAGE][PASSED] - totalplay.Common.verifyPropertyExist is PASSED

26-07-2024T17:58:39 - [TEST_STEP][PASSED] - totalplay.Common.verifyPropertyValueExist(AddToCart, c_currentCorporate): totalplay.Common.verifyPropertyValueExist is PASSED

26-07-2024T17:58:39 - [MESSAGE][INFO] - Checking response object

26-07-2024T17:58:39 - [MESSAGE][INFO] - LaCasaDeToño

26-07-2024T17:58:39 - [MESSAGE][PASSED] - totalplay.Common.verifyPropertyValueExist is PASSED

26-07-2024T17:58:39 - [TEST_STEP][PASSED] - totalplay.Common.verifyPropertyExist(AddToCart, c_miraklShippingZoneCode): totalplay.Common.verifyPropertyExist is PASSED

26-07-2024T17:58:39 - [MESSAGE][INFO] - Checking response object

26-07-2024T17:58:39 - [MESSAGE][PASSED] - totalplay.Common.verifyPropertyExist is PASSED

26-07-2024T17:58:39 - [TEST_STEP][PASSED] - totalplay.Common.verifyPropertyValueExist(AddToCart, c_miraklShippingZoneCode): totalplay.Common.verifyPropertyValueExist is PASSED

26-07-2024T17:58:39 - [MESSAGE][INFO] - Checking response object

26-07-2024T17:58:39 - [MESSAGE][INFO] - MX

26-07-2024T17:58:39 - [MESSAGE][PASSED] - totalplay.Common.verifyPropertyValueExist is PASSED

26-07-2024T17:58:39 - [TEST_STEP][PASSED] - totalplay.Common.getBooleanValueofObject(AddToCart, tax_rounded_at_group): totalplay.Common.getBooleanValueofObject is PASSED

26-07-2024T17:58:39 - [MESSAGE][INFO] - Checking response object

26-07-2024T17:58:40 - [MESSAGE][PASSED] - totalplay.Common.getBooleanValueofObject is PASSED

26-07-2024T17:58:40 - [TEST_STEP][PASSED] - totalplay.Common.getBooleanValueofObject(AddToCart, temporary_basket): totalplay.Common.getBooleanValueofObject is PASSED

26-07-2024T17:58:40 - [MESSAGE][INFO] - Checking response object

26-07-2024T17:58:40 - [MESSAGE][PASSED] - totalplay.Common.getBooleanValueofObject is PASSED

26-07-2024T17:58:40 - [TEST_STEP][PASSED] - totalplay.Common.getBooleanValueofObject(AddToCart, c_forceDeleteOndemand): totalplay.Common.getBooleanValueofObject is PASSED

26-07-2024T17:58:40 - [MESSAGE][INFO] - Checking response object

26-07-2024T17:58:40 - [MESSAGE][PASSED] - totalplay.Common.getBooleanValueofObject is PASSED

26-07-2024T17:58:40 - [TEST_STEP][PASSED] - totalplay.Common.getBooleanValueofObject(AddToCart, c_isLock): totalplay.Common.getBooleanValueofObject is PASSED

26-07-2024T17:58:40 - [MESSAGE][INFO] - Checking response object

26-07-2024T17:58:40 - [MESSAGE][PASSED] - totalplay.Common.getBooleanValueofObject is PASSED

26-07-2024T17:58:40 - [TEST_STEP][PASSED] - totalplay.Common.getBooleanValueofObject(AddToCart, c_isMiraklOrder): totalplay.Common.getBooleanValueofObject is PASSED

26-07-2024T17:58:40 - [MESSAGE][INFO] - Checking response object

26-07-2024T17:58:40 - [MESSAGE][PASSED] - totalplay.Common.getBooleanValueofObject is PASSED

26-07-2024T17:58:40 - [TEST_STEP][PASSED] - totalplay.Common.verifyPropertyExist(AddToCart, c_pickerExpressShipment): totalplay.Common.verifyPropertyExist is PASSED

26-07-2024T17:58:40 - [MESSAGE][INFO] - Checking response object

26-07-2024T17:58:40 - [MESSAGE][PASSED] - totalplay.Common.verifyPropertyExist is PASSED

26-07-2024T17:58:40 - [TEST_STEP][PASSED] - totalplay.Common.verifyPropertyValueExist(AddToCart, c_pickerExpressShipment): totalplay.Common.verifyPropertyValueExist is PASSED

26-07-2024T17:58:40 - [MESSAGE][INFO] - Checking response object

26-07-2024T17:58:40 - [MESSAGE][INFO] - {"shipCost":40,"idCotizacion":"PICK000000010587"}

26-07-2024T17:58:40 - [MESSAGE][PASSED] - totalplay.Common.verifyPropertyValueExist is PASSED

26-07-2024T17:58:40 - [TEST_STEP][PASSED] - totalplay.Common.verifyPropertyExist(AddToCart, c_seller_id): totalplay.Common.verifyPropertyExist is PASSED

26-07-2024T17:58:40 - [MESSAGE][INFO] - Checking response object

26-07-2024T17:58:40 - [MESSAGE][PASSED] - totalplay.Common.verifyPropertyExist is PASSED

26-07-2024T17:58:40 - [TEST_STEP][PASSED] - totalplay.Common.verifyPropertyValueExist(AddToCart, c_seller_id): totalplay.Common.verifyPropertyValueExist is PASSED

26-07-2024T17:58:40 - [MESSAGE][INFO] - Checking response object

26-07-2024T17:58:40 - [MESSAGE][INFO] - 4158

26-07-2024T17:58:40 - [MESSAGE][PASSED] - totalplay.Common.verifyPropertyValueExist is PASSED

26-07-2024T17:58:40 - [TEST_STEP][PASSED] - totalplay.Common.getDecimalValueofObject(AddToCart, c_serviceChargeTotalGrossPrice): totalplay.Common.getDecimalValueofObject is PASSED

26-07-2024T17:58:40 - [MESSAGE][INFO] - Checking response object

26-07-2024T17:58:40 - [MESSAGE][PASSED] - totalplay.Common.getDecimalValueofObject is PASSED

26-07-2024T17:58:40 - [TEST_STEP][PASSED] - totalplay.Common.getDecimalValueofObject(AddToCart, c_savingsTotal): totalplay.Common.getDecimalValueofObject is PASSED

26-07-2024T17:58:40 - [MESSAGE][INFO] - Checking response object

26-07-2024T17:58:40 - [MESSAGE][PASSED] - totalplay.Common.getDecimalValueofObject is PASSED]]></system-out>
         <system-err><![CDATA[]]></system-err>
      </testcase>
      <system-out><![CDATA[26-07-2024T17:57:18 - [TEST_SUITE][PASSED] - Food_Services: Test Cases/TotalPlay-Food/TC_11_Food_Add_To_Cart]]></system-out>
      <system-err><![CDATA[]]></system-err>
   </testsuite>
</testsuites>
