<?xml version="1.0" encoding="UTF-8"?>
<testsuites name="Food_Service_Normal_Flow_PlaceOrder" time="163.086" tests="11" failures="0" errors="0">
   <testsuite name="Food_Service_Normal_Flow_PlaceOrder" tests="11" failures="0" errors="0" time="163.086" skipped="0" timestamp="04-09-2024T08:29:20" hostname="ShubhamKumarThakur - 192.168.1.7" id="Test Suites/Food_Service_Normal_Flow_PlaceOrder">
      <properties>
         <property name="deviceName" value=""/>
         <property name="devicePlatform"/>
         <property name="logFolder" value="C:\\Users\\ShubhamKumarThakur\\OneDrive - Kognivera\\Documents\\TotalPlay\\totalplay-automation\\Reports\\20240904_082912\\Food_Service_Normal_Flow_PlaceOrder\\20240904_082912"/>
         <property name="logFiles" value="C:\\Users\\ShubhamKumarThakur\\OneDrive - Kognivera\\Documents\\TotalPlay\\totalplay-automation\\Reports\\20240904_082912\\Food_Service_Normal_Flow_PlaceOrder\\20240904_082912\\execution0.log"/>
         <property name="attachments" value=""/>
         <property name="hostName" value="ShubhamKumarThakur - 192.168.1.7"/>
         <property name="hostAddress" value="192.168.1.7"/>
         <property name="os" value="Windows 10 64bit"/>
         <property name="katalonVersion" value="9.6.0.217"/>
      </properties>
      <testcase name="Test Cases/TotalPlay-Food/TC_1_Login_Service" time="8.573" classname="Test Cases/TotalPlay-Food/TC_1_Login_Service" status="PASSED">
         <system-out><![CDATA[04-09-2024T08:29:20 - [TEST_CASE][PASSED] - Test Cases/TotalPlay-Food/TC_1_Login_Service: Test Cases/TotalPlay-Food/TC_1_Login_Service

04-09-2024T08:29:21 - [TEST_STEP][PASSED] - LoginResponse = sendRequest(findTestObject("TotalPlay-Food/getTokenDelivery", ["URL":URL])): Send request successfully

04-09-2024T08:29:21 - [MESSAGE][INFO] - Finding Test Object 'Object Repository/TotalPlay-Food/getTokenDelivery'

04-09-2024T08:29:22 - [MESSAGE][INFO] - Checking request object

04-09-2024T08:29:28 - [MESSAGE][INFO] - HAR: C:\Users\ShubhamKumarThakur\OneDrive - Kognivera\Documents\TotalPlay\totalplay-automation\Reports\20240904_082912\Food_Service_Normal_Flow_PlaceOrder\20240904_082912\requests\main\0.har

04-09-2024T08:29:28 - [MESSAGE][PASSED] - Send request successfully

04-09-2024T08:29:28 - [TEST_STEP][PASSED] - assert getResponseStatusCode(LoginResponse) == 200: Checking response object

04-09-2024T08:29:28 - [MESSAGE][INFO] - Checking response object

04-09-2024T08:29:28 - [TEST_STEP][PASSED] - Auth = "ocapiResponse.access_token": null

04-09-2024T08:29:28 - [TEST_STEP][PASSED] - FoodBascketId = "ocapiResponse.c_basketId_TP_FOOD": null

04-09-2024T08:29:28 - [TEST_STEP][PASSED] - FoodBasId = getElementPropertyValue(LoginResponse, FoodBascketId): Checking response object

04-09-2024T08:29:28 - [MESSAGE][INFO] - Checking response object

04-09-2024T08:29:28 - [TEST_STEP][PASSED] - sfccAuthorization = getElementPropertyValue(LoginResponse, Auth): Checking response object

04-09-2024T08:29:28 - [MESSAGE][INFO] - Checking response object

04-09-2024T08:29:28 - [TEST_STEP][PASSED] - Authorization = "Bearer " + sfccAuthorization: null

04-09-2024T08:29:28 - [TEST_STEP][PASSED] - FoodBasketId = FoodBasId: null

04-09-2024T08:29:28 - [TEST_STEP][PASSED] - logInfo(bm_auth_token): 

04-09-2024T08:29:28 - [MESSAGE][INFO] - 

04-09-2024T08:29:28 - [TEST_STEP][PASSED] - if (sfccAuthorization.length() == 0): null

04-09-2024T08:29:28 - [TEST_STEP][PASSED] - else: authorization generated

04-09-2024T08:29:28 - [TEST_STEP][PASSED] - markPassed("authorization generated"): authorization generated

04-09-2024T08:29:28 - [MESSAGE][PASSED] - authorization generated

04-09-2024T08:29:28 - [TEST_STEP][PASSED] - BasketId_loginResponse = "ocapiResponse.c_basketId": null

04-09-2024T08:29:28 - [TEST_STEP][PASSED] - CustomerId_loginResponse = "ocapiResponse.customer_id": null

04-09-2024T08:29:28 - [TEST_STEP][PASSED] - basketId = getElementPropertyValue(LoginResponse, BasketId_loginResponse): Checking response object

04-09-2024T08:29:28 - [MESSAGE][INFO] - Checking response object

04-09-2024T08:29:28 - [TEST_STEP][PASSED] - customerId = getElementPropertyValue(LoginResponse, CustomerId_loginResponse): Checking response object

04-09-2024T08:29:28 - [MESSAGE][INFO] - Checking response object

04-09-2024T08:29:28 - [TEST_STEP][PASSED] - basketID = basketId: null

04-09-2024T08:29:28 - [TEST_STEP][PASSED] - sla_customerId = customerId: null

04-09-2024T08:29:28 - [TEST_STEP][PASSED] - println(basketID): null

04-09-2024T08:29:28 - [TEST_STEP][PASSED] - println(sla_customerId): null

04-09-2024T08:29:28 - [TEST_STEP][PASSED] - refresh_token = "ocapiResponse.refresh_token": null

04-09-2024T08:29:28 - [TEST_STEP][PASSED] - customer_email = "ocapiResponse.customer_email": null

04-09-2024T08:29:28 - [TEST_STEP][PASSED] - c_brmId = "ocapiResponse.c_brmId": null

04-09-2024T08:29:28 - [TEST_STEP][PASSED] - customer_name = "ocapiResponse.customer_name": null

04-09-2024T08:29:28 - [TEST_STEP][PASSED] - totalplay.Common.verifyPropertyExist(LoginResponse, refresh_token): totalplay.Common.verifyPropertyExist is PASSED

04-09-2024T08:29:28 - [MESSAGE][INFO] - Checking response object

04-09-2024T08:29:29 - [MESSAGE][PASSED] - totalplay.Common.verifyPropertyExist is PASSED

04-09-2024T08:29:29 - [TEST_STEP][PASSED] - totalplay.Common.verifyPropertyValueExist(LoginResponse, refresh_token): totalplay.Common.verifyPropertyValueExist is PASSED

04-09-2024T08:29:29 - [MESSAGE][INFO] - Checking response object

04-09-2024T08:29:29 - [MESSAGE][INFO] - WcBC5AXkh04nmFQ21u6zknh8OuJMcmb6sOm3A2ZF3gY

04-09-2024T08:29:29 - [MESSAGE][PASSED] - totalplay.Common.verifyPropertyValueExist is PASSED

04-09-2024T08:29:29 - [TEST_STEP][PASSED] - totalplay.Common.verifyPropertyExist(LoginResponse, customer_email): totalplay.Common.verifyPropertyExist is PASSED

04-09-2024T08:29:29 - [MESSAGE][INFO] - Checking response object

04-09-2024T08:29:29 - [MESSAGE][PASSED] - totalplay.Common.verifyPropertyExist is PASSED

04-09-2024T08:29:29 - [TEST_STEP][PASSED] - totalplay.Common.verifyPropertyValueExist(LoginResponse, customer_email): totalplay.Common.verifyPropertyValueExist is PASSED

04-09-2024T08:29:29 - [MESSAGE][INFO] - Checking response object

04-09-2024T08:29:29 - [MESSAGE][INFO] - cesar.waldo93@gmail.com

04-09-2024T08:29:29 - [MESSAGE][PASSED] - totalplay.Common.verifyPropertyValueExist is PASSED

04-09-2024T08:29:29 - [TEST_STEP][PASSED] - totalplay.Common.verifyPropertyExist(LoginResponse, customer_name): totalplay.Common.verifyPropertyExist is PASSED

04-09-2024T08:29:29 - [MESSAGE][INFO] - Checking response object

04-09-2024T08:29:29 - [MESSAGE][PASSED] - totalplay.Common.verifyPropertyExist is PASSED

04-09-2024T08:29:29 - [TEST_STEP][PASSED] - totalplay.Common.verifyPropertyValueExist(LoginResponse, customer_name): totalplay.Common.verifyPropertyValueExist is PASSED

04-09-2024T08:29:29 - [MESSAGE][INFO] - Checking response object

04-09-2024T08:29:29 - [MESSAGE][INFO] - CESAR GERARDO WALDO GONZALEZ

04-09-2024T08:29:29 - [MESSAGE][PASSED] - totalplay.Common.verifyPropertyValueExist is PASSED

04-09-2024T08:29:29 - [TEST_STEP][PASSED] - totalplay.Common.verifyPropertyExist(LoginResponse, c_brmId): totalplay.Common.verifyPropertyExist is PASSED

04-09-2024T08:29:29 - [MESSAGE][INFO] - Checking response object

04-09-2024T08:29:29 - [MESSAGE][PASSED] - totalplay.Common.verifyPropertyExist is PASSED

04-09-2024T08:29:29 - [TEST_STEP][PASSED] - totalplay.Common.verifyPropertyValueExist(LoginResponse, c_brmId): totalplay.Common.verifyPropertyValueExist is PASSED

04-09-2024T08:29:29 - [MESSAGE][INFO] - Checking response object

04-09-2024T08:29:29 - [MESSAGE][INFO] - 0106378356

04-09-2024T08:29:29 - [MESSAGE][PASSED] - totalplay.Common.verifyPropertyValueExist is PASSED]]></system-out>
         <system-err><![CDATA[]]></system-err>
      </testcase>
      <testcase name="Test Cases/TotalPlay-Food/TC_2_Food_Store_Listing_Page_(SLP)" time="15.612" classname="Test Cases/TotalPlay-Food/TC_2_Food_Store_Listing_Page_(SLP)" status="PASSED">
         <system-out><![CDATA[04-09-2024T08:29:29 - [TEST_CASE][PASSED] - Test Cases/TotalPlay-Food/TC_2_Food_Store_Listing_Page_(SLP): Test Cases/TotalPlay-Food/TC_2_Food_Store_Listing_Page_(SLP)

04-09-2024T08:29:30 - [TEST_STEP][PASSED] - callTestCase(findTestCase("TotalPlay-Food/TC_1_Login_Service"), [:], STOP_ON_FAILURE): Call Test Case 'Test Cases/TotalPlay-Food/TC_1_Login_Service' successfully

04-09-2024T08:29:30 - [MESSAGE][INFO] - Checking called Test Case

04-09-2024T08:29:30 - [MESSAGE][INFO] - Starting to call Test Case 'Test Cases/TotalPlay-Food/TC_1_Login_Service'

04-09-2024T08:29:30 - [TEST_CASE][PASSED] - Test Cases/TotalPlay-Food/TC_1_Login_Service: Test Cases/TotalPlay-Food/TC_1_Login_Service

04-09-2024T08:29:30 - [TEST_STEP][PASSED] - LoginResponse = sendRequest(findTestObject("TotalPlay-Food/getTokenDelivery", ["URL":URL])): Send request successfully

04-09-2024T08:29:30 - [MESSAGE][INFO] - Finding Test Object 'Object Repository/TotalPlay-Food/getTokenDelivery'

04-09-2024T08:29:30 - [MESSAGE][INFO] - Checking request object

04-09-2024T08:29:33 - [MESSAGE][INFO] - HAR: C:\Users\ShubhamKumarThakur\OneDrive - Kognivera\Documents\TotalPlay\totalplay-automation\Reports\20240904_082912\Food_Service_Normal_Flow_PlaceOrder\20240904_082912\requests\main\1.har

04-09-2024T08:29:33 - [MESSAGE][PASSED] - Send request successfully

04-09-2024T08:29:33 - [TEST_STEP][PASSED] - assert getResponseStatusCode(LoginResponse) == 200: Checking response object

04-09-2024T08:29:33 - [MESSAGE][INFO] - Checking response object

04-09-2024T08:29:33 - [TEST_STEP][PASSED] - Auth = "ocapiResponse.access_token": null

04-09-2024T08:29:33 - [TEST_STEP][PASSED] - FoodBascketId = "ocapiResponse.c_basketId_TP_FOOD": null

04-09-2024T08:29:33 - [TEST_STEP][PASSED] - FoodBasId = getElementPropertyValue(LoginResponse, FoodBascketId): Checking response object

04-09-2024T08:29:33 - [MESSAGE][INFO] - Checking response object

04-09-2024T08:29:33 - [TEST_STEP][PASSED] - sfccAuthorization = getElementPropertyValue(LoginResponse, Auth): Checking response object

04-09-2024T08:29:33 - [MESSAGE][INFO] - Checking response object

04-09-2024T08:29:33 - [TEST_STEP][PASSED] - Authorization = "Bearer " + sfccAuthorization: null

04-09-2024T08:29:33 - [TEST_STEP][PASSED] - FoodBasketId = FoodBasId: null

04-09-2024T08:29:33 - [TEST_STEP][PASSED] - logInfo(bm_auth_token): 

04-09-2024T08:29:33 - [MESSAGE][INFO] - 

04-09-2024T08:29:33 - [TEST_STEP][PASSED] - if (sfccAuthorization.length() == 0): null

04-09-2024T08:29:33 - [TEST_STEP][PASSED] - else: authorization generated

04-09-2024T08:29:33 - [TEST_STEP][PASSED] - markPassed("authorization generated"): authorization generated

04-09-2024T08:29:33 - [MESSAGE][PASSED] - authorization generated

04-09-2024T08:29:33 - [TEST_STEP][PASSED] - BasketId_loginResponse = "ocapiResponse.c_basketId": null

04-09-2024T08:29:33 - [TEST_STEP][PASSED] - CustomerId_loginResponse = "ocapiResponse.customer_id": null

04-09-2024T08:29:33 - [TEST_STEP][PASSED] - basketId = getElementPropertyValue(LoginResponse, BasketId_loginResponse): Checking response object

04-09-2024T08:29:33 - [MESSAGE][INFO] - Checking response object

04-09-2024T08:29:33 - [TEST_STEP][PASSED] - customerId = getElementPropertyValue(LoginResponse, CustomerId_loginResponse): Checking response object

04-09-2024T08:29:33 - [MESSAGE][INFO] - Checking response object

04-09-2024T08:29:33 - [TEST_STEP][PASSED] - basketID = basketId: null

04-09-2024T08:29:33 - [TEST_STEP][PASSED] - sla_customerId = customerId: null

04-09-2024T08:29:33 - [TEST_STEP][PASSED] - println(basketID): null

04-09-2024T08:29:33 - [TEST_STEP][PASSED] - println(sla_customerId): null

04-09-2024T08:29:33 - [TEST_STEP][PASSED] - refresh_token = "ocapiResponse.refresh_token": null

04-09-2024T08:29:33 - [TEST_STEP][PASSED] - customer_email = "ocapiResponse.customer_email": null

04-09-2024T08:29:33 - [TEST_STEP][PASSED] - c_brmId = "ocapiResponse.c_brmId": null

04-09-2024T08:29:33 - [TEST_STEP][PASSED] - customer_name = "ocapiResponse.customer_name": null

04-09-2024T08:29:33 - [TEST_STEP][PASSED] - totalplay.Common.verifyPropertyExist(LoginResponse, refresh_token): totalplay.Common.verifyPropertyExist is PASSED

04-09-2024T08:29:33 - [MESSAGE][INFO] - Checking response object

04-09-2024T08:29:33 - [MESSAGE][PASSED] - totalplay.Common.verifyPropertyExist is PASSED

04-09-2024T08:29:33 - [TEST_STEP][PASSED] - totalplay.Common.verifyPropertyValueExist(LoginResponse, refresh_token): totalplay.Common.verifyPropertyValueExist is PASSED

04-09-2024T08:29:33 - [MESSAGE][INFO] - Checking response object

04-09-2024T08:29:33 - [MESSAGE][INFO] - 7Y1dfaB-PqIubZXE9P1L2_5GhjTGuRjdLMkK_yUf_GQ

04-09-2024T08:29:33 - [MESSAGE][PASSED] - totalplay.Common.verifyPropertyValueExist is PASSED

04-09-2024T08:29:33 - [TEST_STEP][PASSED] - totalplay.Common.verifyPropertyExist(LoginResponse, customer_email): totalplay.Common.verifyPropertyExist is PASSED

04-09-2024T08:29:33 - [MESSAGE][INFO] - Checking response object

04-09-2024T08:29:33 - [MESSAGE][PASSED] - totalplay.Common.verifyPropertyExist is PASSED

04-09-2024T08:29:33 - [TEST_STEP][PASSED] - totalplay.Common.verifyPropertyValueExist(LoginResponse, customer_email): totalplay.Common.verifyPropertyValueExist is PASSED

04-09-2024T08:29:33 - [MESSAGE][INFO] - Checking response object

04-09-2024T08:29:33 - [MESSAGE][INFO] - cesar.waldo93@gmail.com

04-09-2024T08:29:33 - [MESSAGE][PASSED] - totalplay.Common.verifyPropertyValueExist is PASSED

04-09-2024T08:29:33 - [TEST_STEP][PASSED] - totalplay.Common.verifyPropertyExist(LoginResponse, customer_name): totalplay.Common.verifyPropertyExist is PASSED

04-09-2024T08:29:33 - [MESSAGE][INFO] - Checking response object

04-09-2024T08:29:33 - [MESSAGE][PASSED] - totalplay.Common.verifyPropertyExist is PASSED

04-09-2024T08:29:33 - [TEST_STEP][PASSED] - totalplay.Common.verifyPropertyValueExist(LoginResponse, customer_name): totalplay.Common.verifyPropertyValueExist is PASSED

04-09-2024T08:29:33 - [MESSAGE][INFO] - Checking response object

04-09-2024T08:29:34 - [MESSAGE][INFO] - CESAR GERARDO WALDO GONZALEZ

04-09-2024T08:29:34 - [MESSAGE][PASSED] - totalplay.Common.verifyPropertyValueExist is PASSED

04-09-2024T08:29:34 - [TEST_STEP][PASSED] - totalplay.Common.verifyPropertyExist(LoginResponse, c_brmId): totalplay.Common.verifyPropertyExist is PASSED

04-09-2024T08:29:34 - [MESSAGE][INFO] - Checking response object

04-09-2024T08:29:34 - [MESSAGE][PASSED] - totalplay.Common.verifyPropertyExist is PASSED

04-09-2024T08:29:34 - [TEST_STEP][PASSED] - totalplay.Common.verifyPropertyValueExist(LoginResponse, c_brmId): totalplay.Common.verifyPropertyValueExist is PASSED

04-09-2024T08:29:34 - [MESSAGE][INFO] - Checking response object

04-09-2024T08:29:34 - [MESSAGE][INFO] - 0106378356

04-09-2024T08:29:34 - [MESSAGE][PASSED] - totalplay.Common.verifyPropertyValueExist is PASSED

04-09-2024T08:29:34 - [MESSAGE][PASSED] - Call Test Case 'Test Cases/TotalPlay-Food/TC_1_Login_Service' successfully

04-09-2024T08:29:34 - [TEST_STEP][PASSED] - FoodSLP = sendRequest(findTestObject("TotalPlay-Food/Food SLP", ["URL":URL])): Send request successfully

04-09-2024T08:29:34 - [MESSAGE][INFO] - Finding Test Object 'Object Repository/TotalPlay-Food/Food SLP'

04-09-2024T08:29:34 - [MESSAGE][INFO] - Checking request object

04-09-2024T08:29:35 - [MESSAGE][INFO] - HAR: C:\Users\ShubhamKumarThakur\OneDrive - Kognivera\Documents\TotalPlay\totalplay-automation\Reports\20240904_082912\Food_Service_Normal_Flow_PlaceOrder\20240904_082912\requests\main\2.har

04-09-2024T08:29:35 - [MESSAGE][PASSED] - Send request successfully

04-09-2024T08:29:35 - [TEST_STEP][PASSED] - verifyResponseStatusCode(FoodSLP, 200): Verify response status code successfully

04-09-2024T08:29:35 - [MESSAGE][INFO] - Checking response object

04-09-2024T08:29:35 - [MESSAGE][PASSED] - Verify response status code successfully

04-09-2024T08:29:35 - [TEST_STEP][PASSED] - pageId = "pageId": null

04-09-2024T08:29:35 - [TEST_STEP][PASSED] - pageTypeId = "pageTypeId": null

04-09-2024T08:29:35 - [TEST_STEP][PASSED] - pageTitle = "pageTitle": null

04-09-2024T08:29:35 - [TEST_STEP][PASSED] - components_0_componentTypeId = "components[0].componentTypeId": null

04-09-2024T08:29:35 - [TEST_STEP][PASSED] - components_0_componentType = "components[0].componentType": null

04-09-2024T08:29:35 - [TEST_STEP][PASSED] - components_0_bannerLayout = "components[0].bannerLayout": null

04-09-2024T08:29:35 - [TEST_STEP][PASSED] - components_0_textHeadline = "components[0].textHeadline": null

04-09-2024T08:29:35 - [TEST_STEP][PASSED] - components_0_componentAssets_0_componentTypeId = "components[0].componentAssets[0].componentTypeId": null

04-09-2024T08:29:35 - [TEST_STEP][PASSED] - components_0_componentAssets_0_componentType = "components[0].componentAssets[0].componentType": null

04-09-2024T08:29:35 - [TEST_STEP][PASSED] - components_0_componentAssets_0_image = "components[0].componentAssets[0].image": null

04-09-2024T08:29:35 - [TEST_STEP][PASSED] - components_0_componentAssets_0_bannerDesc = "components[0].componentAssets[0].bannerDesc": null

04-09-2024T08:29:35 - [TEST_STEP][PASSED] - components_0_componentAssets_0_isAgeRestricted = "components[0].componentAssets[0].isAgeRestricted": null

04-09-2024T08:29:35 - [TEST_STEP][PASSED] - components_0_componentAssets_0_link = "components[0].componentAssets[0].link": null

04-09-2024T08:29:35 - [TEST_STEP][PASSED] - components_0_componentAssets_0_storeSelector_value = "components[0].componentAssets[0].storeSelector.value": null

04-09-2024T08:29:35 - [TEST_STEP][PASSED] - components_0_componentAssets_0_bannerName = "components[0].componentAssets[0].bannerName": null

04-09-2024T08:29:35 - [TEST_STEP][PASSED] - components_0_componentAssets_0_linkType = "components[0].componentAssets[0].linkType": null

04-09-2024T08:29:35 - [TEST_STEP][PASSED] - components_0_componentAssets_0_storeId = "components[0].componentAssets[0].storeId": null

04-09-2024T08:29:35 - [TEST_STEP][PASSED] - components_0_componentAssets_0_promotion = "components[0].componentAssets[0].promotion": null

04-09-2024T08:29:35 - [TEST_STEP][PASSED] - components_0_componentAssets_0_storeName = "components[0].componentAssets[0].storeName": null

04-09-2024T08:29:35 - [TEST_STEP][PASSED] - components_0_componentAssets_0_ID = "components[0].componentAssets[0].ID": null

04-09-2024T08:29:35 - [TEST_STEP][PASSED] - components_0_componentAssets_0_corporateColorCode = "components[0].componentAssets[0].corporateColorCode": null

04-09-2024T08:29:35 - [TEST_STEP][PASSED] - components_0_componentAssets_0_deliveryTime = "components[0].componentAssets[0].deliveryTime": null

04-09-2024T08:29:35 - [TEST_STEP][PASSED] - components_0_componentAssets_0_positionAfter = "components[0].componentAssets[0].positionAfter": null

04-09-2024T08:29:35 - [TEST_STEP][PASSED] - components_1_componentTypeId = "components[1].componentTypeId": null

04-09-2024T08:29:35 - [TEST_STEP][PASSED] - components_1_componentType = "components[1].componentType": null

04-09-2024T08:29:35 - [TEST_STEP][PASSED] - components_1_groupingName = "components[1].groupingName": null

04-09-2024T08:29:35 - [TEST_STEP][PASSED] - components_1_sort = "components[1].sort": null

04-09-2024T08:29:35 - [TEST_STEP][PASSED] - components_1_componentAssets = "components[1].componentAssets": null

04-09-2024T08:29:35 - [TEST_STEP][PASSED] - components_1_componentAssets_0_componentTypeId = "components[1].componentAssets[0].componentTypeId": null

04-09-2024T08:29:35 - [TEST_STEP][PASSED] - components_1_componentAssets_0_componentType = "components[1].componentAssets[0].componentType": null

04-09-2024T08:29:35 - [TEST_STEP][PASSED] - components_1_componentAssets_0_category = "components[1].componentAssets[0].category": null

04-09-2024T08:29:35 - [TEST_STEP][PASSED] - components_1_componentAssets_0_name = "components[1].componentAssets[0].name": null

04-09-2024T08:29:35 - [TEST_STEP][PASSED] - components_1_componentAssets_0_id = "components[1].componentAssets[0].id": null

04-09-2024T08:29:35 - [TEST_STEP][PASSED] - components_1_componentAssets_0_image = "components[1].componentAssets[0].image": null

04-09-2024T08:29:35 - [TEST_STEP][PASSED] - components_1_componentAssets_0_url = "components[1].componentAssets[0].url": null

04-09-2024T08:29:35 - [TEST_STEP][PASSED] - components_1_componentAssets_0_linkType = "components[1].componentAssets[0].linkType": null

04-09-2024T08:29:35 - [TEST_STEP][PASSED] - components_2_viewType = "components[2].viewType": null

04-09-2024T08:29:35 - [TEST_STEP][PASSED] - components_2_heading = "components[2].heading": null

04-09-2024T08:29:35 - [TEST_STEP][PASSED] - components_2_linesToDisplay = "components[2].linesToDisplay": null

04-09-2024T08:29:35 - [TEST_STEP][PASSED] - components_2_componentAssets_0_storeList_0_categories_0_name = "components[2].componentAssets[0].storeList[0].categories[0].name": null

04-09-2024T08:29:35 - [TEST_STEP][PASSED] - components_2_componentAssets_0_storeList_0_categories_0_id = "components[2].componentAssets[0].storeList[0].categories[0].id": null

04-09-2024T08:29:35 - [TEST_STEP][PASSED] - components_2_componentAssets_0_storeList_0_categories_0_image = "components[2].componentAssets[0].storeList[0].categories[0].image": null

04-09-2024T08:29:35 - [TEST_STEP][PASSED] - components_2_componentAssets_0_storeList_0_categories_0_url = "components[2].componentAssets[0].storeList[0].categories[0].url": null

04-09-2024T08:29:35 - [TEST_STEP][PASSED] - components_2_componentAssets_0_storeList_0_categories_0_isLeaf = "components[2].componentAssets[0].storeList[0].categories[0].isLeaf": null

04-09-2024T08:29:35 - [TEST_STEP][PASSED] - components_2_componentAssets_0_storeList_0_ratings = "components[2].componentAssets[0].storeList[0].ratings": null

04-09-2024T08:29:35 - [TEST_STEP][PASSED] - components_2_componentAssets_0_storeList_0_isInRange = "components[2].componentAssets[0].storeList[0].isInRange": null

04-09-2024T08:29:35 - [TEST_STEP][PASSED] - components_2_componentAssets_0_storeList_0_storeOpen = "components[2].componentAssets[0].storeList[0].storeOpen": null

04-09-2024T08:29:35 - [TEST_STEP][PASSED] - components_2_componentAssets_0_storeList_0_OpenHrs = "components[2].componentAssets[0].storeList[0].OpenHrs": null

04-09-2024T08:29:35 - [TEST_STEP][PASSED] - components_2_componentAssets_0_storeList_0_OpenHrs_time_0_openingTime = "components[2].componentAssets[0].storeList[0].OpenHrs.time[0].openingTime": null

04-09-2024T08:29:35 - [TEST_STEP][PASSED] - components_2_componentAssets_0_storeList_0_OpenHrs_time_0_closingTime = "components[2].componentAssets[0].storeList[0].OpenHrs.time[0].closingTime": null

04-09-2024T08:29:35 - [TEST_STEP][PASSED] - components_2_componentAssets_0_storeList_0_OpenHrs_closed = "components[2].componentAssets[0].storeList[0].OpenHrs.closed": null

04-09-2024T08:29:35 - [TEST_STEP][PASSED] - components_2_componentAssets_0_storeList_0_OpenHrs_day = "components[2].componentAssets[0].storeList[0].OpenHrs.day": null

04-09-2024T08:29:35 - [TEST_STEP][PASSED] - components_2_componentAssets_0_storeList_0_link = "components[2].componentAssets[0].storeList[0].link": null

04-09-2024T08:29:35 - [TEST_STEP][PASSED] - components_2_componentAssets_0_storeList_0_linkType = "components[2].componentAssets[0].storeList[0].linkType": null

04-09-2024T08:29:35 - [TEST_STEP][PASSED] - components_2_componentAssets_0_storeList_0_ondemandEDD = "components[2].componentAssets[0].storeList[0].ondemandEDD": null

04-09-2024T08:29:35 - [TEST_STEP][PASSED] - components_2_componentAssets_1_componentTypeId = "components[2].componentAssets[1].componentTypeId": null

04-09-2024T08:29:35 - [TEST_STEP][PASSED] - components_2_componentAssets_1_componentType = "components[2].componentAssets[1].componentType": null

04-09-2024T08:29:35 - [TEST_STEP][PASSED] - components_2_componentAssets_1_storeSelector_value = "components[2].componentAssets[1].storeSelector.value": null

04-09-2024T08:29:35 - [TEST_STEP][PASSED] - components_2_componentAssets_1_linkType = "components[2].componentAssets[1].linkType": null

04-09-2024T08:29:35 - [TEST_STEP][PASSED] - components_2_componentAssets_1_nodesLength = "components[2].componentAssets[1].nodesLength": null

04-09-2024T08:29:35 - [TEST_STEP][PASSED] - components_2_componentAssets_1_link = "components[2].componentAssets[1].link": null

04-09-2024T08:29:35 - [TEST_STEP][PASSED] - components_2_componentAssets_1_storeList_0_ID = "components[2].componentAssets[1].storeList[0].ID": null

04-09-2024T08:29:35 - [TEST_STEP][PASSED] - components_2_componentAssets_1_storeList_0_name = "components[2].componentAssets[1].storeList[0].name": null

04-09-2024T08:29:35 - [TEST_STEP][PASSED] - components_2_componentAssets_1_storeList_0_logo = "components[2].componentAssets[1].storeList[0].logo": null

04-09-2024T08:29:35 - [TEST_STEP][PASSED] - components_2_componentAssets_1_storeList_0_bannerImage = "components[2].componentAssets[1].storeList[0].bannerImage": null

04-09-2024T08:29:35 - [TEST_STEP][PASSED] - components_2_componentAssets_1_storeList_0_corporateColorCode = "components[2].componentAssets[1].storeList[0].corporateColorCode": null

04-09-2024T08:29:35 - [TEST_STEP][PASSED] - components_2_componentAssets_1_storeList_0_corporateName = "components[2].componentAssets[1].storeList[0].corporateName": null

04-09-2024T08:29:35 - [TEST_STEP][PASSED] - components_2_componentAssets_1_storeList_0_isInRange = "components[2].componentAssets[1].storeList[0].isInRange": null

04-09-2024T08:29:35 - [TEST_STEP][PASSED] - components_2_componentAssets_1_storeList_0_storeOpen = "components[2].componentAssets[1].storeList[0].storeOpen": null

04-09-2024T08:29:35 - [TEST_STEP][PASSED] - components_2_componentAssets_1_storeList_0_link = "components[2].componentAssets[1].storeList[0].link": null

04-09-2024T08:29:35 - [TEST_STEP][PASSED] - components_2_componentAssets_1_storeList_0_linkType = "components[2].componentAssets[1].storeList[0].linkType": null

04-09-2024T08:29:35 - [TEST_STEP][PASSED] - components_2_componentAssets_1_storeList_0_ondemandEDD = "components[2].componentAssets[1].storeList[0].ondemandEDD": null

04-09-2024T08:29:35 - [TEST_STEP][PASSED] - components_3_carouselHeading = "components[3].carouselHeading": null

04-09-2024T08:29:35 - [TEST_STEP][PASSED] - components_3_viewType = "components[3].viewType": null

04-09-2024T08:29:35 - [TEST_STEP][PASSED] - components_3_linesToDisplay = "components[3].linesToDisplay": null

04-09-2024T08:29:35 - [TEST_STEP][PASSED] - components_3_heading = "components[3].heading": null

04-09-2024T08:29:35 - [TEST_STEP][PASSED] - components_3_componentAssets = "components[3].componentAssets": null

04-09-2024T08:29:35 - [TEST_STEP][PASSED] - components_3_componentAssets_0 = "components[3].componentAssets[0]": null

04-09-2024T08:29:35 - [TEST_STEP][PASSED] - totalplay.Common.verifyPropertyExist(FoodSLP, pageId): totalplay.Common.verifyPropertyExist is PASSED

04-09-2024T08:29:35 - [MESSAGE][INFO] - Checking response object

04-09-2024T08:29:35 - [MESSAGE][PASSED] - totalplay.Common.verifyPropertyExist is PASSED

04-09-2024T08:29:35 - [TEST_STEP][PASSED] - totalplay.Common.verifyPropertyValueExist(FoodSLP, pageId): totalplay.Common.verifyPropertyValueExist is PASSED

04-09-2024T08:29:35 - [MESSAGE][INFO] - Checking response object

04-09-2024T08:29:35 - [MESSAGE][INFO] - storelistingpage

04-09-2024T08:29:35 - [MESSAGE][PASSED] - totalplay.Common.verifyPropertyValueExist is PASSED

04-09-2024T08:29:35 - [TEST_STEP][PASSED] - totalplay.Common.verifyPropertyExist(FoodSLP, pageTypeId): totalplay.Common.verifyPropertyExist is PASSED

04-09-2024T08:29:35 - [MESSAGE][INFO] - Checking response object

04-09-2024T08:29:35 - [MESSAGE][PASSED] - totalplay.Common.verifyPropertyExist is PASSED

04-09-2024T08:29:35 - [TEST_STEP][PASSED] - totalplay.Common.verifyPropertyValueExist(FoodSLP, pageTypeId): totalplay.Common.verifyPropertyValueExist is PASSED

04-09-2024T08:29:35 - [MESSAGE][INFO] - Checking response object

04-09-2024T08:29:36 - [MESSAGE][INFO] - FoodStoreListing

04-09-2024T08:29:36 - [MESSAGE][PASSED] - totalplay.Common.verifyPropertyValueExist is PASSED

04-09-2024T08:29:36 - [TEST_STEP][PASSED] - totalplay.Common.verifyPropertyExist(FoodSLP, pageTitle): totalplay.Common.verifyPropertyExist is PASSED

04-09-2024T08:29:36 - [MESSAGE][INFO] - Checking response object

04-09-2024T08:29:36 - [MESSAGE][PASSED] - totalplay.Common.verifyPropertyExist is PASSED

04-09-2024T08:29:36 - [TEST_STEP][PASSED] - totalplay.Common.verifyPropertyValueExist(FoodSLP, pageTitle): totalplay.Common.verifyPropertyValueExist is PASSED

04-09-2024T08:29:36 - [MESSAGE][INFO] - Checking response object

04-09-2024T08:29:36 - [MESSAGE][INFO] - Store Listing Page (SLP) - Resturant

04-09-2024T08:29:36 - [MESSAGE][PASSED] - totalplay.Common.verifyPropertyValueExist is PASSED

04-09-2024T08:29:36 - [TEST_STEP][PASSED] - totalplay.Common.verifyPropertyExist(FoodSLP, components_0_componentTypeId): totalplay.Common.verifyPropertyExist is PASSED

04-09-2024T08:29:36 - [MESSAGE][INFO] - Checking response object

04-09-2024T08:29:36 - [MESSAGE][PASSED] - totalplay.Common.verifyPropertyExist is PASSED

04-09-2024T08:29:36 - [TEST_STEP][PASSED] - totalplay.Common.verifyPropertyValueExist(FoodSLP, components_0_componentTypeId): totalplay.Common.verifyPropertyValueExist is PASSED

04-09-2024T08:29:36 - [MESSAGE][INFO] - Checking response object

04-09-2024T08:29:36 - [MESSAGE][INFO] - commerce_layouts.FoodHomeCarousel

04-09-2024T08:29:36 - [MESSAGE][PASSED] - totalplay.Common.verifyPropertyValueExist is PASSED

04-09-2024T08:29:36 - [TEST_STEP][PASSED] - totalplay.Common.verifyPropertyExist(FoodSLP, components_0_componentType): totalplay.Common.verifyPropertyExist is PASSED

04-09-2024T08:29:36 - [MESSAGE][INFO] - Checking response object

04-09-2024T08:29:36 - [MESSAGE][PASSED] - totalplay.Common.verifyPropertyExist is PASSED

04-09-2024T08:29:36 - [TEST_STEP][PASSED] - totalplay.Common.verifyPropertyValueExist(FoodSLP, components_0_componentType): totalplay.Common.verifyPropertyValueExist is PASSED

04-09-2024T08:29:36 - [MESSAGE][INFO] - Checking response object

04-09-2024T08:29:36 - [MESSAGE][INFO] - commerce_layouts

04-09-2024T08:29:36 - [MESSAGE][PASSED] - totalplay.Common.verifyPropertyValueExist is PASSED

04-09-2024T08:29:36 - [TEST_STEP][PASSED] - totalplay.Common.verifyPropertyExist(FoodSLP, components_0_bannerLayout): totalplay.Common.verifyPropertyExist is PASSED

04-09-2024T08:29:36 - [MESSAGE][INFO] - Checking response object

04-09-2024T08:29:36 - [MESSAGE][PASSED] - totalplay.Common.verifyPropertyExist is PASSED

04-09-2024T08:29:36 - [TEST_STEP][PASSED] - totalplay.Common.verifyPropertyValueExist(FoodSLP, components_0_bannerLayout): totalplay.Common.verifyPropertyValueExist is PASSED

04-09-2024T08:29:36 - [MESSAGE][INFO] - Checking response object

04-09-2024T08:29:36 - [MESSAGE][INFO] - hero display

04-09-2024T08:29:36 - [MESSAGE][PASSED] - totalplay.Common.verifyPropertyValueExist is PASSED

04-09-2024T08:29:36 - [TEST_STEP][PASSED] - totalplay.Common.verifyPropertyExist(FoodSLP, components_0_textHeadline): totalplay.Common.verifyPropertyExist is PASSED

04-09-2024T08:29:36 - [MESSAGE][INFO] - Checking response object

04-09-2024T08:29:36 - [MESSAGE][PASSED] - totalplay.Common.verifyPropertyExist is PASSED

04-09-2024T08:29:36 - [TEST_STEP][PASSED] - totalplay.Common.verifyPropertyValueExist(FoodSLP, components_0_textHeadline): totalplay.Common.verifyPropertyValueExist is PASSED

04-09-2024T08:29:36 - [MESSAGE][INFO] - Checking response object

04-09-2024T08:29:36 - [MESSAGE][INFO] - hero banner

04-09-2024T08:29:36 - [MESSAGE][PASSED] - totalplay.Common.verifyPropertyValueExist is PASSED

04-09-2024T08:29:36 - [TEST_STEP][PASSED] - totalplay.Common.verifyPropertyExist(FoodSLP, components_0_componentAssets_0_componentTypeId): totalplay.Common.verifyPropertyExist is PASSED

04-09-2024T08:29:36 - [MESSAGE][INFO] - Checking response object

04-09-2024T08:29:36 - [MESSAGE][PASSED] - totalplay.Common.verifyPropertyExist is PASSED

04-09-2024T08:29:36 - [TEST_STEP][PASSED] - totalplay.Common.verifyPropertyValueExist(FoodSLP, components_0_componentAssets_0_componentTypeId): totalplay.Common.verifyPropertyValueExist is PASSED

04-09-2024T08:29:36 - [MESSAGE][INFO] - Checking response object

04-09-2024T08:29:36 - [MESSAGE][INFO] - commerce_assets.FoodHomeBanner

04-09-2024T08:29:36 - [MESSAGE][PASSED] - totalplay.Common.verifyPropertyValueExist is PASSED

04-09-2024T08:29:36 - [TEST_STEP][PASSED] - totalplay.Common.verifyPropertyExist(FoodSLP, components_0_componentAssets_0_componentType): totalplay.Common.verifyPropertyExist is PASSED

04-09-2024T08:29:36 - [MESSAGE][INFO] - Checking response object

04-09-2024T08:29:37 - [MESSAGE][PASSED] - totalplay.Common.verifyPropertyExist is PASSED

04-09-2024T08:29:37 - [TEST_STEP][PASSED] - totalplay.Common.verifyPropertyValueExist(FoodSLP, components_0_componentAssets_0_componentType): totalplay.Common.verifyPropertyValueExist is PASSED

04-09-2024T08:29:37 - [MESSAGE][INFO] - Checking response object

04-09-2024T08:29:37 - [MESSAGE][INFO] - commerce_assets

04-09-2024T08:29:37 - [MESSAGE][PASSED] - totalplay.Common.verifyPropertyValueExist is PASSED

04-09-2024T08:29:37 - [TEST_STEP][PASSED] - totalplay.Common.verifyPropertyExist(FoodSLP, components_0_componentAssets_0_image): totalplay.Common.verifyPropertyExist is PASSED

04-09-2024T08:29:37 - [MESSAGE][INFO] - Checking response object

04-09-2024T08:29:37 - [MESSAGE][PASSED] - totalplay.Common.verifyPropertyExist is PASSED

04-09-2024T08:29:37 - [TEST_STEP][PASSED] - totalplay.Common.verifyPropertyValueExist(FoodSLP, components_0_componentAssets_0_image): totalplay.Common.verifyPropertyValueExist is PASSED

04-09-2024T08:29:37 - [MESSAGE][INFO] - Checking response object

04-09-2024T08:29:37 - [MESSAGE][INFO] - https://salesforceqa.sistemastp.com.mx/dw/image/v2/BJCL_DEV/on/demandware.static/-/Sites-TP-FOOD-Library/default/dw38fd802d/mirakl/banner1.jpg

04-09-2024T08:29:37 - [MESSAGE][PASSED] - totalplay.Common.verifyPropertyValueExist is PASSED

04-09-2024T08:29:37 - [TEST_STEP][PASSED] - totalplay.Common.verifyPropertyExist(FoodSLP, components_0_componentAssets_0_image): totalplay.Common.verifyPropertyExist is PASSED

04-09-2024T08:29:37 - [MESSAGE][INFO] - Checking response object

04-09-2024T08:29:37 - [MESSAGE][PASSED] - totalplay.Common.verifyPropertyExist is PASSED

04-09-2024T08:29:37 - [TEST_STEP][PASSED] - totalplay.Common.verifyPropertyValueExist(FoodSLP, components_0_componentAssets_0_image): totalplay.Common.verifyPropertyValueExist is PASSED

04-09-2024T08:29:37 - [MESSAGE][INFO] - Checking response object

04-09-2024T08:29:37 - [MESSAGE][INFO] - https://salesforceqa.sistemastp.com.mx/dw/image/v2/BJCL_DEV/on/demandware.static/-/Sites-TP-FOOD-Library/default/dw38fd802d/mirakl/banner1.jpg

04-09-2024T08:29:37 - [MESSAGE][PASSED] - totalplay.Common.verifyPropertyValueExist is PASSED

04-09-2024T08:29:37 - [TEST_STEP][PASSED] - totalplay.Common.getBooleanValueofObject(FoodSLP, components_0_componentAssets_0_bannerDesc): totalplay.Common.getBooleanValueofObject is PASSED

04-09-2024T08:29:37 - [MESSAGE][INFO] - Checking response object

04-09-2024T08:29:37 - [MESSAGE][PASSED] - totalplay.Common.getBooleanValueofObject is PASSED

04-09-2024T08:29:37 - [TEST_STEP][PASSED] - totalplay.Common.verifyPropertyExist(FoodSLP, components_0_componentAssets_0_link): totalplay.Common.verifyPropertyExist is PASSED

04-09-2024T08:29:37 - [MESSAGE][INFO] - Checking response object

04-09-2024T08:29:37 - [MESSAGE][PASSED] - totalplay.Common.verifyPropertyExist is PASSED

04-09-2024T08:29:37 - [TEST_STEP][PASSED] - totalplay.Common.verifyPropertyValueExist(FoodSLP, components_0_componentAssets_0_link): totalplay.Common.verifyPropertyValueExist is PASSED

04-09-2024T08:29:37 - [MESSAGE][INFO] - Checking response object

04-09-2024T08:29:37 - [MESSAGE][INFO] - /on/demandware.store/Sites-TP-FOOD-Site/es/OnDemand-Show?isOndemand=true&corporateName=LosDeCeci

04-09-2024T08:29:37 - [MESSAGE][PASSED] - totalplay.Common.verifyPropertyValueExist is PASSED

04-09-2024T08:29:37 - [TEST_STEP][PASSED] - totalplay.Common.verifyPropertyExist(FoodSLP, components_0_componentAssets_0_storeSelector_value): totalplay.Common.verifyPropertyExist is PASSED

04-09-2024T08:29:37 - [MESSAGE][INFO] - Checking response object

04-09-2024T08:29:37 - [MESSAGE][PASSED] - totalplay.Common.verifyPropertyExist is PASSED

04-09-2024T08:29:37 - [TEST_STEP][PASSED] - totalplay.Common.verifyPropertyValueExist(FoodSLP, components_0_componentAssets_0_storeSelector_value): totalplay.Common.verifyPropertyValueExist is PASSED

04-09-2024T08:29:37 - [MESSAGE][INFO] - Checking response object

04-09-2024T08:29:37 - [MESSAGE][INFO] - 2049,2069,2071,2072,

04-09-2024T08:29:37 - [MESSAGE][PASSED] - totalplay.Common.verifyPropertyValueExist is PASSED

04-09-2024T08:29:37 - [TEST_STEP][PASSED] - totalplay.Common.verifyPropertyExist(FoodSLP, components_0_componentAssets_0_bannerName): totalplay.Common.verifyPropertyExist is PASSED

04-09-2024T08:29:37 - [MESSAGE][INFO] - Checking response object

04-09-2024T08:29:38 - [MESSAGE][PASSED] - totalplay.Common.verifyPropertyExist is PASSED

04-09-2024T08:29:38 - [TEST_STEP][PASSED] - totalplay.Common.verifyPropertyValueExist(FoodSLP, components_0_componentAssets_0_bannerName): totalplay.Common.verifyPropertyValueExist is PASSED

04-09-2024T08:29:38 - [MESSAGE][INFO] - Checking response object

04-09-2024T08:29:38 - [MESSAGE][INFO] - Activación de crédito 

04-09-2024T08:29:38 - [MESSAGE][PASSED] - totalplay.Common.verifyPropertyValueExist is PASSED

04-09-2024T08:29:38 - [TEST_STEP][PASSED] - totalplay.Common.verifyPropertyExist(FoodSLP, components_0_componentAssets_0_linkType): totalplay.Common.verifyPropertyExist is PASSED

04-09-2024T08:29:38 - [MESSAGE][INFO] - Checking response object

04-09-2024T08:29:38 - [MESSAGE][PASSED] - totalplay.Common.verifyPropertyExist is PASSED

04-09-2024T08:29:38 - [TEST_STEP][PASSED] - totalplay.Common.verifyPropertyValueExist(FoodSLP, components_0_componentAssets_0_linkType): totalplay.Common.verifyPropertyValueExist is PASSED

04-09-2024T08:29:38 - [MESSAGE][INFO] - Checking response object

04-09-2024T08:29:38 - [MESSAGE][INFO] - CreditoFlow

04-09-2024T08:29:38 - [MESSAGE][PASSED] - totalplay.Common.verifyPropertyValueExist is PASSED

04-09-2024T08:29:38 - [TEST_STEP][PASSED] - totalplay.Common.verifyPropertyExist(FoodSLP, components_0_componentAssets_0_linkType): totalplay.Common.verifyPropertyExist is PASSED

04-09-2024T08:29:38 - [MESSAGE][INFO] - Checking response object

04-09-2024T08:29:38 - [MESSAGE][PASSED] - totalplay.Common.verifyPropertyExist is PASSED

04-09-2024T08:29:38 - [TEST_STEP][PASSED] - totalplay.Common.verifyPropertyValueExist(FoodSLP, components_0_componentAssets_0_linkType): totalplay.Common.verifyPropertyValueExist is PASSED

04-09-2024T08:29:38 - [MESSAGE][INFO] - Checking response object

04-09-2024T08:29:38 - [MESSAGE][INFO] - CreditoFlow

04-09-2024T08:29:38 - [MESSAGE][PASSED] - totalplay.Common.verifyPropertyValueExist is PASSED

04-09-2024T08:29:38 - [TEST_STEP][PASSED] - totalplay.Common.verifyPropertyExist(FoodSLP, components_0_componentAssets_0_promotion): totalplay.Common.verifyPropertyExist is PASSED

04-09-2024T08:29:38 - [MESSAGE][INFO] - Checking response object

04-09-2024T08:29:38 - [MESSAGE][PASSED] - totalplay.Common.verifyPropertyExist is PASSED

04-09-2024T08:29:38 - [TEST_STEP][PASSED] - totalplay.Common.verifyPropertyValueExist(FoodSLP, components_0_componentAssets_0_promotion): totalplay.Common.verifyPropertyValueExist is PASSED

04-09-2024T08:29:38 - [MESSAGE][INFO] - Checking response object

04-09-2024T08:29:38 - [MESSAGE][INFO] - 1

04-09-2024T08:29:38 - [MESSAGE][PASSED] - totalplay.Common.verifyPropertyValueExist is PASSED

04-09-2024T08:29:38 - [TEST_STEP][PASSED] - totalplay.Common.verifyPropertyExist(FoodSLP, components_0_componentAssets_0_storeName): totalplay.Common.verifyPropertyExist is PASSED

04-09-2024T08:29:38 - [MESSAGE][INFO] - Checking response object

04-09-2024T08:29:38 - [MESSAGE][PASSED] - totalplay.Common.verifyPropertyExist is PASSED

04-09-2024T08:29:38 - [TEST_STEP][PASSED] - totalplay.Common.verifyPropertyValueExist(FoodSLP, components_0_componentAssets_0_storeName): totalplay.Common.verifyPropertyValueExist is PASSED

04-09-2024T08:29:38 - [MESSAGE][INFO] - Checking response object

04-09-2024T08:29:38 - [MESSAGE][INFO] - Activación de crédito 

04-09-2024T08:29:38 - [MESSAGE][PASSED] - totalplay.Common.verifyPropertyValueExist is PASSED

04-09-2024T08:29:38 - [TEST_STEP][PASSED] - totalplay.Common.verifyPropertyExist(FoodSLP, components_0_componentAssets_0_ID): totalplay.Common.verifyPropertyExist is PASSED

04-09-2024T08:29:38 - [MESSAGE][INFO] - Checking response object

04-09-2024T08:29:38 - [MESSAGE][PASSED] - totalplay.Common.verifyPropertyExist is PASSED

04-09-2024T08:29:38 - [TEST_STEP][PASSED] - totalplay.Common.verifyPropertyValueExist(FoodSLP, components_0_componentAssets_0_ID): totalplay.Common.verifyPropertyValueExist is PASSED

04-09-2024T08:29:38 - [MESSAGE][INFO] - Checking response object

04-09-2024T08:29:38 - [MESSAGE][INFO] - 4924

04-09-2024T08:29:38 - [MESSAGE][PASSED] - totalplay.Common.verifyPropertyValueExist is PASSED

04-09-2024T08:29:38 - [TEST_STEP][PASSED] - totalplay.Common.verifyPropertyValueEmptyString(FoodSLP, components_0_componentAssets_0_corporateColorCode): totalplay.Common.verifyPropertyValueEmptyString is PASSED

04-09-2024T08:29:38 - [MESSAGE][INFO] - Checking response object

04-09-2024T08:29:38 - [MESSAGE][INFO] - 

04-09-2024T08:29:38 - [MESSAGE][PASSED] - totalplay.Common.verifyPropertyValueEmptyString is PASSED

04-09-2024T08:29:38 - [TEST_STEP][PASSED] - totalplay.Common.verifyPropertyValueEmptyString(FoodSLP, components_0_componentAssets_0_deliveryTime): totalplay.Common.verifyPropertyValueEmptyString is PASSED

04-09-2024T08:29:38 - [MESSAGE][INFO] - Checking response object

04-09-2024T08:29:38 - [MESSAGE][INFO] - 

04-09-2024T08:29:38 - [MESSAGE][PASSED] - totalplay.Common.verifyPropertyValueEmptyString is PASSED

04-09-2024T08:29:38 - [TEST_STEP][PASSED] - totalplay.Common.verifyPropertyValueEmptyString(FoodSLP, components_0_componentAssets_0_positionAfter): totalplay.Common.verifyPropertyValueEmptyString is PASSED

04-09-2024T08:29:38 - [MESSAGE][INFO] - Checking response object

04-09-2024T08:29:39 - [MESSAGE][INFO] - 

04-09-2024T08:29:39 - [MESSAGE][PASSED] - totalplay.Common.verifyPropertyValueEmptyString is PASSED

04-09-2024T08:29:39 - [TEST_STEP][PASSED] - totalplay.Common.verifyPropertyExist(FoodSLP, components_1_componentTypeId): totalplay.Common.verifyPropertyExist is PASSED

04-09-2024T08:29:39 - [MESSAGE][INFO] - Checking response object

04-09-2024T08:29:39 - [MESSAGE][PASSED] - totalplay.Common.verifyPropertyExist is PASSED

04-09-2024T08:29:39 - [TEST_STEP][PASSED] - totalplay.Common.verifyPropertyValueExist(FoodSLP, components_1_componentTypeId): totalplay.Common.verifyPropertyValueExist is PASSED

04-09-2024T08:29:39 - [MESSAGE][INFO] - Checking response object

04-09-2024T08:29:39 - [MESSAGE][INFO] - commerce_layouts.FoodStoreCategoryGroup

04-09-2024T08:29:39 - [MESSAGE][PASSED] - totalplay.Common.verifyPropertyValueExist is PASSED

04-09-2024T08:29:39 - [TEST_STEP][PASSED] - totalplay.Common.verifyPropertyExist(FoodSLP, components_1_componentType): totalplay.Common.verifyPropertyExist is PASSED

04-09-2024T08:29:39 - [MESSAGE][INFO] - Checking response object

04-09-2024T08:29:39 - [MESSAGE][PASSED] - totalplay.Common.verifyPropertyExist is PASSED

04-09-2024T08:29:39 - [TEST_STEP][PASSED] - totalplay.Common.verifyPropertyValueExist(FoodSLP, components_1_componentType): totalplay.Common.verifyPropertyValueExist is PASSED

04-09-2024T08:29:39 - [MESSAGE][INFO] - Checking response object

04-09-2024T08:29:39 - [MESSAGE][INFO] - commerce_layouts

04-09-2024T08:29:39 - [MESSAGE][PASSED] - totalplay.Common.verifyPropertyValueExist is PASSED

04-09-2024T08:29:39 - [TEST_STEP][PASSED] - totalplay.Common.verifyPropertyExist(FoodSLP, components_1_groupingName): totalplay.Common.verifyPropertyExist is PASSED

04-09-2024T08:29:39 - [MESSAGE][INFO] - Checking response object

04-09-2024T08:29:39 - [MESSAGE][PASSED] - totalplay.Common.verifyPropertyExist is PASSED

04-09-2024T08:29:39 - [TEST_STEP][PASSED] - totalplay.Common.verifyPropertyValueExist(FoodSLP, components_1_groupingName): totalplay.Common.verifyPropertyValueExist is PASSED

04-09-2024T08:29:39 - [MESSAGE][INFO] - Checking response object

04-09-2024T08:29:39 - [MESSAGE][INFO] - Categories

04-09-2024T08:29:39 - [MESSAGE][PASSED] - totalplay.Common.verifyPropertyValueExist is PASSED

04-09-2024T08:29:39 - [TEST_STEP][PASSED] - totalplay.Common.verifyPropertyExist(FoodSLP, components_1_sort): totalplay.Common.verifyPropertyExist is PASSED

04-09-2024T08:29:39 - [MESSAGE][INFO] - Checking response object

04-09-2024T08:29:39 - [MESSAGE][PASSED] - totalplay.Common.verifyPropertyExist is PASSED

04-09-2024T08:29:39 - [TEST_STEP][PASSED] - totalplay.Common.verifyPropertyValueExist(FoodSLP, components_1_sort): totalplay.Common.verifyPropertyValueExist is PASSED

04-09-2024T08:29:39 - [MESSAGE][INFO] - Checking response object

04-09-2024T08:29:39 - [MESSAGE][INFO] - configured

04-09-2024T08:29:39 - [MESSAGE][PASSED] - totalplay.Common.verifyPropertyValueExist is PASSED

04-09-2024T08:29:39 - [TEST_STEP][PASSED] - totalplay.Common.verifyPropertyExist(FoodSLP, components_1_componentAssets_0_componentTypeId): totalplay.Common.verifyPropertyExist is PASSED

04-09-2024T08:29:39 - [MESSAGE][INFO] - Checking response object

04-09-2024T08:29:39 - [MESSAGE][PASSED] - totalplay.Common.verifyPropertyExist is PASSED

04-09-2024T08:29:39 - [TEST_STEP][PASSED] - totalplay.Common.verifyPropertyValueExist(FoodSLP, components_1_componentAssets_0_componentTypeId): totalplay.Common.verifyPropertyValueExist is PASSED

04-09-2024T08:29:39 - [MESSAGE][INFO] - Checking response object

04-09-2024T08:29:39 - [MESSAGE][INFO] - commerce_assets.FoodCategorySelector

04-09-2024T08:29:39 - [MESSAGE][PASSED] - totalplay.Common.verifyPropertyValueExist is PASSED

04-09-2024T08:29:39 - [TEST_STEP][PASSED] - totalplay.Common.verifyPropertyExist(FoodSLP, components_1_componentAssets_0_componentType): totalplay.Common.verifyPropertyExist is PASSED

04-09-2024T08:29:39 - [MESSAGE][INFO] - Checking response object

04-09-2024T08:29:39 - [MESSAGE][PASSED] - totalplay.Common.verifyPropertyExist is PASSED

04-09-2024T08:29:39 - [TEST_STEP][PASSED] - totalplay.Common.verifyPropertyValueExist(FoodSLP, components_1_componentAssets_0_componentType): totalplay.Common.verifyPropertyValueExist is PASSED

04-09-2024T08:29:39 - [MESSAGE][INFO] - Checking response object

04-09-2024T08:29:39 - [MESSAGE][INFO] - commerce_assets

04-09-2024T08:29:39 - [MESSAGE][PASSED] - totalplay.Common.verifyPropertyValueExist is PASSED

04-09-2024T08:29:39 - [TEST_STEP][PASSED] - totalplay.Common.verifyPropertyExist(FoodSLP, components_1_componentAssets_0_category): totalplay.Common.verifyPropertyExist is PASSED

04-09-2024T08:29:39 - [MESSAGE][INFO] - Checking response object

04-09-2024T08:29:39 - [MESSAGE][PASSED] - totalplay.Common.verifyPropertyExist is PASSED

04-09-2024T08:29:39 - [TEST_STEP][PASSED] - totalplay.Common.verifyPropertyValueExist(FoodSLP, components_1_componentAssets_0_category): totalplay.Common.verifyPropertyValueExist is PASSED

04-09-2024T08:29:39 - [MESSAGE][INFO] - Checking response object

04-09-2024T08:29:40 - [MESSAGE][INFO] - SF_benedettis_neza_pizza

04-09-2024T08:29:40 - [MESSAGE][PASSED] - totalplay.Common.verifyPropertyValueExist is PASSED

04-09-2024T08:29:40 - [TEST_STEP][PASSED] - totalplay.Common.verifyPropertyExist(FoodSLP, components_1_componentAssets_0_name): totalplay.Common.verifyPropertyExist is PASSED

04-09-2024T08:29:40 - [MESSAGE][INFO] - Checking response object

04-09-2024T08:29:40 - [MESSAGE][PASSED] - totalplay.Common.verifyPropertyExist is PASSED

04-09-2024T08:29:40 - [TEST_STEP][PASSED] - totalplay.Common.verifyPropertyValueExist(FoodSLP, components_1_componentAssets_0_name): totalplay.Common.verifyPropertyValueExist is PASSED

04-09-2024T08:29:40 - [MESSAGE][INFO] - Checking response object

04-09-2024T08:29:40 - [MESSAGE][INFO] - Pizza

04-09-2024T08:29:40 - [MESSAGE][PASSED] - totalplay.Common.verifyPropertyValueExist is PASSED

04-09-2024T08:29:40 - [TEST_STEP][PASSED] - totalplay.Common.verifyPropertyExist(FoodSLP, components_1_componentAssets_0_id): totalplay.Common.verifyPropertyExist is PASSED

04-09-2024T08:29:40 - [MESSAGE][INFO] - Checking response object

04-09-2024T08:29:40 - [MESSAGE][PASSED] - totalplay.Common.verifyPropertyExist is PASSED

04-09-2024T08:29:40 - [TEST_STEP][PASSED] - totalplay.Common.verifyPropertyValueExist(FoodSLP, components_1_componentAssets_0_id): totalplay.Common.verifyPropertyValueExist is PASSED

04-09-2024T08:29:40 - [MESSAGE][INFO] - Checking response object

04-09-2024T08:29:40 - [MESSAGE][INFO] - SF_benedettis_neza_pizza

04-09-2024T08:29:40 - [MESSAGE][PASSED] - totalplay.Common.verifyPropertyValueExist is PASSED

04-09-2024T08:29:40 - [TEST_STEP][PASSED] - totalplay.Common.verifyPropertyExist(FoodSLP, components_1_componentAssets_0_image): totalplay.Common.verifyPropertyExist is PASSED

04-09-2024T08:29:40 - [MESSAGE][INFO] - Checking response object

04-09-2024T08:29:40 - [MESSAGE][PASSED] - totalplay.Common.verifyPropertyExist is PASSED

04-09-2024T08:29:40 - [TEST_STEP][PASSED] - totalplay.Common.verifyPropertyValueExist(FoodSLP, components_1_componentAssets_0_image): totalplay.Common.verifyPropertyValueExist is PASSED

04-09-2024T08:29:40 - [MESSAGE][INFO] - Checking response object

04-09-2024T08:29:40 - [MESSAGE][INFO] - https://development-na01-totalplaymx.demandware.net/on/demandware.static/-/Sites-comida/default/v0bd0c8c6f9eba290f228fef3307cc06f71119021/CategoriaPostre.png

04-09-2024T08:29:40 - [MESSAGE][PASSED] - totalplay.Common.verifyPropertyValueExist is PASSED

04-09-2024T08:29:40 - [TEST_STEP][PASSED] - totalplay.Common.verifyPropertyExist(FoodSLP, components_1_componentAssets_0_url): totalplay.Common.verifyPropertyExist is PASSED

04-09-2024T08:29:40 - [MESSAGE][INFO] - Checking response object

04-09-2024T08:29:40 - [MESSAGE][PASSED] - totalplay.Common.verifyPropertyExist is PASSED

04-09-2024T08:29:40 - [TEST_STEP][PASSED] - totalplay.Common.verifyPropertyValueExist(FoodSLP, components_1_componentAssets_0_url): totalplay.Common.verifyPropertyValueExist is PASSED

04-09-2024T08:29:40 - [MESSAGE][INFO] - Checking response object

04-09-2024T08:29:40 - [MESSAGE][INFO] - /dw/shop/v24_5/content/seller-category-page?page=1&category=Pizza

04-09-2024T08:29:40 - [MESSAGE][PASSED] - totalplay.Common.verifyPropertyValueExist is PASSED

04-09-2024T08:29:40 - [TEST_STEP][PASSED] - totalplay.Common.verifyPropertyExist(FoodSLP, components_1_componentAssets_0_linkType): totalplay.Common.verifyPropertyExist is PASSED

04-09-2024T08:29:40 - [MESSAGE][INFO] - Checking response object

04-09-2024T08:29:40 - [MESSAGE][PASSED] - totalplay.Common.verifyPropertyExist is PASSED

04-09-2024T08:29:40 - [TEST_STEP][PASSED] - totalplay.Common.verifyPropertyValueExist(FoodSLP, components_1_componentAssets_0_linkType): totalplay.Common.verifyPropertyValueExist is PASSED

04-09-2024T08:29:40 - [MESSAGE][INFO] - Checking response object

04-09-2024T08:29:40 - [MESSAGE][INFO] - SCP

04-09-2024T08:29:40 - [MESSAGE][PASSED] - totalplay.Common.verifyPropertyValueExist is PASSED

04-09-2024T08:29:40 - [TEST_STEP][PASSED] - totalplay.Common.verifyPropertyExist(FoodSLP, components_2_viewType): totalplay.Common.verifyPropertyExist is PASSED

04-09-2024T08:29:40 - [MESSAGE][INFO] - Checking response object

04-09-2024T08:29:40 - [MESSAGE][PASSED] - totalplay.Common.verifyPropertyExist is PASSED

04-09-2024T08:29:40 - [TEST_STEP][PASSED] - totalplay.Common.verifyPropertyValueExist(FoodSLP, components_2_viewType): totalplay.Common.verifyPropertyValueExist is PASSED

04-09-2024T08:29:40 - [MESSAGE][INFO] - Checking response object

04-09-2024T08:29:41 - [MESSAGE][INFO] - veritcal

04-09-2024T08:29:41 - [MESSAGE][PASSED] - totalplay.Common.verifyPropertyValueExist is PASSED

04-09-2024T08:29:41 - [TEST_STEP][PASSED] - totalplay.Common.verifyPropertyExist(FoodSLP, components_2_heading): totalplay.Common.verifyPropertyExist is PASSED

04-09-2024T08:29:41 - [MESSAGE][INFO] - Checking response object

04-09-2024T08:29:41 - [MESSAGE][PASSED] - totalplay.Common.verifyPropertyExist is PASSED

04-09-2024T08:29:41 - [TEST_STEP][PASSED] - totalplay.Common.verifyPropertyValueExist(FoodSLP, components_2_heading): totalplay.Common.verifyPropertyValueExist is PASSED

04-09-2024T08:29:41 - [MESSAGE][INFO] - Checking response object

04-09-2024T08:29:41 - [MESSAGE][INFO] - Promociones para ti

04-09-2024T08:29:41 - [MESSAGE][PASSED] - totalplay.Common.verifyPropertyValueExist is PASSED

04-09-2024T08:29:41 - [TEST_STEP][PASSED] - totalplay.Common.verifyPropertyValueNotEmptyorNotNull(FoodSLP, components_2_linesToDisplay): totalplay.Common.verifyPropertyValueNotEmptyorNotNull is PASSED

04-09-2024T08:29:41 - [MESSAGE][INFO] - Checking response object

04-09-2024T08:29:41 - [MESSAGE][INFO] - 

04-09-2024T08:29:41 - [MESSAGE][PASSED] - totalplay.Common.verifyPropertyValueNotEmptyorNotNull is PASSED

04-09-2024T08:29:41 - [TEST_STEP][PASSED] - totalplay.Common.verifyPropertyExist(FoodSLP, components_2_componentAssets_0_storeList_0_categories_0_name): totalplay.Common.verifyPropertyExist is PASSED

04-09-2024T08:29:41 - [MESSAGE][INFO] - Checking response object

04-09-2024T08:29:41 - [MESSAGE][PASSED] - totalplay.Common.verifyPropertyExist is PASSED

04-09-2024T08:29:41 - [TEST_STEP][PASSED] - totalplay.Common.verifyPropertyValueExist(FoodSLP, components_2_componentAssets_0_storeList_0_categories_0_name): totalplay.Common.verifyPropertyValueExist is PASSED

04-09-2024T08:29:41 - [MESSAGE][INFO] - Checking response object

04-09-2024T08:29:41 - [MESSAGE][INFO] - Burguers

04-09-2024T08:29:41 - [MESSAGE][PASSED] - totalplay.Common.verifyPropertyValueExist is PASSED

04-09-2024T08:29:41 - [TEST_STEP][PASSED] - totalplay.Common.verifyPropertyExist(FoodSLP, components_2_componentAssets_0_storeList_0_categories_0_id): totalplay.Common.verifyPropertyExist is PASSED

04-09-2024T08:29:41 - [MESSAGE][INFO] - Checking response object

04-09-2024T08:29:41 - [MESSAGE][PASSED] - totalplay.Common.verifyPropertyExist is PASSED

04-09-2024T08:29:41 - [TEST_STEP][PASSED] - totalplay.Common.verifyPropertyValueExist(FoodSLP, components_2_componentAssets_0_storeList_0_categories_0_id): totalplay.Common.verifyPropertyValueExist is PASSED

04-09-2024T08:29:41 - [MESSAGE][INFO] - Checking response object

04-09-2024T08:29:41 - [MESSAGE][INFO] - SF_benedettis_66b3f3616b4c6676f4faf83c_4786

04-09-2024T08:29:41 - [MESSAGE][PASSED] - totalplay.Common.verifyPropertyValueExist is PASSED

04-09-2024T08:29:41 - [TEST_STEP][PASSED] - totalplay.Common.verifyPropertyValueNotEmptyorNotNull(FoodSLP, components_2_componentAssets_0_storeList_0_categories_0_image): totalplay.Common.verifyPropertyValueNotEmptyorNotNull is PASSED

04-09-2024T08:29:41 - [MESSAGE][INFO] - Checking response object

04-09-2024T08:29:41 - [MESSAGE][INFO] - 

04-09-2024T08:29:41 - [MESSAGE][PASSED] - totalplay.Common.verifyPropertyValueNotEmptyorNotNull is PASSED

04-09-2024T08:29:41 - [TEST_STEP][PASSED] - totalplay.Common.verifyPropertyExist(FoodSLP, components_2_componentAssets_0_storeList_0_categories_0_url): totalplay.Common.verifyPropertyExist is PASSED

04-09-2024T08:29:41 - [MESSAGE][INFO] - Checking response object

04-09-2024T08:29:41 - [MESSAGE][PASSED] - totalplay.Common.verifyPropertyExist is PASSED

04-09-2024T08:29:41 - [TEST_STEP][PASSED] - totalplay.Common.verifyPropertyValueExist(FoodSLP, components_2_componentAssets_0_storeList_0_categories_0_url): totalplay.Common.verifyPropertyValueExist is PASSED

04-09-2024T08:29:41 - [MESSAGE][INFO] - Checking response object

04-09-2024T08:29:41 - [MESSAGE][INFO] - /dw/shop/v24_5/content/seller-category-page?page=1&category=Burguers

04-09-2024T08:29:41 - [MESSAGE][PASSED] - totalplay.Common.verifyPropertyValueExist is PASSED

04-09-2024T08:29:41 - [TEST_STEP][PASSED] - totalplay.Common.getBooleanValueofObject(FoodSLP, components_2_componentAssets_0_storeList_0_categories_0_isLeaf): totalplay.Common.getBooleanValueofObject is PASSED

04-09-2024T08:29:41 - [MESSAGE][INFO] - Checking response object

04-09-2024T08:29:41 - [MESSAGE][PASSED] - totalplay.Common.getBooleanValueofObject is PASSED

04-09-2024T08:29:41 - [TEST_STEP][PASSED] - totalplay.Common.getNumValueofObject(FoodSLP, components_2_componentAssets_0_storeList_0_ratings): totalplay.Common.getNumValueofObject is PASSED

04-09-2024T08:29:41 - [MESSAGE][INFO] - Checking response object

04-09-2024T08:29:41 - [MESSAGE][PASSED] - totalplay.Common.getNumValueofObject is PASSED

04-09-2024T08:29:41 - [TEST_STEP][PASSED] - totalplay.Common.getBooleanValueofObject(FoodSLP, components_2_componentAssets_0_storeList_0_isInRange): totalplay.Common.getBooleanValueofObject is PASSED

04-09-2024T08:29:41 - [MESSAGE][INFO] - Checking response object

04-09-2024T08:29:41 - [MESSAGE][PASSED] - totalplay.Common.getBooleanValueofObject is PASSED

04-09-2024T08:29:41 - [TEST_STEP][PASSED] - totalplay.Common.getBooleanValueofObject(FoodSLP, components_2_componentAssets_0_storeList_0_storeOpen): totalplay.Common.getBooleanValueofObject is PASSED

04-09-2024T08:29:41 - [MESSAGE][INFO] - Checking response object

04-09-2024T08:29:41 - [MESSAGE][PASSED] - totalplay.Common.getBooleanValueofObject is PASSED

04-09-2024T08:29:41 - [TEST_STEP][PASSED] - totalplay.Common.verifyPropertyExist(FoodSLP, components_2_componentAssets_0_storeList_0_OpenHrs_time_0_openingTime): totalplay.Common.verifyPropertyExist is PASSED

04-09-2024T08:29:41 - [MESSAGE][INFO] - Checking response object

04-09-2024T08:29:41 - [MESSAGE][PASSED] - totalplay.Common.verifyPropertyExist is PASSED

04-09-2024T08:29:41 - [TEST_STEP][PASSED] - totalplay.Common.verifyPropertyValueExist(FoodSLP, components_2_componentAssets_0_storeList_0_OpenHrs_time_0_openingTime): totalplay.Common.verifyPropertyValueExist is PASSED

04-09-2024T08:29:41 - [MESSAGE][INFO] - Checking response object

04-09-2024T08:29:42 - [MESSAGE][INFO] - 00:00

04-09-2024T08:29:42 - [MESSAGE][PASSED] - totalplay.Common.verifyPropertyValueExist is PASSED

04-09-2024T08:29:42 - [TEST_STEP][PASSED] - totalplay.Common.verifyPropertyExist(FoodSLP, components_2_componentAssets_0_storeList_0_OpenHrs_time_0_closingTime): totalplay.Common.verifyPropertyExist is PASSED

04-09-2024T08:29:42 - [MESSAGE][INFO] - Checking response object

04-09-2024T08:29:42 - [MESSAGE][PASSED] - totalplay.Common.verifyPropertyExist is PASSED

04-09-2024T08:29:42 - [TEST_STEP][PASSED] - totalplay.Common.verifyPropertyValueExist(FoodSLP, components_2_componentAssets_0_storeList_0_OpenHrs_time_0_closingTime): totalplay.Common.verifyPropertyValueExist is PASSED

04-09-2024T08:29:42 - [MESSAGE][INFO] - Checking response object

04-09-2024T08:29:42 - [MESSAGE][INFO] - 23:59

04-09-2024T08:29:42 - [MESSAGE][PASSED] - totalplay.Common.verifyPropertyValueExist is PASSED

04-09-2024T08:29:42 - [TEST_STEP][PASSED] - totalplay.Common.getBooleanValueofObject(FoodSLP, components_2_componentAssets_0_storeList_0_OpenHrs_closed): totalplay.Common.getBooleanValueofObject is PASSED

04-09-2024T08:29:42 - [MESSAGE][INFO] - Checking response object

04-09-2024T08:29:42 - [MESSAGE][PASSED] - totalplay.Common.getBooleanValueofObject is PASSED

04-09-2024T08:29:42 - [TEST_STEP][PASSED] - totalplay.Common.verifyPropertyExist(FoodSLP, components_2_componentAssets_0_storeList_0_OpenHrs_day): totalplay.Common.verifyPropertyExist is PASSED

04-09-2024T08:29:42 - [MESSAGE][INFO] - Checking response object

04-09-2024T08:29:42 - [MESSAGE][PASSED] - totalplay.Common.verifyPropertyExist is PASSED

04-09-2024T08:29:42 - [TEST_STEP][PASSED] - totalplay.Common.verifyPropertyValueExist(FoodSLP, components_2_componentAssets_0_storeList_0_OpenHrs_day): totalplay.Common.verifyPropertyValueExist is PASSED

04-09-2024T08:29:42 - [MESSAGE][INFO] - Checking response object

04-09-2024T08:29:42 - [MESSAGE][INFO] - Miércoles

04-09-2024T08:29:42 - [MESSAGE][PASSED] - totalplay.Common.verifyPropertyValueExist is PASSED

04-09-2024T08:29:42 - [TEST_STEP][PASSED] - totalplay.Common.verifyPropertyExist(FoodSLP, components_2_componentAssets_0_storeList_0_link): totalplay.Common.verifyPropertyExist is PASSED

04-09-2024T08:29:42 - [MESSAGE][INFO] - Checking response object

04-09-2024T08:29:42 - [MESSAGE][PASSED] - totalplay.Common.verifyPropertyExist is PASSED

04-09-2024T08:29:42 - [TEST_STEP][PASSED] - totalplay.Common.verifyPropertyValueExist(FoodSLP, components_2_componentAssets_0_storeList_0_link): totalplay.Common.verifyPropertyValueExist is PASSED

04-09-2024T08:29:42 - [MESSAGE][INFO] - Checking response object

04-09-2024T08:29:42 - [MESSAGE][INFO] - /on/demandware.store/Sites-TP-FOOD-Site/es/OnDemand-Show?storeName=Benedetti's San Jeronimo

04-09-2024T08:29:42 - [MESSAGE][PASSED] - totalplay.Common.verifyPropertyValueExist is PASSED

04-09-2024T08:29:42 - [TEST_STEP][PASSED] - totalplay.Common.verifyPropertyExist(FoodSLP, components_2_componentAssets_0_storeList_0_linkType): totalplay.Common.verifyPropertyExist is PASSED

04-09-2024T08:29:42 - [MESSAGE][INFO] - Checking response object

04-09-2024T08:29:42 - [MESSAGE][PASSED] - totalplay.Common.verifyPropertyExist is PASSED

04-09-2024T08:29:42 - [TEST_STEP][PASSED] - totalplay.Common.verifyPropertyValueExist(FoodSLP, components_2_componentAssets_0_storeList_0_linkType): totalplay.Common.verifyPropertyValueExist is PASSED

04-09-2024T08:29:42 - [MESSAGE][INFO] - Checking response object

04-09-2024T08:29:42 - [MESSAGE][INFO] - PLP

04-09-2024T08:29:42 - [MESSAGE][PASSED] - totalplay.Common.verifyPropertyValueExist is PASSED

04-09-2024T08:29:42 - [TEST_STEP][PASSED] - totalplay.Common.verifyPropertyExist(FoodSLP, components_2_componentAssets_0_storeList_0_ondemandEDD): totalplay.Common.verifyPropertyExist is PASSED

04-09-2024T08:29:42 - [MESSAGE][INFO] - Checking response object

04-09-2024T08:29:42 - [MESSAGE][PASSED] - totalplay.Common.verifyPropertyExist is PASSED

04-09-2024T08:29:42 - [TEST_STEP][PASSED] - totalplay.Common.verifyPropertyValueExist(FoodSLP, components_2_componentAssets_0_storeList_0_ondemandEDD): totalplay.Common.verifyPropertyValueExist is PASSED

04-09-2024T08:29:42 - [MESSAGE][INFO] - Checking response object

04-09-2024T08:29:42 - [MESSAGE][INFO] - 90 Min

04-09-2024T08:29:42 - [MESSAGE][PASSED] - totalplay.Common.verifyPropertyValueExist is PASSED

04-09-2024T08:29:42 - [TEST_STEP][PASSED] - totalplay.Common.verifyPropertyExist(FoodSLP, components_2_componentAssets_1_componentTypeId): totalplay.Common.verifyPropertyExist is PASSED

04-09-2024T08:29:42 - [MESSAGE][INFO] - Checking response object

04-09-2024T08:29:42 - [MESSAGE][PASSED] - totalplay.Common.verifyPropertyExist is PASSED

04-09-2024T08:29:42 - [TEST_STEP][PASSED] - totalplay.Common.verifyPropertyValueExist(FoodSLP, components_2_componentAssets_1_componentTypeId): totalplay.Common.verifyPropertyValueExist is PASSED

04-09-2024T08:29:42 - [MESSAGE][INFO] - Checking response object

04-09-2024T08:29:42 - [MESSAGE][INFO] - commerce_assets.FoodStoreGroupCard

04-09-2024T08:29:42 - [MESSAGE][PASSED] - totalplay.Common.verifyPropertyValueExist is PASSED

04-09-2024T08:29:42 - [TEST_STEP][PASSED] - totalplay.Common.verifyPropertyExist(FoodSLP, components_2_componentAssets_1_componentType): totalplay.Common.verifyPropertyExist is PASSED

04-09-2024T08:29:42 - [MESSAGE][INFO] - Checking response object

04-09-2024T08:29:42 - [MESSAGE][PASSED] - totalplay.Common.verifyPropertyExist is PASSED

04-09-2024T08:29:42 - [TEST_STEP][PASSED] - totalplay.Common.verifyPropertyValueExist(FoodSLP, components_2_componentAssets_1_componentType): totalplay.Common.verifyPropertyValueExist is PASSED

04-09-2024T08:29:42 - [MESSAGE][INFO] - Checking response object

04-09-2024T08:29:42 - [MESSAGE][INFO] - commerce_assets

04-09-2024T08:29:42 - [MESSAGE][PASSED] - totalplay.Common.verifyPropertyValueExist is PASSED

04-09-2024T08:29:42 - [TEST_STEP][PASSED] - totalplay.Common.verifyPropertyExist(FoodSLP, components_2_componentAssets_1_storeSelector_value): totalplay.Common.verifyPropertyExist is PASSED

04-09-2024T08:29:42 - [MESSAGE][INFO] - Checking response object

04-09-2024T08:29:43 - [MESSAGE][PASSED] - totalplay.Common.verifyPropertyExist is PASSED

04-09-2024T08:29:43 - [TEST_STEP][PASSED] - totalplay.Common.verifyPropertyValueExist(FoodSLP, components_2_componentAssets_1_storeSelector_value): totalplay.Common.verifyPropertyValueExist is PASSED

04-09-2024T08:29:43 - [MESSAGE][INFO] - Checking response object

04-09-2024T08:29:43 - [MESSAGE][INFO] - 2003,4603,

04-09-2024T08:29:43 - [MESSAGE][PASSED] - totalplay.Common.verifyPropertyValueExist is PASSED

04-09-2024T08:29:43 - [TEST_STEP][PASSED] - totalplay.Common.verifyPropertyExist(FoodSLP, components_2_componentAssets_1_linkType): totalplay.Common.verifyPropertyExist is PASSED

04-09-2024T08:29:43 - [MESSAGE][INFO] - Checking response object

04-09-2024T08:29:43 - [MESSAGE][PASSED] - totalplay.Common.verifyPropertyExist is PASSED

04-09-2024T08:29:43 - [TEST_STEP][PASSED] - totalplay.Common.verifyPropertyValueExist(FoodSLP, components_2_componentAssets_1_linkType): totalplay.Common.verifyPropertyValueExist is PASSED

04-09-2024T08:29:43 - [MESSAGE][INFO] - Checking response object

04-09-2024T08:29:43 - [MESSAGE][INFO] - PLP

04-09-2024T08:29:43 - [MESSAGE][PASSED] - totalplay.Common.verifyPropertyValueExist is PASSED

04-09-2024T08:29:43 - [TEST_STEP][PASSED] - totalplay.Common.getNumValueofObject(FoodSLP, components_2_componentAssets_1_nodesLength): totalplay.Common.getNumValueofObject is PASSED

04-09-2024T08:29:43 - [MESSAGE][INFO] - Checking response object

04-09-2024T08:29:43 - [MESSAGE][PASSED] - totalplay.Common.getNumValueofObject is PASSED

04-09-2024T08:29:43 - [TEST_STEP][PASSED] - totalplay.Common.verifyPropertyExist(FoodSLP, components_2_componentAssets_1_link): totalplay.Common.verifyPropertyExist is PASSED

04-09-2024T08:29:43 - [MESSAGE][INFO] - Checking response object

04-09-2024T08:29:43 - [MESSAGE][PASSED] - totalplay.Common.verifyPropertyExist is PASSED

04-09-2024T08:29:43 - [TEST_STEP][PASSED] - totalplay.Common.verifyPropertyValueExist(FoodSLP, components_2_componentAssets_1_link): totalplay.Common.verifyPropertyValueExist is PASSED

04-09-2024T08:29:43 - [MESSAGE][INFO] - Checking response object

04-09-2024T08:29:43 - [MESSAGE][INFO] - /dw/shop/v23_3/content/seller-category-page?corporateName=VamosenMasa

04-09-2024T08:29:43 - [MESSAGE][PASSED] - totalplay.Common.verifyPropertyValueExist is PASSED

04-09-2024T08:29:43 - [TEST_STEP][PASSED] - totalplay.Common.verifyPropertyExist(FoodSLP, components_2_componentAssets_1_storeList_0_ID): totalplay.Common.verifyPropertyExist is PASSED

04-09-2024T08:29:43 - [MESSAGE][INFO] - Checking response object

04-09-2024T08:29:43 - [MESSAGE][PASSED] - totalplay.Common.verifyPropertyExist is PASSED

04-09-2024T08:29:43 - [TEST_STEP][PASSED] - totalplay.Common.verifyPropertyValueExist(FoodSLP, components_2_componentAssets_1_storeList_0_ID): totalplay.Common.verifyPropertyValueExist is PASSED

04-09-2024T08:29:43 - [MESSAGE][INFO] - Checking response object

04-09-2024T08:29:43 - [MESSAGE][INFO] - 2003

04-09-2024T08:29:43 - [MESSAGE][PASSED] - totalplay.Common.verifyPropertyValueExist is PASSED

04-09-2024T08:29:43 - [TEST_STEP][PASSED] - totalplay.Common.verifyPropertyExist(FoodSLP, components_2_componentAssets_1_storeList_0_name): totalplay.Common.verifyPropertyExist is PASSED

04-09-2024T08:29:43 - [MESSAGE][INFO] - Checking response object

04-09-2024T08:29:43 - [MESSAGE][PASSED] - totalplay.Common.verifyPropertyExist is PASSED

04-09-2024T08:29:43 - [TEST_STEP][PASSED] - totalplay.Common.verifyPropertyValueExist(FoodSLP, components_2_componentAssets_1_storeList_0_name): totalplay.Common.verifyPropertyValueExist is PASSED

04-09-2024T08:29:43 - [MESSAGE][INFO] - Checking response object

04-09-2024T08:29:43 - [MESSAGE][INFO] - Liverpool Santafee

04-09-2024T08:29:43 - [MESSAGE][PASSED] - totalplay.Common.verifyPropertyValueExist is PASSED

04-09-2024T08:29:43 - [TEST_STEP][PASSED] - totalplay.Common.verifyPropertyValueEmptyString(FoodSLP, components_2_componentAssets_1_storeList_0_logo): totalplay.Common.verifyPropertyValueEmptyString is PASSED

04-09-2024T08:29:43 - [MESSAGE][INFO] - Checking response object

04-09-2024T08:29:43 - [MESSAGE][INFO] - 

04-09-2024T08:29:43 - [MESSAGE][PASSED] - totalplay.Common.verifyPropertyValueEmptyString is PASSED

04-09-2024T08:29:43 - [TEST_STEP][PASSED] - totalplay.Common.verifyPropertyValueEmptyString(FoodSLP, components_2_componentAssets_1_storeList_0_bannerImage): totalplay.Common.verifyPropertyValueEmptyString is PASSED

04-09-2024T08:29:43 - [MESSAGE][INFO] - Checking response object

04-09-2024T08:29:43 - [MESSAGE][INFO] - 

04-09-2024T08:29:43 - [MESSAGE][PASSED] - totalplay.Common.verifyPropertyValueEmptyString is PASSED

04-09-2024T08:29:43 - [TEST_STEP][PASSED] - totalplay.Common.verifyPropertyValueEmptyString(FoodSLP, components_2_componentAssets_1_storeList_0_corporateColorCode): totalplay.Common.verifyPropertyValueEmptyString is PASSED

04-09-2024T08:29:43 - [MESSAGE][INFO] - Checking response object

04-09-2024T08:29:43 - [MESSAGE][INFO] - 

04-09-2024T08:29:43 - [MESSAGE][PASSED] - totalplay.Common.verifyPropertyValueEmptyString is PASSED

04-09-2024T08:29:43 - [TEST_STEP][PASSED] - totalplay.Common.verifyPropertyExist(FoodSLP, components_2_componentAssets_1_storeList_0_corporateName): totalplay.Common.verifyPropertyExist is PASSED

04-09-2024T08:29:43 - [MESSAGE][INFO] - Checking response object

04-09-2024T08:29:43 - [MESSAGE][PASSED] - totalplay.Common.verifyPropertyExist is PASSED

04-09-2024T08:29:43 - [TEST_STEP][PASSED] - totalplay.Common.verifyPropertyValueExist(FoodSLP, components_2_componentAssets_1_storeList_0_corporateName): totalplay.Common.verifyPropertyValueExist is PASSED

04-09-2024T08:29:43 - [MESSAGE][INFO] - Checking response object

04-09-2024T08:29:44 - [MESSAGE][INFO] - Liverpool

04-09-2024T08:29:44 - [MESSAGE][PASSED] - totalplay.Common.verifyPropertyValueExist is PASSED

04-09-2024T08:29:44 - [TEST_STEP][PASSED] - totalplay.Common.getBooleanValueofObject(FoodSLP, components_2_componentAssets_1_storeList_0_storeOpen): totalplay.Common.getBooleanValueofObject is PASSED

04-09-2024T08:29:44 - [MESSAGE][INFO] - Checking response object

04-09-2024T08:29:44 - [MESSAGE][PASSED] - totalplay.Common.getBooleanValueofObject is PASSED

04-09-2024T08:29:44 - [TEST_STEP][PASSED] - totalplay.Common.getBooleanValueofObject(FoodSLP, components_2_componentAssets_1_storeList_0_link): totalplay.Common.getBooleanValueofObject is PASSED

04-09-2024T08:29:44 - [MESSAGE][INFO] - Checking response object

04-09-2024T08:29:44 - [MESSAGE][PASSED] - totalplay.Common.getBooleanValueofObject is PASSED

04-09-2024T08:29:44 - [TEST_STEP][PASSED] - totalplay.Common.verifyPropertyExist(FoodSLP, components_2_componentAssets_1_storeList_0_linkType): totalplay.Common.verifyPropertyExist is PASSED

04-09-2024T08:29:44 - [MESSAGE][INFO] - Checking response object

04-09-2024T08:29:44 - [MESSAGE][PASSED] - totalplay.Common.verifyPropertyExist is PASSED

04-09-2024T08:29:44 - [TEST_STEP][PASSED] - totalplay.Common.verifyPropertyValueExist(FoodSLP, components_2_componentAssets_1_storeList_0_linkType): totalplay.Common.verifyPropertyValueExist is PASSED

04-09-2024T08:29:44 - [MESSAGE][INFO] - Checking response object

04-09-2024T08:29:44 - [MESSAGE][INFO] - PLP

04-09-2024T08:29:44 - [MESSAGE][PASSED] - totalplay.Common.verifyPropertyValueExist is PASSED

04-09-2024T08:29:44 - [TEST_STEP][PASSED] - totalplay.Common.verifyPropertyExist(FoodSLP, components_2_componentAssets_1_storeList_0_ondemandEDD): totalplay.Common.verifyPropertyExist is PASSED

04-09-2024T08:29:44 - [MESSAGE][INFO] - Checking response object

04-09-2024T08:29:44 - [MESSAGE][PASSED] - totalplay.Common.verifyPropertyExist is PASSED

04-09-2024T08:29:44 - [TEST_STEP][PASSED] - totalplay.Common.verifyPropertyValueExist(FoodSLP, components_2_componentAssets_1_storeList_0_ondemandEDD): totalplay.Common.verifyPropertyValueExist is PASSED

04-09-2024T08:29:44 - [MESSAGE][INFO] - Checking response object

04-09-2024T08:29:44 - [MESSAGE][INFO] - 90 Min

04-09-2024T08:29:44 - [MESSAGE][PASSED] - totalplay.Common.verifyPropertyValueExist is PASSED

04-09-2024T08:29:44 - [TEST_STEP][PASSED] - totalplay.Common.verifyPropertyExist(FoodSLP, components_3_carouselHeading): totalplay.Common.verifyPropertyExist is PASSED

04-09-2024T08:29:44 - [MESSAGE][INFO] - Checking response object

04-09-2024T08:29:44 - [MESSAGE][PASSED] - totalplay.Common.verifyPropertyExist is PASSED

04-09-2024T08:29:44 - [TEST_STEP][PASSED] - totalplay.Common.verifyPropertyValueExist(FoodSLP, components_3_carouselHeading): totalplay.Common.verifyPropertyValueExist is PASSED

04-09-2024T08:29:44 - [MESSAGE][INFO] - Checking response object

04-09-2024T08:29:44 - [MESSAGE][INFO] - Los más populares

04-09-2024T08:29:44 - [MESSAGE][PASSED] - totalplay.Common.verifyPropertyValueExist is PASSED

04-09-2024T08:29:44 - [TEST_STEP][PASSED] - totalplay.Common.verifyPropertyExist(FoodSLP, components_3_viewType): totalplay.Common.verifyPropertyExist is PASSED

04-09-2024T08:29:44 - [MESSAGE][INFO] - Checking response object

04-09-2024T08:29:44 - [MESSAGE][PASSED] - totalplay.Common.verifyPropertyExist is PASSED

04-09-2024T08:29:44 - [TEST_STEP][PASSED] - totalplay.Common.verifyPropertyValueExist(FoodSLP, components_3_viewType): totalplay.Common.verifyPropertyValueExist is PASSED

04-09-2024T08:29:44 - [MESSAGE][INFO] - Checking response object

04-09-2024T08:29:44 - [MESSAGE][INFO] - veritcal

04-09-2024T08:29:44 - [MESSAGE][PASSED] - totalplay.Common.verifyPropertyValueExist is PASSED

04-09-2024T08:29:44 - [TEST_STEP][PASSED] - totalplay.Common.verifyPropertyExist(FoodSLP, components_3_linesToDisplay): totalplay.Common.verifyPropertyExist is PASSED

04-09-2024T08:29:44 - [MESSAGE][INFO] - Checking response object

04-09-2024T08:29:44 - [MESSAGE][PASSED] - totalplay.Common.verifyPropertyExist is PASSED

04-09-2024T08:29:44 - [TEST_STEP][PASSED] - totalplay.Common.verifyPropertyValueExist(FoodSLP, components_3_linesToDisplay): totalplay.Common.verifyPropertyValueExist is PASSED

04-09-2024T08:29:44 - [MESSAGE][INFO] - Checking response object

04-09-2024T08:29:44 - [MESSAGE][INFO] - one line display

04-09-2024T08:29:44 - [MESSAGE][PASSED] - totalplay.Common.verifyPropertyValueExist is PASSED

04-09-2024T08:29:44 - [TEST_STEP][PASSED] - totalplay.Common.verifyPropertyExist(FoodSLP, components_3_heading): totalplay.Common.verifyPropertyExist is PASSED

04-09-2024T08:29:44 - [MESSAGE][INFO] - Checking response object

04-09-2024T08:29:44 - [MESSAGE][PASSED] - totalplay.Common.verifyPropertyExist is PASSED

04-09-2024T08:29:44 - [TEST_STEP][PASSED] - totalplay.Common.verifyPropertyValueExist(FoodSLP, components_3_heading): totalplay.Common.verifyPropertyValueExist is PASSED

04-09-2024T08:29:44 - [MESSAGE][INFO] - Checking response object

04-09-2024T08:29:44 - [MESSAGE][INFO] - Los más populares

04-09-2024T08:29:44 - [MESSAGE][PASSED] - totalplay.Common.verifyPropertyValueExist is PASSED]]></system-out>
         <system-err><![CDATA[]]></system-err>
      </testcase>
      <testcase name="Test Cases/TotalPlay-Food/TC_6_Food PDP" time="14.614" classname="Test Cases/TotalPlay-Food/TC_6_Food PDP" status="PASSED">
         <system-out><![CDATA[04-09-2024T08:29:45 - [TEST_CASE][PASSED] - Test Cases/TotalPlay-Food/TC_6_Food PDP: Test Cases/TotalPlay-Food/TC_6_Food PDP

04-09-2024T08:29:47 - [TEST_STEP][PASSED] - callTestCase(findTestCase("TotalPlay-Food/TC_1_Login_Service"), [:], STOP_ON_FAILURE): Call Test Case 'Test Cases/TotalPlay-Food/TC_1_Login_Service' successfully

04-09-2024T08:29:47 - [MESSAGE][INFO] - Checking called Test Case

04-09-2024T08:29:47 - [MESSAGE][INFO] - Starting to call Test Case 'Test Cases/TotalPlay-Food/TC_1_Login_Service'

04-09-2024T08:29:47 - [TEST_CASE][PASSED] - Test Cases/TotalPlay-Food/TC_1_Login_Service: Test Cases/TotalPlay-Food/TC_1_Login_Service

04-09-2024T08:29:47 - [TEST_STEP][PASSED] - LoginResponse = sendRequest(findTestObject("TotalPlay-Food/getTokenDelivery", ["URL":URL])): Send request successfully

04-09-2024T08:29:47 - [MESSAGE][INFO] - Finding Test Object 'Object Repository/TotalPlay-Food/getTokenDelivery'

04-09-2024T08:29:48 - [MESSAGE][INFO] - Checking request object

04-09-2024T08:29:52 - [MESSAGE][INFO] - HAR: C:\Users\ShubhamKumarThakur\OneDrive - Kognivera\Documents\TotalPlay\totalplay-automation\Reports\20240904_082912\Food_Service_Normal_Flow_PlaceOrder\20240904_082912\requests\main\3.har

04-09-2024T08:29:52 - [MESSAGE][PASSED] - Send request successfully

04-09-2024T08:29:52 - [TEST_STEP][PASSED] - assert getResponseStatusCode(LoginResponse) == 200: Checking response object

04-09-2024T08:29:52 - [MESSAGE][INFO] - Checking response object

04-09-2024T08:29:52 - [TEST_STEP][PASSED] - Auth = "ocapiResponse.access_token": null

04-09-2024T08:29:52 - [TEST_STEP][PASSED] - FoodBascketId = "ocapiResponse.c_basketId_TP_FOOD": null

04-09-2024T08:29:52 - [TEST_STEP][PASSED] - FoodBasId = getElementPropertyValue(LoginResponse, FoodBascketId): Checking response object

04-09-2024T08:29:52 - [MESSAGE][INFO] - Checking response object

04-09-2024T08:29:52 - [TEST_STEP][PASSED] - sfccAuthorization = getElementPropertyValue(LoginResponse, Auth): Checking response object

04-09-2024T08:29:52 - [MESSAGE][INFO] - Checking response object

04-09-2024T08:29:52 - [TEST_STEP][PASSED] - Authorization = "Bearer " + sfccAuthorization: null

04-09-2024T08:29:52 - [TEST_STEP][PASSED] - FoodBasketId = FoodBasId: null

04-09-2024T08:29:52 - [TEST_STEP][PASSED] - logInfo(bm_auth_token): 

04-09-2024T08:29:52 - [MESSAGE][INFO] - 

04-09-2024T08:29:52 - [TEST_STEP][PASSED] - if (sfccAuthorization.length() == 0): null

04-09-2024T08:29:52 - [TEST_STEP][PASSED] - else: authorization generated

04-09-2024T08:29:52 - [TEST_STEP][PASSED] - markPassed("authorization generated"): authorization generated

04-09-2024T08:29:52 - [MESSAGE][PASSED] - authorization generated

04-09-2024T08:29:52 - [TEST_STEP][PASSED] - BasketId_loginResponse = "ocapiResponse.c_basketId": null

04-09-2024T08:29:52 - [TEST_STEP][PASSED] - CustomerId_loginResponse = "ocapiResponse.customer_id": null

04-09-2024T08:29:52 - [TEST_STEP][PASSED] - basketId = getElementPropertyValue(LoginResponse, BasketId_loginResponse): Checking response object

04-09-2024T08:29:52 - [MESSAGE][INFO] - Checking response object

04-09-2024T08:29:52 - [TEST_STEP][PASSED] - customerId = getElementPropertyValue(LoginResponse, CustomerId_loginResponse): Checking response object

04-09-2024T08:29:52 - [MESSAGE][INFO] - Checking response object

04-09-2024T08:29:52 - [TEST_STEP][PASSED] - basketID = basketId: null

04-09-2024T08:29:52 - [TEST_STEP][PASSED] - sla_customerId = customerId: null

04-09-2024T08:29:52 - [TEST_STEP][PASSED] - println(basketID): null

04-09-2024T08:29:52 - [TEST_STEP][PASSED] - println(sla_customerId): null

04-09-2024T08:29:52 - [TEST_STEP][PASSED] - refresh_token = "ocapiResponse.refresh_token": null

04-09-2024T08:29:52 - [TEST_STEP][PASSED] - customer_email = "ocapiResponse.customer_email": null

[...]

04-09-2024T08:31:48 - [MESSAGE][PASSED] - totalplay.Common.verifyPropertyValueExist is PASSED

04-09-2024T08:31:48 - [TEST_STEP][PASSED] - totalplay.Common.verifyPropertyExist(SetPayment_instruments, shipments_0_shipping_method_name): totalplay.Common.verifyPropertyExist is PASSED

04-09-2024T08:31:48 - [MESSAGE][INFO] - Checking response object

04-09-2024T08:31:48 - [MESSAGE][PASSED] - totalplay.Common.verifyPropertyExist is PASSED

04-09-2024T08:31:48 - [TEST_STEP][PASSED] - totalplay.Common.verifyPropertyValueExist(SetPayment_instruments, shipments_0_shipping_method_name): totalplay.Common.verifyPropertyValueExist is PASSED

04-09-2024T08:31:48 - [MESSAGE][INFO] - Checking response object

04-09-2024T08:31:48 - [MESSAGE][INFO] - pickup

04-09-2024T08:31:48 - [MESSAGE][PASSED] - totalplay.Common.verifyPropertyValueExist is PASSED

04-09-2024T08:31:48 - [TEST_STEP][PASSED] - totalplay.Common.verifyPropertyExist(SetPayment_instruments, shipments_0_shipping_method_c_estimatedArrivalTime): totalplay.Common.verifyPropertyExist is PASSED

04-09-2024T08:31:48 - [MESSAGE][INFO] - Checking response object

04-09-2024T08:31:48 - [MESSAGE][PASSED] - totalplay.Common.verifyPropertyExist is PASSED

04-09-2024T08:31:48 - [TEST_STEP][PASSED] - totalplay.Common.verifyPropertyValueExist(SetPayment_instruments, shipments_0_shipping_method_c_estimatedArrivalTime): totalplay.Common.verifyPropertyValueExist is PASSED

04-09-2024T08:31:48 - [MESSAGE][INFO] - Checking response object

04-09-2024T08:31:48 - [MESSAGE][INFO] - 60 Mins

04-09-2024T08:31:48 - [MESSAGE][PASSED] - totalplay.Common.verifyPropertyValueExist is PASSED

04-09-2024T08:31:48 - [TEST_STEP][PASSED] - totalplay.Common.getBooleanValueofObject(SetPayment_instruments, shipments_0_shipping_method_c_storePickupEnabled): totalplay.Common.getBooleanValueofObject is PASSED

04-09-2024T08:31:48 - [MESSAGE][INFO] - Checking response object

04-09-2024T08:31:48 - [MESSAGE][PASSED] - totalplay.Common.getBooleanValueofObject is PASSED

04-09-2024T08:31:48 - [TEST_STEP][PASSED] - totalplay.Common.verifyPropertyExist(SetPayment_instruments, shipments_0_shipping_status): totalplay.Common.verifyPropertyExist is PASSED

04-09-2024T08:31:48 - [MESSAGE][INFO] - Checking response object

04-09-2024T08:31:48 - [MESSAGE][PASSED] - totalplay.Common.verifyPropertyExist is PASSED

04-09-2024T08:31:48 - [TEST_STEP][PASSED] - totalplay.Common.verifyPropertyValueExist(SetPayment_instruments, shipments_0_shipping_status): totalplay.Common.verifyPropertyValueExist is PASSED

04-09-2024T08:31:48 - [MESSAGE][INFO] - Checking response object

04-09-2024T08:31:48 - [MESSAGE][INFO] - not_shipped

04-09-2024T08:31:48 - [MESSAGE][PASSED] - totalplay.Common.verifyPropertyValueExist is PASSED

04-09-2024T08:31:48 - [TEST_STEP][PASSED] - totalplay.Common.getDecimalValueofObject(SetPayment_instruments, shipments_0_shipping_total): totalplay.Common.getDecimalValueofObject is PASSED

04-09-2024T08:31:48 - [MESSAGE][INFO] - Checking response object

04-09-2024T08:31:48 - [MESSAGE][PASSED] - totalplay.Common.getDecimalValueofObject is PASSED

04-09-2024T08:31:48 - [TEST_STEP][PASSED] - totalplay.Common.getDecimalValueofObject(SetPayment_instruments, shipments_0_shipping_total_tax): totalplay.Common.getDecimalValueofObject is PASSED

04-09-2024T08:31:48 - [MESSAGE][INFO] - Checking response object

04-09-2024T08:31:48 - [MESSAGE][PASSED] - totalplay.Common.getDecimalValueofObject is PASSED

04-09-2024T08:31:48 - [TEST_STEP][PASSED] - totalplay.Common.verifyPropertyExist(SetPayment_instruments, c_seller_id): totalplay.Common.verifyPropertyExist is PASSED

04-09-2024T08:31:48 - [MESSAGE][INFO] - Checking response object

04-09-2024T08:31:48 - [MESSAGE][PASSED] - totalplay.Common.verifyPropertyExist is PASSED

04-09-2024T08:31:48 - [TEST_STEP][PASSED] - totalplay.Common.verifyPropertyValueExist(SetPayment_instruments, c_seller_id): totalplay.Common.verifyPropertyValueExist is PASSED

04-09-2024T08:31:48 - [MESSAGE][INFO] - Checking response object

04-09-2024T08:31:48 - [MESSAGE][INFO] - 4158

04-09-2024T08:31:48 - [MESSAGE][PASSED] - totalplay.Common.verifyPropertyValueExist is PASSED

04-09-2024T08:31:48 - [TEST_STEP][PASSED] - totalplay.Common.getDecimalValueofObject(SetPayment_instruments, c_serviceChargeTotalGrossPrice): totalplay.Common.getDecimalValueofObject is PASSED

04-09-2024T08:31:48 - [MESSAGE][INFO] - Checking response object

04-09-2024T08:31:48 - [MESSAGE][PASSED] - totalplay.Common.getDecimalValueofObject is PASSED

04-09-2024T08:31:48 - [TEST_STEP][PASSED] - totalplay.Common.verifyPropertyExist(SetPayment_instruments, c_formatedOrderTotal): totalplay.Common.verifyPropertyExist is PASSED

04-09-2024T08:31:48 - [MESSAGE][INFO] - Checking response object

04-09-2024T08:31:48 - [MESSAGE][PASSED] - totalplay.Common.verifyPropertyExist is PASSED

04-09-2024T08:31:48 - [TEST_STEP][PASSED] - totalplay.Common.verifyPropertyValueExist(SetPayment_instruments, c_formatedOrderTotal): totalplay.Common.verifyPropertyValueExist is PASSED

04-09-2024T08:31:48 - [MESSAGE][INFO] - Checking response object

04-09-2024T08:31:48 - [MESSAGE][INFO] - $245.36

04-09-2024T08:31:48 - [MESSAGE][PASSED] - totalplay.Common.verifyPropertyValueExist is PASSED

04-09-2024T08:31:48 - [TEST_STEP][PASSED] - totalplay.Common.verifyPropertyExist(SetPayment_instruments, c_formatedProductTotal): totalplay.Common.verifyPropertyExist is PASSED

04-09-2024T08:31:48 - [MESSAGE][INFO] - Checking response object

04-09-2024T08:31:48 - [MESSAGE][PASSED] - totalplay.Common.verifyPropertyExist is PASSED

04-09-2024T08:31:48 - [TEST_STEP][PASSED] - totalplay.Common.verifyPropertyValueExist(SetPayment_instruments, c_formatedProductTotal): totalplay.Common.verifyPropertyValueExist is PASSED

04-09-2024T08:31:48 - [MESSAGE][INFO] - Checking response object

04-09-2024T08:31:49 - [MESSAGE][INFO] - $192.00

04-09-2024T08:31:49 - [MESSAGE][PASSED] - totalplay.Common.verifyPropertyValueExist is PASSED]]></system-out>
         <system-err><![CDATA[]]></system-err>
      </testcase>
      <testcase name="Test Cases/TotalPlay-Food/TC_21_Pre- Auth Payments" time="14.525" classname="Test Cases/TotalPlay-Food/TC_21_Pre- Auth Payments" status="PASSED">
         <system-out><![CDATA[04-09-2024T08:31:49 - [TEST_CASE][PASSED] - Test Cases/TotalPlay-Food/TC_21_Pre- Auth Payments: Test Cases/TotalPlay-Food/TC_21_Pre- Auth Payments

04-09-2024T08:31:49 - [TEST_STEP][PASSED] - callTestCase(findTestCase("TotalPlay-Food/TC_1_Login_Service"), [:], STOP_ON_FAILURE): Call Test Case 'Test Cases/TotalPlay-Food/TC_1_Login_Service' successfully

04-09-2024T08:31:49 - [MESSAGE][INFO] - Checking called Test Case

04-09-2024T08:31:49 - [MESSAGE][INFO] - Starting to call Test Case 'Test Cases/TotalPlay-Food/TC_1_Login_Service'

04-09-2024T08:31:49 - [TEST_CASE][PASSED] - Test Cases/TotalPlay-Food/TC_1_Login_Service: Test Cases/TotalPlay-Food/TC_1_Login_Service

04-09-2024T08:31:49 - [TEST_STEP][PASSED] - LoginResponse = sendRequest(findTestObject("TotalPlay-Food/getTokenDelivery", ["URL":URL])): Send request successfully

04-09-2024T08:31:49 - [MESSAGE][INFO] - Finding Test Object 'Object Repository/TotalPlay-Food/getTokenDelivery'

04-09-2024T08:31:49 - [MESSAGE][INFO] - Checking request object

04-09-2024T08:31:52 - [MESSAGE][INFO] - HAR: C:\Users\ShubhamKumarThakur\OneDrive - Kognivera\Documents\TotalPlay\totalplay-automation\Reports\20240904_082912\Food_Service_Normal_Flow_PlaceOrder\20240904_082912\requests\main\29.har

04-09-2024T08:31:52 - [MESSAGE][PASSED] - Send request successfully

04-09-2024T08:31:52 - [TEST_STEP][PASSED] - assert getResponseStatusCode(LoginResponse) == 200: Checking response object

04-09-2024T08:31:52 - [MESSAGE][INFO] - Checking response object

04-09-2024T08:31:52 - [TEST_STEP][PASSED] - Auth = "ocapiResponse.access_token": null

04-09-2024T08:31:52 - [TEST_STEP][PASSED] - FoodBascketId = "ocapiResponse.c_basketId_TP_FOOD": null

04-09-2024T08:31:52 - [TEST_STEP][PASSED] - FoodBasId = getElementPropertyValue(LoginResponse, FoodBascketId): Checking response object

04-09-2024T08:31:52 - [MESSAGE][INFO] - Checking response object

04-09-2024T08:31:52 - [TEST_STEP][PASSED] - sfccAuthorization = getElementPropertyValue(LoginResponse, Auth): Checking response object

04-09-2024T08:31:52 - [MESSAGE][INFO] - Checking response object

04-09-2024T08:31:52 - [TEST_STEP][PASSED] - Authorization = "Bearer " + sfccAuthorization: null

04-09-2024T08:31:52 - [TEST_STEP][PASSED] - FoodBasketId = FoodBasId: null

04-09-2024T08:31:52 - [TEST_STEP][PASSED] - logInfo(bm_auth_token): 

04-09-2024T08:31:52 - [MESSAGE][INFO] - 

04-09-2024T08:31:52 - [TEST_STEP][PASSED] - if (sfccAuthorization.length() == 0): null

04-09-2024T08:31:52 - [TEST_STEP][PASSED] - else: authorization generated

04-09-2024T08:31:52 - [TEST_STEP][PASSED] - markPassed("authorization generated"): authorization generated

04-09-2024T08:31:52 - [MESSAGE][PASSED] - authorization generated

04-09-2024T08:31:52 - [TEST_STEP][PASSED] - BasketId_loginResponse = "ocapiResponse.c_basketId": null

04-09-2024T08:31:52 - [TEST_STEP][PASSED] - CustomerId_loginResponse = "ocapiResponse.customer_id": null

04-09-2024T08:31:52 - [TEST_STEP][PASSED] - basketId = getElementPropertyValue(LoginResponse, BasketId_loginResponse): Checking response object

04-09-2024T08:31:52 - [MESSAGE][INFO] - Checking response object

04-09-2024T08:31:52 - [TEST_STEP][PASSED] - customerId = getElementPropertyValue(LoginResponse, CustomerId_loginResponse): Checking response object

04-09-2024T08:31:52 - [MESSAGE][INFO] - Checking response object

04-09-2024T08:31:52 - [TEST_STEP][PASSED] - basketID = basketId: null

04-09-2024T08:31:52 - [TEST_STEP][PASSED] - sla_customerId = customerId: null

04-09-2024T08:31:52 - [TEST_STEP][PASSED] - println(basketID): null

04-09-2024T08:31:52 - [TEST_STEP][PASSED] - println(sla_customerId): null

04-09-2024T08:31:52 - [TEST_STEP][PASSED] - refresh_token = "ocapiResponse.refresh_token": null

04-09-2024T08:31:52 - [TEST_STEP][PASSED] - customer_email = "ocapiResponse.customer_email": null

04-09-2024T08:31:52 - [TEST_STEP][PASSED] - c_brmId = "ocapiResponse.c_brmId": null

04-09-2024T08:31:52 - [TEST_STEP][PASSED] - customer_name = "ocapiResponse.customer_name": null

04-09-2024T08:31:52 - [TEST_STEP][PASSED] - totalplay.Common.verifyPropertyExist(LoginResponse, refresh_token): totalplay.Common.verifyPropertyExist is PASSED

04-09-2024T08:31:52 - [MESSAGE][INFO] - Checking response object

04-09-2024T08:31:52 - [MESSAGE][PASSED] - totalplay.Common.verifyPropertyExist is PASSED

04-09-2024T08:31:52 - [TEST_STEP][PASSED] - totalplay.Common.verifyPropertyValueExist(LoginResponse, refresh_token): totalplay.Common.verifyPropertyValueExist is PASSED

04-09-2024T08:31:52 - [MESSAGE][INFO] - Checking response object

04-09-2024T08:31:52 - [MESSAGE][INFO] - eldsW_rEC3tQevIiBF_ONqT4vHbcNosOVjMZlMobriQ

04-09-2024T08:31:52 - [MESSAGE][PASSED] - totalplay.Common.verifyPropertyValueExist is PASSED

04-09-2024T08:31:52 - [TEST_STEP][PASSED] - totalplay.Common.verifyPropertyExist(LoginResponse, customer_email): totalplay.Common.verifyPropertyExist is PASSED

04-09-2024T08:31:52 - [MESSAGE][INFO] - Checking response object

04-09-2024T08:31:52 - [MESSAGE][PASSED] - totalplay.Common.verifyPropertyExist is PASSED

04-09-2024T08:31:52 - [TEST_STEP][PASSED] - totalplay.Common.verifyPropertyValueExist(LoginResponse, customer_email): totalplay.Common.verifyPropertyValueExist is PASSED

04-09-2024T08:31:52 - [MESSAGE][INFO] - Checking response object

04-09-2024T08:31:53 - [MESSAGE][INFO] - cesar.waldo93@gmail.com

04-09-2024T08:31:53 - [MESSAGE][PASSED] - totalplay.Common.verifyPropertyValueExist is PASSED

04-09-2024T08:31:53 - [TEST_STEP][PASSED] - totalplay.Common.verifyPropertyExist(LoginResponse, customer_name): totalplay.Common.verifyPropertyExist is PASSED

04-09-2024T08:31:53 - [MESSAGE][INFO] - Checking response object

04-09-2024T08:31:53 - [MESSAGE][PASSED] - totalplay.Common.verifyPropertyExist is PASSED

04-09-2024T08:31:53 - [TEST_STEP][PASSED] - totalplay.Common.verifyPropertyValueExist(LoginResponse, customer_name): totalplay.Common.verifyPropertyValueExist is PASSED

04-09-2024T08:31:53 - [MESSAGE][INFO] - Checking response object

04-09-2024T08:31:53 - [MESSAGE][INFO] - CESAR GERARDO WALDO GONZALEZ

04-09-2024T08:31:53 - [MESSAGE][PASSED] - totalplay.Common.verifyPropertyValueExist is PASSED

04-09-2024T08:31:53 - [TEST_STEP][PASSED] - totalplay.Common.verifyPropertyExist(LoginResponse, c_brmId): totalplay.Common.verifyPropertyExist is PASSED

04-09-2024T08:31:53 - [MESSAGE][INFO] - Checking response object

04-09-2024T08:31:53 - [MESSAGE][PASSED] - totalplay.Common.verifyPropertyExist is PASSED

04-09-2024T08:31:53 - [TEST_STEP][PASSED] - totalplay.Common.verifyPropertyValueExist(LoginResponse, c_brmId): totalplay.Common.verifyPropertyValueExist is PASSED

04-09-2024T08:31:53 - [MESSAGE][INFO] - Checking response object

04-09-2024T08:31:53 - [MESSAGE][INFO] - 0106378356

04-09-2024T08:31:53 - [MESSAGE][PASSED] - totalplay.Common.verifyPropertyValueExist is PASSED

04-09-2024T08:31:53 - [MESSAGE][PASSED] - Call Test Case 'Test Cases/TotalPlay-Food/TC_1_Login_Service' successfully

04-09-2024T08:31:53 - [TEST_STEP][PASSED] - AddProductbasket = sendRequest(findTestObject("TotalPlay-Food/AddProductToBasket", ["URL":URL, "basketID":basketID])): Send request successfully

04-09-2024T08:31:53 - [MESSAGE][INFO] - Finding Test Object 'Object Repository/TotalPlay-Food/AddProductToBasket'

04-09-2024T08:31:53 - [MESSAGE][INFO] - Checking request object

04-09-2024T08:31:55 - [MESSAGE][INFO] - HAR: C:\Users\ShubhamKumarThakur\OneDrive - Kognivera\Documents\TotalPlay\totalplay-automation\Reports\20240904_082912\Food_Service_Normal_Flow_PlaceOrder\20240904_082912\requests\main\30.har

04-09-2024T08:31:55 - [MESSAGE][PASSED] - Send request successfully

04-09-2024T08:31:55 - [TEST_STEP][PASSED] - verifyResponseStatusCode(AddProductbasket, 200): Verify response status code successfully

04-09-2024T08:31:55 - [MESSAGE][INFO] - Checking response object

04-09-2024T08:31:55 - [MESSAGE][PASSED] - Verify response status code successfully

04-09-2024T08:31:55 - [TEST_STEP][PASSED] - getAddress = sendRequest(findTestObject("TotalPlay-Food/GetAddresses", ["URL":URL, "sla_customerId":sla_customerId, "shop_auth_token":shop_auth_token])): Send request successfully

04-09-2024T08:31:55 - [MESSAGE][INFO] - Finding Test Object 'Object Repository/TotalPlay-Food/GetAddresses'

04-09-2024T08:31:55 - [MESSAGE][INFO] - Checking request object

04-09-2024T08:31:55 - [MESSAGE][INFO] - HAR: C:\Users\ShubhamKumarThakur\OneDrive - Kognivera\Documents\TotalPlay\totalplay-automation\Reports\20240904_082912\Food_Service_Normal_Flow_PlaceOrder\20240904_082912\requests\main\31.har

04-09-2024T08:31:55 - [MESSAGE][PASSED] - Send request successfully

04-09-2024T08:31:55 - [TEST_STEP][PASSED] - verifyResponseStatusCode(getAddress, 200): Verify response status code successfully

04-09-2024T08:31:55 - [MESSAGE][INFO] - Checking response object

04-09-2024T08:31:55 - [MESSAGE][PASSED] - Verify response status code successfully

04-09-2024T08:31:55 - [TEST_STEP][PASSED] - AddAddressToCart = sendRequest(findTestObject("TotalPlay-Food/add address to cart", ["URL":URL, "basketID":basketID])): Send request successfully

04-09-2024T08:31:55 - [MESSAGE][INFO] - Finding Test Object 'Object Repository/TotalPlay-Food/add address to cart'

04-09-2024T08:31:56 - [MESSAGE][INFO] - Checking request object

04-09-2024T08:31:57 - [MESSAGE][INFO] - HAR: C:\Users\ShubhamKumarThakur\OneDrive - Kognivera\Documents\TotalPlay\totalplay-automation\Reports\20240904_082912\Food_Service_Normal_Flow_PlaceOrder\20240904_082912\requests\main\32.har

04-09-2024T08:31:57 - [MESSAGE][PASSED] - Send request successfully

04-09-2024T08:31:57 - [TEST_STEP][PASSED] - verifyResponseStatusCode(AddAddressToCart, 200): Verify response status code successfully

04-09-2024T08:31:57 - [MESSAGE][INFO] - Checking response object

04-09-2024T08:31:57 - [MESSAGE][PASSED] - Verify response status code successfully

04-09-2024T08:31:57 - [TEST_STEP][PASSED] - SetPayment_instruments = sendRequest(findTestObject("TotalPlay-Food/SetPayment_instruments - Credit Card", ["URL":URL, "basketID":FoodBasketId, "shop_auth_token":shop_auth_token, "orderTotal":orderTotal])): Send request successfully

04-09-2024T08:31:57 - [MESSAGE][INFO] - Finding Test Object 'Object Repository/TotalPlay-Food/SetPayment_instruments - Credit Card'

04-09-2024T08:31:58 - [MESSAGE][INFO] - Checking request object

04-09-2024T08:31:58 - [MESSAGE][INFO] - HAR: C:\Users\ShubhamKumarThakur\OneDrive - Kognivera\Documents\TotalPlay\totalplay-automation\Reports\20240904_082912\Food_Service_Normal_Flow_PlaceOrder\20240904_082912\requests\main\33.har

04-09-2024T08:31:58 - [MESSAGE][PASSED] - Send request successfully

04-09-2024T08:31:58 - [TEST_STEP][PASSED] - verifyResponseStatusCode(SetPayment_instruments, 200): Verify response status code successfully

04-09-2024T08:31:58 - [MESSAGE][INFO] - Checking response object

04-09-2024T08:31:58 - [MESSAGE][PASSED] - Verify response status code successfully

04-09-2024T08:31:58 - [TEST_STEP][PASSED] - PreAuth = sendRequest(findTestObject("TotalPlay-Food/Pre-Auth", ["URL":URL, "basketID":basketID])): Send request successfully

04-09-2024T08:31:58 - [MESSAGE][INFO] - Finding Test Object 'Object Repository/TotalPlay-Food/Pre-Auth'

04-09-2024T08:31:59 - [MESSAGE][INFO] - Checking request object

04-09-2024T08:32:03 - [MESSAGE][INFO] - HAR: C:\Users\ShubhamKumarThakur\OneDrive - Kognivera\Documents\TotalPlay\totalplay-automation\Reports\20240904_082912\Food_Service_Normal_Flow_PlaceOrder\20240904_082912\requests\main\34.har

04-09-2024T08:32:03 - [MESSAGE][PASSED] - Send request successfully

04-09-2024T08:32:03 - [TEST_STEP][PASSED] - verifyResponseStatusCode(PreAuth, 200): Verify response status code successfully

04-09-2024T08:32:03 - [MESSAGE][INFO] - Checking response object

04-09-2024T08:32:03 - [MESSAGE][PASSED] - Verify response status code successfully

04-09-2024T08:32:03 - [TEST_STEP][PASSED] - shipmentID = "[0].shipmentID": null

04-09-2024T08:32:03 - [TEST_STEP][PASSED] - paymentStatus = "[0].paymentStatus": null

04-09-2024T08:32:03 - [TEST_STEP][PASSED] - totalplay.Common.verifyPropertyExist(PreAuth, shipmentID): totalplay.Common.verifyPropertyExist is PASSED

04-09-2024T08:32:03 - [MESSAGE][INFO] - Checking response object

04-09-2024T08:32:03 - [MESSAGE][PASSED] - totalplay.Common.verifyPropertyExist is PASSED

04-09-2024T08:32:03 - [TEST_STEP][PASSED] - totalplay.Common.verifyPropertyValueExist(PreAuth, shipmentID): totalplay.Common.verifyPropertyValueExist is PASSED

04-09-2024T08:32:03 - [MESSAGE][INFO] - Checking response object

04-09-2024T08:32:03 - [MESSAGE][INFO] - me

04-09-2024T08:32:03 - [MESSAGE][PASSED] - totalplay.Common.verifyPropertyValueExist is PASSED

04-09-2024T08:32:03 - [TEST_STEP][PASSED] - totalplay.Common.verifyPropertyExist(PreAuth, paymentStatus): totalplay.Common.verifyPropertyExist is PASSED

04-09-2024T08:32:03 - [MESSAGE][INFO] - Checking response object

04-09-2024T08:32:03 - [MESSAGE][PASSED] - totalplay.Common.verifyPropertyExist is PASSED

04-09-2024T08:32:03 - [TEST_STEP][PASSED] - totalplay.Common.verifyPropertyValueExist(PreAuth, paymentStatus): totalplay.Common.verifyPropertyValueExist is PASSED

04-09-2024T08:32:03 - [MESSAGE][INFO] - Checking response object

04-09-2024T08:32:03 - [MESSAGE][INFO] - Success

04-09-2024T08:32:03 - [MESSAGE][PASSED] - totalplay.Common.verifyPropertyValueExist is PASSED]]></system-out>
         <system-err><![CDATA[]]></system-err>
      </testcase>
      <system-out><![CDATA[04-09-2024T08:29:20 - [TEST_SUITE][PASSED] - Food_Service_Normal_Flow_PlaceOrder: Test Cases/TotalPlay-Food/TC_21_Pre- Auth Payments]]></system-out>
      <system-err><![CDATA[]]></system-err>
   </testsuite>
</testsuites>
